# JRE version: Java(TM) SE Runtime Environment (8.0_202-b08) (build 1.8.0_202-b08)
# Java VM: Java HotSpot(TM) 64-Bit Server VM (25.202-b08 mixed mode windows-amd64 compressed oops)
Heap:
 PSYoungGen      total 228352K, used 117084K [0x000000076c700000, 0x000000077e800000, 0x00000007c0000000)
  eden space 212992K, 49% used [0x000000076c700000,0x0000000772cf7e18,0x0000000779700000)
  from space 15360K, 82% used [0x0000000779700000,0x000000077a35f5d8,0x000000077a600000)
  to   space 15872K, 0% used [0x000000077d880000,0x000000077d880000,0x000000077e800000)
 ParOldGen       total 159232K, used 15164K [0x00000006c5400000, 0x00000006cef80000, 0x000000076c700000)
  object space 159232K, 9% used [0x00000006c5400000,0x00000006c62cf110,0x00000006cef80000)
 Metaspace       used 52210K, capacity 54590K, committed 54912K, reserved 1097728K
  class space    used 6486K, capacity 7191K, committed 7296K, reserved 1048576K
GC Heap History (10 events):
Event: 2.760 GC heap before
{Heap before GC invocations=7 (full 1):
 PSYoungGen      total 137728K, used 31258K [0x000000076c700000, 0x0000000776f80000, 0x00000007c0000000)
  eden space 126976K, 16% used [0x000000076c700000,0x000000076db07498,0x0000000774300000)
  from space 10752K, 99% used [0x0000000774300000,0x0000000774d7f5b8,0x0000000774d80000)
  to   space 13312K, 0% used [0x0000000776280000,0x0000000776280000,0x0000000776f80000)
 ParOldGen       total 103936K, used 10430K [0x00000006c5400000, 0x00000006cb980000, 0x000000076c700000)
  object space 103936K, 10% used [0x00000006c5400000,0x00000006c5e2f8f0,0x00000006cb980000)
 Metaspace       used 34507K, capacity 35314K, committed 35456K, reserved 1081344K
  class space    used 4143K, capacity 4405K, committed 4480K, reserved 1048576K
Event: 2.769 GC heap after
Heap after GC invocations=7 (full 1):
 PSYoungGen      total 158720K, used 10898K [0x000000076c700000, 0x000000077b380000, 0x00000007c0000000)
  eden space 145408K, 0% used [0x000000076c700000,0x000000076c700000,0x0000000775500000)
  from space 13312K, 81% used [0x0000000776280000,0x0000000776d24a60,0x0000000776f80000)
  to   space 13824K, 0% used [0x0000000775500000,0x0000000775500000,0x0000000776280000)
 ParOldGen       total 103936K, used 10438K [0x00000006c5400000, 0x00000006cb980000, 0x000000076c700000)
  object space 103936K, 10% used [0x00000006c5400000,0x00000006c5e318f0,0x00000006cb980000)
 Metaspace       used 34507K, capacity 35314K, committed 35456K, reserved 1081344K
  class space    used 4143K, capacity 4405K, committed 4480K, reserved 1048576K
}
Event: 2.769 GC heap before
{Heap before GC invocations=8 (full 2):
 PSYoungGen      total 158720K, used 10898K [0x000000076c700000, 0x000000077b380000, 0x00000007c0000000)
  eden space 145408K, 0% used [0x000000076c700000,0x000000076c700000,0x0000000775500000)
  from space 13312K, 81% used [0x0000000776280000,0x0000000776d24a60,0x0000000776f80000)
  to   space 13824K, 0% used [0x0000000775500000,0x0000000775500000,0x0000000776280000)
 ParOldGen       total 103936K, used 10438K [0x00000006c5400000, 0x00000006cb980000, 0x000000076c700000)
  object space 103936K, 10% used [0x00000006c5400000,0x00000006c5e318f0,0x00000006cb980000)
 Metaspace       used 34507K, capacity 35314K, committed 35456K, reserved 1081344K
  class space    used 4143K, capacity 4405K, committed 4480K, reserved 1048576K
Event: 2.816 GC heap after
Heap after GC invocations=8 (full 2):
 PSYoungGen      total 158720K, used 0K [0x000000076c700000, 0x000000077b380000, 0x00000007c0000000)
  eden space 145408K, 0% used [0x000000076c700000,0x000000076c700000,0x0000000775500000)
  from space 13312K, 0% used [0x0000000776280000,0x0000000776280000,0x0000000776f80000)
  to   space 13824K, 0% used [0x0000000775500000,0x0000000775500000,0x0000000776280000)
 ParOldGen       total 159232K, used 15140K [0x00000006c5400000, 0x00000006cef80000, 0x000000076c700000)
  object space 159232K, 9% used [0x00000006c5400000,0x00000006c62c9110,0x00000006cef80000)
 Metaspace       used 34504K, capacity 35308K, committed 35456K, reserved 1081344K
  class space    used 4142K, capacity 4403K, committed 4480K, reserved 1048576K
}
Event: 4.455 GC heap before
{Heap before GC invocations=9 (full 2):
 PSYoungGen      total 158720K, used 145408K [0x000000076c700000, 0x000000077b380000, 0x00000007c0000000)
  eden space 145408K, 100% used [0x000000076c700000,0x0000000775500000,0x0000000775500000)
  from space 13312K, 0% used [0x0000000776280000,0x0000000776280000,0x0000000776f80000)
  to   space 13824K, 0% used [0x0000000775500000,0x0000000775500000,0x0000000776280000)
 ParOldGen       total 159232K, used 15140K [0x00000006c5400000, 0x00000006cef80000, 0x000000076c700000)
  object space 159232K, 9% used [0x00000006c5400000,0x00000006c62c9110,0x00000006cef80000)
 Metaspace       used 40172K, capacity 41886K, committed 42240K, reserved 1085440K
  class space    used 4983K, capacity 5532K, committed 5632K, reserved 1048576K
Event: 4.463 GC heap after
Heap after GC invocations=9 (full 2):
 PSYoungGen      total 159232K, used 10038K [0x000000076c700000, 0x000000077b500000, 0x00000007c0000000)
  eden space 145408K, 0% used [0x000000076c700000,0x000000076c700000,0x0000000775500000)
  from space 13824K, 72% used [0x0000000775500000,0x0000000775ecdbe8,0x0000000776280000)
  to   space 13824K, 0% used [0x000000077a780000,0x000000077a780000,0x000000077b500000)
 ParOldGen       total 159232K, used 15148K [0x00000006c5400000, 0x00000006cef80000, 0x000000076c700000)
  object space 159232K, 9% used [0x00000006c5400000,0x00000006c62cb110,0x00000006cef80000)
 Metaspace       used 40172K, capacity 41886K, committed 42240K, reserved 1085440K
  class space    used 4983K, capacity 5532K, committed 5632K, reserved 1048576K
}
Event: 5.317 GC heap before
{Heap before GC invocations=10 (full 2):
 PSYoungGen      total 159232K, used 155446K [0x000000076c700000, 0x000000077b500000, 0x00000007c0000000)
  eden space 145408K, 100% used [0x000000076c700000,0x0000000775500000,0x0000000775500000)
  from space 13824K, 72% used [0x0000000775500000,0x0000000775ecdbe8,0x0000000776280000)
  to   space 13824K, 0% used [0x000000077a780000,0x000000077a780000,0x000000077b500000)
 ParOldGen       total 159232K, used 15148K [0x00000006c5400000, 0x00000006cef80000, 0x000000076c700000)
  object space 159232K, 9% used [0x00000006c5400000,0x00000006c62cb110,0x00000006cef80000)
 Metaspace       used 45154K, capacity 47220K, committed 47360K, reserved 1089536K
  class space    used 5691K, capacity 6329K, committed 6400K, reserved 1048576K
Event: 5.326 GC heap after
Heap after GC invocations=10 (full 2):
 PSYoungGen      total 224768K, used 13791K [0x000000076c700000, 0x000000077b500000, 0x00000007c0000000)
  eden space 210944K, 0% used [0x000000076c700000,0x000000076c700000,0x0000000779500000)
  from space 13824K, 99% used [0x000000077a780000,0x000000077b4f7d78,0x000000077b500000)
  to   space 15360K, 0% used [0x0000000779700000,0x0000000779700000,0x000000077a600000)
 ParOldGen       total 159232K, used 15156K [0x00000006c5400000, 0x00000006cef80000, 0x000000076c700000)
  object space 159232K, 9% used [0x00000006c5400000,0x00000006c62cd110,0x00000006cef80000)
 Metaspace       used 45154K, capacity 47220K, committed 47360K, reserved 1089536K
  class space    used 5691K, capacity 6329K, committed 6400K, reserved 1048576K
}
Event: 6.170 GC heap before
{Heap before GC invocations=11 (full 2):
 PSYoungGen      total 224768K, used 224735K [0x000000076c700000, 0x000000077b500000, 0x00000007c0000000)
  eden space 210944K, 100% used [0x000000076c700000,0x0000000779500000,0x0000000779500000)
  from space 13824K, 99% used [0x000000077a780000,0x000000077b4f7d78,0x000000077b500000)
  to   space 15360K, 0% used [0x0000000779700000,0x0000000779700000,0x000000077a600000)
 ParOldGen       total 159232K, used 15156K [0x00000006c5400000, 0x00000006cef80000, 0x000000076c700000)
  object space 159232K, 9% used [0x00000006c5400000,0x00000006c62cd110,0x00000006cef80000)
 Metaspace       used 48000K, capacity 50108K, committed 50304K, reserved 1093632K
  class space    used 6034K, capacity 6671K, committed 6784K, reserved 1048576K
Event: 6.179 GC heap after
Heap after GC invocations=11 (full 2):
 PSYoungGen      total 228352K, used 12669K [0x000000076c700000, 0x000000077e800000, 0x00000007c0000000)
  eden space 212992K, 0% used [0x000000076c700000,0x000000076c700000,0x0000000779700000)
  from space 15360K, 82% used [0x0000000779700000,0x000000077a35f5d8,0x000000077a600000)
  to   space 15872K, 0% used [0x000000077d880000,0x000000077d880000,0x000000077e800000)
 ParOldGen       total 159232K, used 15164K [0x00000006c5400000, 0x00000006cef80000, 0x000000076c700000)
  object space 159232K, 9% used [0x00000006c5400000,0x00000006c62cf110,0x00000006cef80000)
 Metaspace       used 48000K, capacity 50108K, committed 50304K, reserved 1093632K
  class space    used 6034K, capacity 6671K, committed 6784K, reserved 1048576K
}

