# JRE version: Java(TM) SE Runtime Environment (8.0_202-b08) (build 1.8.0_202-b08)
# Java VM: Java HotSpot(TM) 64-Bit Server VM (25.202-b08 mixed mode windows-amd64 compressed oops)
Heap:
 PSYoungGen      total 164352K, used 21431K [0x000000076c700000, 0x0000000779880000, 0x00000007c0000000)
  eden space 150528K, 5% used [0x000000076c700000,0x000000076ce75e28,0x0000000775a00000)
  from space 13824K, 99% used [0x0000000776900000,0x0000000777678110,0x0000000777680000)
  to   space 15360K, 0% used [0x0000000775a00000,0x0000000775a00000,0x0000000776900000)
 ParOldGen       total 101376K, used 15146K [0x00000006c5400000, 0x00000006cb700000, 0x000000076c700000)
  object space 101376K, 14% used [0x00000006c5400000,0x00000006c62ca8a0,0x00000006cb700000)
 Metaspace       used 44914K, capacity 46994K, committed 47104K, reserved 1089536K
  class space    used 5700K, capacity 6326K, committed 6400K, reserved 1048576K
GC Heap History (10 events):
Event: 2.793 GC heap before
{Heap before GC invocations=6 (full 1):
 PSYoungGen      total 107008K, used 106543K [0x000000076c700000, 0x0000000775800000, 0x00000007c0000000)
  eden space 98304K, 100% used [0x000000076c700000,0x0000000772700000,0x0000000772700000)
  from space 8704K, 94% used [0x0000000774f80000,0x000000077578bc80,0x0000000775800000)
  to   space 10752K, 0% used [0x0000000774300000,0x0000000774300000,0x0000000774d80000)
 ParOldGen       total 101376K, used 6854K [0x00000006c5400000, 0x00000006cb700000, 0x000000076c700000)
  object space 101376K, 6% used [0x00000006c5400000,0x00000006c5ab19a0,0x00000006cb700000)
 Metaspace       used 33743K, capacity 34458K, committed 34688K, reserved 1079296K
  class space    used 4034K, capacity 4207K, committed 4224K, reserved 1048576K
Event: 2.804 GC heap after
Heap after GC invocations=6 (full 1):
 PSYoungGen      total 137728K, used 10723K [0x000000076c700000, 0x0000000777680000, 0x00000007c0000000)
  eden space 126976K, 0% used [0x000000076c700000,0x000000076c700000,0x0000000774300000)
  from space 10752K, 99% used [0x0000000774300000,0x0000000774d78d40,0x0000000774d80000)
  to   space 13824K, 0% used [0x0000000776900000,0x0000000776900000,0x0000000777680000)
 ParOldGen       total 101376K, used 10551K [0x00000006c5400000, 0x00000006cb700000, 0x000000076c700000)
  object space 101376K, 10% used [0x00000006c5400000,0x00000006c5e4deb0,0x00000006cb700000)
 Metaspace       used 33743K, capacity 34458K, committed 34688K, reserved 1079296K
  class space    used 4034K, capacity 4207K, committed 4224K, reserved 1048576K
}
Event: 2.925 GC heap before
{Heap before GC invocations=7 (full 1):
 PSYoungGen      total 137728K, used 31083K [0x000000076c700000, 0x0000000777680000, 0x00000007c0000000)
  eden space 126976K, 16% used [0x000000076c700000,0x000000076dae1ef0,0x0000000774300000)
  from space 10752K, 99% used [0x0000000774300000,0x0000000774d78d40,0x0000000774d80000)
  to   space 13824K, 0% used [0x0000000776900000,0x0000000776900000,0x0000000777680000)
 ParOldGen       total 101376K, used 10551K [0x00000006c5400000, 0x00000006cb700000, 0x000000076c700000)
  object space 101376K, 10% used [0x00000006c5400000,0x00000006c5e4deb0,0x00000006cb700000)
 Metaspace       used 34540K, capacity 35444K, committed 35496K, reserved 1081344K
  class space    used 4159K, capacity 4428K, committed 4480K, reserved 1048576K
Event: 2.938 GC heap after
Heap after GC invocations=7 (full 1):
 PSYoungGen      total 140800K, used 11122K [0x000000076c700000, 0x0000000777680000, 0x00000007c0000000)
  eden space 126976K, 0% used [0x000000076c700000,0x000000076c700000,0x0000000774300000)
  from space 13824K, 80% used [0x0000000776900000,0x00000007773dca90,0x0000000777680000)
  to   space 10752K, 0% used [0x0000000774300000,0x0000000774300000,0x0000000774d80000)
 ParOldGen       total 101376K, used 10559K [0x00000006c5400000, 0x00000006cb700000, 0x000000076c700000)
  object space 101376K, 10% used [0x00000006c5400000,0x00000006c5e4feb0,0x00000006cb700000)
 Metaspace       used 34540K, capacity 35444K, committed 35496K, reserved 1081344K
  class space    used 4159K, capacity 4428K, committed 4480K, reserved 1048576K
}
Event: 2.938 GC heap before
{Heap before GC invocations=8 (full 2):
 PSYoungGen      total 140800K, used 11122K [0x000000076c700000, 0x0000000777680000, 0x00000007c0000000)
  eden space 126976K, 0% used [0x000000076c700000,0x000000076c700000,0x0000000774300000)
  from space 13824K, 80% used [0x0000000776900000,0x00000007773dca90,0x0000000777680000)
  to   space 10752K, 0% used [0x0000000774300000,0x0000000774300000,0x0000000774d80000)
 ParOldGen       total 101376K, used 10559K [0x00000006c5400000, 0x00000006cb700000, 0x000000076c700000)
  object space 101376K, 10% used [0x00000006c5400000,0x00000006c5e4feb0,0x00000006cb700000)
 Metaspace       used 34540K, capacity 35444K, committed 35496K, reserved 1081344K
  class space    used 4159K, capacity 4428K, committed 4480K, reserved 1048576K
Event: 3.001 GC heap after
Heap after GC invocations=8 (full 2):
 PSYoungGen      total 140800K, used 0K [0x000000076c700000, 0x0000000777680000, 0x00000007c0000000)
  eden space 126976K, 0% used [0x000000076c700000,0x000000076c700000,0x0000000774300000)
  from space 13824K, 0% used [0x0000000776900000,0x0000000776900000,0x0000000777680000)
  to   space 10752K, 0% used [0x0000000774300000,0x0000000774300000,0x0000000774d80000)
 ParOldGen       total 101376K, used 15092K [0x00000006c5400000, 0x00000006cb700000, 0x000000076c700000)
  object space 101376K, 14% used [0x00000006c5400000,0x00000006c62bd328,0x00000006cb700000)
 Metaspace       used 34538K, capacity 35438K, committed 35496K, reserved 1081344K
  class space    used 4159K, capacity 4426K, committed 4480K, reserved 1048576K
}
Event: 5.039 GC heap before
{Heap before GC invocations=9 (full 2):
 PSYoungGen      total 140800K, used 126976K [0x000000076c700000, 0x0000000777680000, 0x00000007c0000000)
  eden space 126976K, 100% used [0x000000076c700000,0x0000000774300000,0x0000000774300000)
  from space 13824K, 0% used [0x0000000776900000,0x0000000776900000,0x0000000777680000)
  to   space 10752K, 0% used [0x0000000774300000,0x0000000774300000,0x0000000774d80000)
 ParOldGen       total 101376K, used 15092K [0x00000006c5400000, 0x00000006cb700000, 0x000000076c700000)
  object space 101376K, 14% used [0x00000006c5400000,0x00000006c62bd328,0x00000006cb700000)
 Metaspace       used 39822K, capacity 41330K, committed 41472K, reserved 1085440K
  class space    used 4907K, capacity 5343K, committed 5376K, reserved 1048576K
Event: 5.046 GC heap after
Heap after GC invocations=9 (full 2):
 PSYoungGen      total 137728K, used 8700K [0x000000076c700000, 0x0000000777680000, 0x00000007c0000000)
  eden space 126976K, 0% used [0x000000076c700000,0x000000076c700000,0x0000000774300000)
  from space 10752K, 80% used [0x0000000774300000,0x0000000774b7f180,0x0000000774d80000)
  to   space 13824K, 0% used [0x0000000776900000,0x0000000776900000,0x0000000777680000)
 ParOldGen       total 101376K, used 15100K [0x00000006c5400000, 0x00000006cb700000, 0x000000076c700000)
  object space 101376K, 14% used [0x00000006c5400000,0x00000006c62bf328,0x00000006cb700000)
 Metaspace       used 39822K, capacity 41330K, committed 41472K, reserved 1085440K
  class space    used 4907K, capacity 5343K, committed 5376K, reserved 1048576K
}
Event: 5.821 GC heap before
{Heap before GC invocations=10 (full 2):
 PSYoungGen      total 137728K, used 135676K [0x000000076c700000, 0x0000000777680000, 0x00000007c0000000)
  eden space 126976K, 100% used [0x000000076c700000,0x0000000774300000,0x0000000774300000)
  from space 10752K, 80% used [0x0000000774300000,0x0000000774b7f180,0x0000000774d80000)
  to   space 13824K, 0% used [0x0000000776900000,0x0000000776900000,0x0000000777680000)
 ParOldGen       total 101376K, used 15100K [0x00000006c5400000, 0x00000006cb700000, 0x000000076c700000)
  object space 101376K, 14% used [0x00000006c5400000,0x00000006c62bf328,0x00000006cb700000)
 Metaspace       used 44833K, capacity 46866K, committed 47104K, reserved 1089536K
  class space    used 5690K, capacity 6326K, committed 6400K, reserved 1048576K
Event: 5.832 GC heap after
Heap after GC invocations=10 (full 2):
 PSYoungGen      total 164352K, used 13792K [0x000000076c700000, 0x0000000779880000, 0x00000007c0000000)
  eden space 150528K, 0% used [0x000000076c700000,0x000000076c700000,0x0000000775a00000)
  from space 13824K, 99% used [0x0000000776900000,0x0000000777678110,0x0000000777680000)
  to   space 15360K, 0% used [0x0000000775a00000,0x0000000775a00000,0x0000000776900000)
 ParOldGen       total 101376K, used 15146K [0x00000006c5400000, 0x00000006cb700000, 0x000000076c700000)
  object space 101376K, 14% used [0x00000006c5400000,0x00000006c62ca8a0,0x00000006cb700000)
 Metaspace       used 44833K, capacity 46866K, committed 47104K, reserved 1089536K
  class space    used 5690K, capacity 6326K, committed 6400K, reserved 1048576K
}

