# JRE version: Java(TM) SE Runtime Environment (8.0_202-b08) (build 1.8.0_202-b08)
# Java VM: Java HotSpot(TM) 64-Bit Server VM (25.202-b08 mixed mode windows-amd64 compressed oops)
Heap:
 PSYoungGen      total 271872K, used 53359K [0x000000076c700000, 0x0000000780680000, 0x00000007c0000000)
  eden space 253952K, 15% used [0x000000076c700000,0x000000076ec8d260,0x000000077bf00000)
  from space 17920K, 83% used [0x000000077bf00000,0x000000077cd8ebc8,0x000000077d080000)
  to   space 18944K, 0% used [0x000000077f400000,0x000000077f400000,0x0000000780680000)
 ParOldGen       total 165376K, used 18436K [0x00000006c5400000, 0x00000006cf580000, 0x000000076c700000)
  object space 165376K, 11% used [0x00000006c5400000,0x00000006c66012d8,0x00000006cf580000)
 Metaspace       used 54779K, capacity 57684K, committed 57728K, reserved 1099776K
  class space    used 6722K, capacity 7538K, committed 7552K, reserved 1048576K
GC Heap History (10 events):
Event: 10.035 GC heap before
{Heap before GC invocations=9 (full 2):
 PSYoungGen      total 171520K, used 158208K [0x000000076c700000, 0x000000077b300000, 0x00000007c0000000)
  eden space 158208K, 100% used [0x000000076c700000,0x0000000776180000,0x0000000776180000)
  from space 13312K, 0% used [0x0000000776f00000,0x0000000776f00000,0x0000000777c00000)
  to   space 13824K, 0% used [0x0000000776180000,0x0000000776180000,0x0000000776f00000)
 ParOldGen       total 165376K, used 15272K [0x00000006c5400000, 0x00000006cf580000, 0x000000076c700000)
  object space 165376K, 9% used [0x00000006c5400000,0x00000006c62ea1b0,0x00000006cf580000)
 Metaspace       used 40264K, capacity 41992K, committed 42240K, reserved 1085440K
  class space    used 5015K, capacity 5556K, committed 5632K, reserved 1048576K
Event: 10.052 GC heap after
Heap after GC invocations=9 (full 2):
 PSYoungGen      total 172032K, used 10363K [0x000000076c700000, 0x000000077ba00000, 0x00000007c0000000)
  eden space 158208K, 0% used [0x000000076c700000,0x000000076c700000,0x0000000776180000)
  from space 13824K, 74% used [0x0000000776180000,0x0000000776b9ed28,0x0000000776f00000)
  to   space 13824K, 0% used [0x000000077ac80000,0x000000077ac80000,0x000000077ba00000)
 ParOldGen       total 165376K, used 15280K [0x00000006c5400000, 0x00000006cf580000, 0x000000076c700000)
  object space 165376K, 9% used [0x00000006c5400000,0x00000006c62ec1b0,0x00000006cf580000)
 Metaspace       used 40264K, capacity 41992K, committed 42240K, reserved 1085440K
  class space    used 5015K, capacity 5556K, committed 5632K, reserved 1048576K
}
Event: 12.570 GC heap before
{Heap before GC invocations=10 (full 2):
 PSYoungGen      total 172032K, used 168571K [0x000000076c700000, 0x000000077ba00000, 0x00000007c0000000)
  eden space 158208K, 100% used [0x000000076c700000,0x0000000776180000,0x0000000776180000)
  from space 13824K, 74% used [0x0000000776180000,0x0000000776b9ed28,0x0000000776f00000)
  to   space 13824K, 0% used [0x000000077ac80000,0x000000077ac80000,0x000000077ba00000)
 ParOldGen       total 165376K, used 15280K [0x00000006c5400000, 0x00000006cf580000, 0x000000076c700000)
  object space 165376K, 9% used [0x00000006c5400000,0x00000006c62ec1b0,0x00000006cf580000)
 Metaspace       used 46159K, capacity 48200K, committed 48512K, reserved 1091584K
  class space    used 5813K, capacity 6427K, committed 6528K, reserved 1048576K
Event: 12.590 GC heap after
Heap after GC invocations=10 (full 2):
 PSYoungGen      total 228352K, used 13800K [0x000000076c700000, 0x000000077ba00000, 0x00000007c0000000)
  eden space 214528K, 0% used [0x000000076c700000,0x000000076c700000,0x0000000779880000)
  from space 13824K, 99% used [0x000000077ac80000,0x000000077b9fa0d8,0x000000077ba00000)
  to   space 15872K, 0% used [0x0000000779b00000,0x0000000779b00000,0x000000077aa80000)
 ParOldGen       total 165376K, used 16517K [0x00000006c5400000, 0x00000006cf580000, 0x000000076c700000)
  object space 165376K, 9% used [0x00000006c5400000,0x00000006c64215c0,0x00000006cf580000)
 Metaspace       used 46159K, capacity 48200K, committed 48512K, reserved 1091584K
  class space    used 5813K, capacity 6427K, committed 6528K, reserved 1048576K
}
Event: 14.170 GC heap before
{Heap before GC invocations=11 (full 2):
 PSYoungGen      total 228352K, used 228328K [0x000000076c700000, 0x000000077ba00000, 0x00000007c0000000)
  eden space 214528K, 100% used [0x000000076c700000,0x0000000779880000,0x0000000779880000)
  from space 13824K, 99% used [0x000000077ac80000,0x000000077b9fa0d8,0x000000077ba00000)
  to   space 15872K, 0% used [0x0000000779b00000,0x0000000779b00000,0x000000077aa80000)
 ParOldGen       total 165376K, used 16517K [0x00000006c5400000, 0x00000006cf580000, 0x000000076c700000)
  object space 165376K, 9% used [0x00000006c5400000,0x00000006c64215c0,0x00000006cf580000)
 Metaspace       used 46786K, capacity 48866K, committed 49024K, reserved 1091584K
  class space    used 5827K, capacity 6452K, committed 6528K, reserved 1048576K
Event: 14.184 GC heap after
Heap after GC invocations=11 (full 2):
 PSYoungGen      total 232960K, used 10959K [0x000000076c700000, 0x000000077e080000, 0x00000007c0000000)
  eden space 217088K, 0% used [0x000000076c700000,0x000000076c700000,0x0000000779b00000)
  from space 15872K, 69% used [0x0000000779b00000,0x000000077a5b3d28,0x000000077aa80000)
  to   space 15872K, 0% used [0x000000077d100000,0x000000077d100000,0x000000077e080000)
 ParOldGen       total 165376K, used 16525K [0x00000006c5400000, 0x00000006cf580000, 0x000000076c700000)
  object space 165376K, 9% used [0x00000006c5400000,0x00000006c64235c0,0x00000006cf580000)
 Metaspace       used 46786K, capacity 48866K, committed 49024K, reserved 1091584K
  class space    used 5827K, capacity 6452K, committed 6528K, reserved 1048576K
}
Event: 19.283 GC heap before
{Heap before GC invocations=12 (full 2):
 PSYoungGen      total 232960K, used 228047K [0x000000076c700000, 0x000000077e080000, 0x00000007c0000000)
  eden space 217088K, 100% used [0x000000076c700000,0x0000000779b00000,0x0000000779b00000)
  from space 15872K, 69% used [0x0000000779b00000,0x000000077a5b3d28,0x000000077aa80000)
  to   space 15872K, 0% used [0x000000077d100000,0x000000077d100000,0x000000077e080000)
 ParOldGen       total 165376K, used 16525K [0x00000006c5400000, 0x00000006cf580000, 0x000000076c700000)
  object space 165376K, 9% used [0x00000006c5400000,0x00000006c64235c0,0x00000006cf580000)
 Metaspace       used 53582K, capacity 55986K, committed 56320K, reserved 1097728K
  class space    used 6616K, capacity 7335K, committed 7424K, reserved 1048576K
Event: 19.311 GC heap after
Heap after GC invocations=12 (full 2):
 PSYoungGen      total 269824K, used 15867K [0x000000076c700000, 0x000000077e200000, 0x00000007c0000000)
  eden space 253952K, 0% used [0x000000076c700000,0x000000076c700000,0x000000077bf00000)
  from space 15872K, 99% used [0x000000077d100000,0x000000077e07eea0,0x000000077e080000)
  to   space 17920K, 0% used [0x000000077bf00000,0x000000077bf00000,0x000000077d080000)
 ParOldGen       total 165376K, used 18428K [0x00000006c5400000, 0x00000006cf580000, 0x000000076c700000)
  object space 165376K, 11% used [0x00000006c5400000,0x00000006c65ff2d8,0x00000006cf580000)
 Metaspace       used 53582K, capacity 55986K, committed 56320K, reserved 1097728K
  class space    used 6616K, capacity 7335K, committed 7424K, reserved 1048576K
}
Event: 40.750 GC heap before
{Heap before GC invocations=13 (full 2):
 PSYoungGen      total 269824K, used 269819K [0x000000076c700000, 0x000000077e200000, 0x00000007c0000000)
  eden space 253952K, 100% used [0x000000076c700000,0x000000077bf00000,0x000000077bf00000)
  from space 15872K, 99% used [0x000000077d100000,0x000000077e07eea0,0x000000077e080000)
  to   space 17920K, 0% used [0x000000077bf00000,0x000000077bf00000,0x000000077d080000)
 ParOldGen       total 165376K, used 18428K [0x00000006c5400000, 0x00000006cf580000, 0x000000076c700000)
  object space 165376K, 11% used [0x00000006c5400000,0x00000006c65ff2d8,0x00000006cf580000)
 Metaspace       used 54665K, capacity 57572K, committed 57728K, reserved 1099776K
  class space    used 6716K, capacity 7525K, committed 7552K, reserved 1048576K
Event: 40.768 GC heap after
Heap after GC invocations=13 (full 2):
 PSYoungGen      total 271872K, used 14906K [0x000000076c700000, 0x0000000780680000, 0x00000007c0000000)
  eden space 253952K, 0% used [0x000000076c700000,0x000000076c700000,0x000000077bf00000)
  from space 17920K, 83% used [0x000000077bf00000,0x000000077cd8ebc8,0x000000077d080000)
  to   space 18944K, 0% used [0x000000077f400000,0x000000077f400000,0x0000000780680000)
 ParOldGen       total 165376K, used 18436K [0x00000006c5400000, 0x00000006cf580000, 0x000000076c700000)
  object space 165376K, 11% used [0x00000006c5400000,0x00000006c66012d8,0x00000006cf580000)
 Metaspace       used 54665K, capacity 57572K, committed 57728K, reserved 1099776K
  class space    used 6716K, capacity 7525K, committed 7552K, reserved 1048576K
}

