# JRE version: Java(TM) SE Runtime Environment (8.0_202-b08) (build 1.8.0_202-b08)
# Java VM: Java HotSpot(TM) 64-Bit Server VM (25.202-b08 mixed mode windows-amd64 compressed oops)
Heap:
 PSYoungGen      total 257536K, used 191607K [0x000000076c700000, 0x000000077d300000, 0x00000007c0000000)
  eden space 242176K, 72% used [0x000000076c700000,0x0000000777321c58,0x000000077b380000)
  from space 15360K, 99% used [0x000000077b500000,0x000000077c3fbff0,0x000000077c400000)
  to   space 11776K, 0% used [0x000000077c780000,0x000000077c780000,0x000000077d300000)
 ParOldGen       total 165376K, used 17223K [0x00000006c5400000, 0x00000006cf580000, 0x000000076c700000)
  object space 165376K, 10% used [0x00000006c5400000,0x00000006c64d1e00,0x00000006cf580000)
 Metaspace       used 54746K, capacity 57584K, committed 57728K, reserved 1099776K
  class space    used 6717K, capacity 7525K, committed 7552K, reserved 1048576K
GC Heap History (10 events):
Event: 5.254 GC heap before
{Heap before GC invocations=9 (full 2):
 PSYoungGen      total 155648K, used 142336K [0x000000076c700000, 0x000000077af00000, 0x00000007c0000000)
  eden space 142336K, 100% used [0x000000076c700000,0x0000000775200000,0x0000000775200000)
  from space 13312K, 0% used [0x0000000776000000,0x0000000776000000,0x0000000776d00000)
  to   space 14336K, 0% used [0x0000000775200000,0x0000000775200000,0x0000000776000000)
 ParOldGen       total 165376K, used 15374K [0x00000006c5400000, 0x00000006cf580000, 0x000000076c700000)
  object space 165376K, 9% used [0x00000006c5400000,0x00000006c63038f8,0x00000006cf580000)
 Metaspace       used 40173K, capacity 41932K, committed 42240K, reserved 1085440K
  class space    used 4985K, capacity 5531K, committed 5632K, reserved 1048576K
Event: 5.262 GC heap after
Heap after GC invocations=9 (full 2):
 PSYoungGen      total 156672K, used 9958K [0x000000076c700000, 0x000000077aa00000, 0x00000007c0000000)
  eden space 142336K, 0% used [0x000000076c700000,0x000000076c700000,0x0000000775200000)
  from space 14336K, 69% used [0x0000000775200000,0x0000000775bb9b20,0x0000000776000000)
  to   space 13824K, 0% used [0x0000000779c80000,0x0000000779c80000,0x000000077aa00000)
 ParOldGen       total 165376K, used 15382K [0x00000006c5400000, 0x00000006cf580000, 0x000000076c700000)
  object space 165376K, 9% used [0x00000006c5400000,0x00000006c63058f8,0x00000006cf580000)
 Metaspace       used 40173K, capacity 41932K, committed 42240K, reserved 1085440K
  class space    used 4985K, capacity 5531K, committed 5632K, reserved 1048576K
}
Event: 6.139 GC heap before
{Heap before GC invocations=10 (full 2):
 PSYoungGen      total 156672K, used 152294K [0x000000076c700000, 0x000000077aa00000, 0x00000007c0000000)
  eden space 142336K, 100% used [0x000000076c700000,0x0000000775200000,0x0000000775200000)
  from space 14336K, 69% used [0x0000000775200000,0x0000000775bb9b20,0x0000000776000000)
  to   space 13824K, 0% used [0x0000000779c80000,0x0000000779c80000,0x000000077aa00000)
 ParOldGen       total 165376K, used 15382K [0x00000006c5400000, 0x00000006cf580000, 0x000000076c700000)
  object space 165376K, 9% used [0x00000006c5400000,0x00000006c63058f8,0x00000006cf580000)
 Metaspace       used 46003K, capacity 48024K, committed 48256K, reserved 1091584K
  class space    used 5812K, capacity 6427K, committed 6528K, reserved 1048576K
Event: 6.149 GC heap after
Heap after GC invocations=10 (full 2):
 PSYoungGen      total 215040K, used 13792K [0x000000076c700000, 0x000000077aa00000, 0x00000007c0000000)
  eden space 201216K, 0% used [0x000000076c700000,0x000000076c700000,0x0000000778b80000)
  from space 13824K, 99% used [0x0000000779c80000,0x000000077a9f8268,0x000000077aa00000)
  to   space 15360K, 0% used [0x0000000778c00000,0x0000000778c00000,0x0000000779b00000)
 ParOldGen       total 165376K, used 15635K [0x00000006c5400000, 0x00000006cf580000, 0x000000076c700000)
  object space 165376K, 9% used [0x00000006c5400000,0x00000006c6344cf8,0x00000006cf580000)
 Metaspace       used 46003K, capacity 48024K, committed 48256K, reserved 1091584K
  class space    used 5812K, capacity 6427K, committed 6528K, reserved 1048576K
}
Event: 6.988 GC heap before
{Heap before GC invocations=11 (full 2):
 PSYoungGen      total 215040K, used 215008K [0x000000076c700000, 0x000000077aa00000, 0x00000007c0000000)
  eden space 201216K, 100% used [0x000000076c700000,0x0000000778b80000,0x0000000778b80000)
  from space 13824K, 99% used [0x0000000779c80000,0x000000077a9f8268,0x000000077aa00000)
  to   space 15360K, 0% used [0x0000000778c00000,0x0000000778c00000,0x0000000779b00000)
 ParOldGen       total 165376K, used 15635K [0x00000006c5400000, 0x00000006cf580000, 0x000000076c700000)
  object space 165376K, 9% used [0x00000006c5400000,0x00000006c6344cf8,0x00000006cf580000)
 Metaspace       used 46664K, capacity 48686K, committed 49024K, reserved 1091584K
  class space    used 5816K, capacity 6430K, committed 6528K, reserved 1048576K
Event: 6.996 GC heap after
Heap after GC invocations=11 (full 2):
 PSYoungGen      total 217088K, used 11248K [0x000000076c700000, 0x000000077d680000, 0x00000007c0000000)
  eden space 201728K, 0% used [0x000000076c700000,0x000000076c700000,0x0000000778c00000)
  from space 15360K, 73% used [0x0000000778c00000,0x00000007796fc1e0,0x0000000779b00000)
  to   space 15360K, 0% used [0x000000077c780000,0x000000077c780000,0x000000077d680000)
 ParOldGen       total 165376K, used 15643K [0x00000006c5400000, 0x00000006cf580000, 0x000000076c700000)
  object space 165376K, 9% used [0x00000006c5400000,0x00000006c6346cf8,0x00000006cf580000)
 Metaspace       used 46664K, capacity 48686K, committed 49024K, reserved 1091584K
  class space    used 5816K, capacity 6430K, committed 6528K, reserved 1048576K
}
Event: 8.657 GC heap before
{Heap before GC invocations=12 (full 2):
 PSYoungGen      total 217088K, used 212976K [0x000000076c700000, 0x000000077d680000, 0x00000007c0000000)
  eden space 201728K, 100% used [0x000000076c700000,0x0000000778c00000,0x0000000778c00000)
  from space 15360K, 73% used [0x0000000778c00000,0x00000007796fc1e0,0x0000000779b00000)
  to   space 15360K, 0% used [0x000000077c780000,0x000000077c780000,0x000000077d680000)
 ParOldGen       total 165376K, used 15643K [0x00000006c5400000, 0x00000006cf580000, 0x000000076c700000)
  object space 165376K, 9% used [0x00000006c5400000,0x00000006c6346cf8,0x00000006cf580000)
 Metaspace       used 48153K, capacity 50290K, committed 50432K, reserved 1093632K
  class space    used 5987K, capacity 6644K, committed 6656K, reserved 1048576K
Event: 8.663 GC heap after
Heap after GC invocations=12 (full 2):
 PSYoungGen      total 253952K, used 11742K [0x000000076c700000, 0x000000077d300000, 0x00000007c0000000)
  eden space 242176K, 0% used [0x000000076c700000,0x000000076c700000,0x000000077b380000)
  from space 11776K, 99% used [0x000000077c780000,0x000000077d2f79c0,0x000000077d300000)
  to   space 15360K, 0% used [0x000000077b500000,0x000000077b500000,0x000000077c400000)
 ParOldGen       total 165376K, used 15651K [0x00000006c5400000, 0x00000006cf580000, 0x000000076c700000)
  object space 165376K, 9% used [0x00000006c5400000,0x00000006c6348cf8,0x00000006cf580000)
 Metaspace       used 48153K, capacity 50290K, committed 50432K, reserved 1093632K
  class space    used 5987K, capacity 6644K, committed 6656K, reserved 1048576K
}
Event: 18.843 GC heap before
{Heap before GC invocations=13 (full 2):
 PSYoungGen      total 253952K, used 253918K [0x000000076c700000, 0x000000077d300000, 0x00000007c0000000)
  eden space 242176K, 100% used [0x000000076c700000,0x000000077b380000,0x000000077b380000)
  from space 11776K, 99% used [0x000000077c780000,0x000000077d2f79c0,0x000000077d300000)
  to   space 15360K, 0% used [0x000000077b500000,0x000000077b500000,0x000000077c400000)
 ParOldGen       total 165376K, used 15651K [0x00000006c5400000, 0x00000006cf580000, 0x000000076c700000)
  object space 165376K, 9% used [0x00000006c5400000,0x00000006c6348cf8,0x00000006cf580000)
 Metaspace       used 53986K, capacity 56520K, committed 56576K, reserved 1097728K
  class space    used 6645K, capacity 7382K, committed 7424K, reserved 1048576K
Event: 18.855 GC heap after
Heap after GC invocations=13 (full 2):
 PSYoungGen      total 257536K, used 15343K [0x000000076c700000, 0x000000077d300000, 0x00000007c0000000)
  eden space 242176K, 0% used [0x000000076c700000,0x000000076c700000,0x000000077b380000)
  from space 15360K, 99% used [0x000000077b500000,0x000000077c3fbff0,0x000000077c400000)
  to   space 11776K, 0% used [0x000000077c780000,0x000000077c780000,0x000000077d300000)
 ParOldGen       total 165376K, used 17223K [0x00000006c5400000, 0x00000006cf580000, 0x000000076c700000)
  object space 165376K, 10% used [0x00000006c5400000,0x00000006c64d1e00,0x00000006cf580000)
 Metaspace       used 53986K, capacity 56520K, committed 56576K, reserved 1097728K
  class space    used 6645K, capacity 7382K, committed 7424K, reserved 1048576K
}

