# JRE version: Java(TM) SE Runtime Environment (8.0_202-b08) (build 1.8.0_202-b08)
# Java VM: Java HotSpot(TM) 64-Bit Server VM (25.202-b08 mixed mode windows-amd64 compressed oops)
Heap:
 PSYoungGen      total 75264K, used 55359K [0x000000076c700000, 0x0000000773e80000, 0x00000007c0000000)
  eden space 64512K, 69% used [0x000000076c700000,0x000000076f290250,0x0000000770600000)
  from space 10752K, 99% used [0x0000000770600000,0x000000077107fd30,0x0000000771080000)
  to   space 11776K, 0% used [0x0000000773300000,0x0000000773300000,0x0000000773e80000)
 ParOldGen       total 102400K, used 7595K [0x00000006c5400000, 0x00000006cb800000, 0x000000076c700000)
  object space 102400K, 7% used [0x00000006c5400000,0x00000006c5b6af38,0x00000006cb800000)
 Metaspace       used 34064K, capacity 34782K, committed 35072K, reserved 1079296K
  class space    used 4077K, capacity 4248K, committed 4352K, reserved 1048576K
GC Heap History (10 events):
Event: 1.318 GC heap before
{Heap before GC invocations=2 (full 0):
 PSYoungGen      total 75264K, used 70700K [0x000000076c700000, 0x0000000771b00000, 0x00000007c0000000)
  eden space 64512K, 100% used [0x000000076c700000,0x0000000770600000,0x0000000770600000)
  from space 10752K, 57% used [0x0000000770600000,0x0000000770c0b190,0x0000000771080000)
  to   space 10752K, 0% used [0x0000000771080000,0x0000000771080000,0x0000000771b00000)
 ParOldGen       total 172032K, used 80K [0x00000006c5400000, 0x00000006cfc00000, 0x000000076c700000)
  object space 172032K, 0% used [0x00000006c5400000,0x00000006c5414010,0x00000006cfc00000)
 Metaspace       used 18331K, capacity 18710K, committed 18816K, reserved 1064960K
  class space    used 2242K, capacity 2360K, committed 2432K, reserved 1048576K
Event: 1.323 GC heap after
Heap after GC invocations=2 (full 0):
 PSYoungGen      total 75264K, used 8389K [0x000000076c700000, 0x0000000771b00000, 0x00000007c0000000)
  eden space 64512K, 0% used [0x000000076c700000,0x000000076c700000,0x0000000770600000)
  from space 10752K, 78% used [0x0000000771080000,0x00000007718b1490,0x0000000771b00000)
  to   space 10752K, 0% used [0x0000000770600000,0x0000000770600000,0x0000000771080000)
 ParOldGen       total 172032K, used 88K [0x00000006c5400000, 0x00000006cfc00000, 0x000000076c700000)
  object space 172032K, 0% used [0x00000006c5400000,0x00000006c5416010,0x00000006cfc00000)
 Metaspace       used 18331K, capacity 18710K, committed 18816K, reserved 1064960K
  class space    used 2242K, capacity 2360K, committed 2432K, reserved 1048576K
}
Event: 1.492 GC heap before
{Heap before GC invocations=3 (full 0):
 PSYoungGen      total 75264K, used 31512K [0x000000076c700000, 0x0000000771b00000, 0x00000007c0000000)
  eden space 64512K, 35% used [0x000000076c700000,0x000000076dd94e20,0x0000000770600000)
  from space 10752K, 78% used [0x0000000771080000,0x00000007718b1490,0x0000000771b00000)
  to   space 10752K, 0% used [0x0000000770600000,0x0000000770600000,0x0000000771080000)
 ParOldGen       total 172032K, used 88K [0x00000006c5400000, 0x00000006cfc00000, 0x000000076c700000)
  object space 172032K, 0% used [0x00000006c5400000,0x00000006c5416010,0x00000006cfc00000)
 Metaspace       used 20716K, capacity 21134K, committed 21296K, reserved 1069056K
  class space    used 2507K, capacity 2654K, committed 2688K, reserved 1048576K
Event: 1.497 GC heap after
Heap after GC invocations=3 (full 0):
 PSYoungGen      total 75264K, used 7048K [0x000000076c700000, 0x0000000771b00000, 0x00000007c0000000)
  eden space 64512K, 0% used [0x000000076c700000,0x000000076c700000,0x0000000770600000)
  from space 10752K, 65% used [0x0000000770600000,0x0000000770ce2008,0x0000000771080000)
  to   space 10752K, 0% used [0x0000000771080000,0x0000000771080000,0x0000000771b00000)
 ParOldGen       total 172032K, used 96K [0x00000006c5400000, 0x00000006cfc00000, 0x000000076c700000)
  object space 172032K, 0% used [0x00000006c5400000,0x00000006c5418010,0x00000006cfc00000)
 Metaspace       used 20716K, capacity 21134K, committed 21296K, reserved 1069056K
  class space    used 2507K, capacity 2654K, committed 2688K, reserved 1048576K
}
Event: 1.497 GC heap before
{Heap before GC invocations=4 (full 1):
 PSYoungGen      total 75264K, used 7048K [0x000000076c700000, 0x0000000771b00000, 0x00000007c0000000)
  eden space 64512K, 0% used [0x000000076c700000,0x000000076c700000,0x0000000770600000)
  from space 10752K, 65% used [0x0000000770600000,0x0000000770ce2008,0x0000000771080000)
  to   space 10752K, 0% used [0x0000000771080000,0x0000000771080000,0x0000000771b00000)
 ParOldGen       total 172032K, used 96K [0x00000006c5400000, 0x00000006cfc00000, 0x000000076c700000)
  object space 172032K, 0% used [0x00000006c5400000,0x00000006c5418010,0x00000006cfc00000)
 Metaspace       used 20716K, capacity 21134K, committed 21296K, reserved 1069056K
  class space    used 2507K, capacity 2654K, committed 2688K, reserved 1048576K
Event: 1.515 GC heap after
Heap after GC invocations=4 (full 1):
 PSYoungGen      total 75264K, used 0K [0x000000076c700000, 0x0000000771b00000, 0x00000007c0000000)
  eden space 64512K, 0% used [0x000000076c700000,0x000000076c700000,0x0000000770600000)
  from space 10752K, 0% used [0x0000000770600000,0x0000000770600000,0x0000000771080000)
  to   space 10752K, 0% used [0x0000000771080000,0x0000000771080000,0x0000000771b00000)
 ParOldGen       total 102400K, used 6830K [0x00000006c5400000, 0x00000006cb800000, 0x000000076c700000)
  object space 102400K, 6% used [0x00000006c5400000,0x00000006c5aab8b0,0x00000006cb800000)
 Metaspace       used 20716K, capacity 21134K, committed 21296K, reserved 1069056K
  class space    used 2507K, capacity 2654K, committed 2688K, reserved 1048576K
}
Event: 1.968 GC heap before
{Heap before GC invocations=5 (full 1):
 PSYoungGen      total 75264K, used 64512K [0x000000076c700000, 0x0000000771b00000, 0x00000007c0000000)
  eden space 64512K, 100% used [0x000000076c700000,0x0000000770600000,0x0000000770600000)
  from space 10752K, 0% used [0x0000000770600000,0x0000000770600000,0x0000000771080000)
  to   space 10752K, 0% used [0x0000000771080000,0x0000000771080000,0x0000000771b00000)
 ParOldGen       total 102400K, used 6830K [0x00000006c5400000, 0x00000006cb800000, 0x000000076c700000)
  object space 102400K, 6% used [0x00000006c5400000,0x00000006c5aab8b0,0x00000006cb800000)
 Metaspace       used 27521K, capacity 28134K, committed 28160K, reserved 1073152K
  class space    used 3386K, capacity 3570K, committed 3584K, reserved 1048576K
Event: 1.972 GC heap after
Heap after GC invocations=5 (full 1):
 PSYoungGen      total 75264K, used 8283K [0x000000076c700000, 0x0000000773b00000, 0x00000007c0000000)
  eden space 64512K, 0% used [0x000000076c700000,0x000000076c700000,0x0000000770600000)
  from space 10752K, 77% used [0x0000000771080000,0x0000000771896fe0,0x0000000771b00000)
  to   space 10752K, 0% used [0x0000000770600000,0x0000000770600000,0x0000000771080000)
 ParOldGen       total 102400K, used 6838K [0x00000006c5400000, 0x00000006cb800000, 0x000000076c700000)
  object space 102400K, 6% used [0x00000006c5400000,0x00000006c5aad8b0,0x00000006cb800000)
 Metaspace       used 27521K, capacity 28134K, committed 28160K, reserved 1073152K
  class space    used 3386K, capacity 3570K, committed 3584K, reserved 1048576K
}
Event: 2.354 GC heap before
{Heap before GC invocations=6 (full 1):
 PSYoungGen      total 75264K, used 72795K [0x000000076c700000, 0x0000000773b00000, 0x00000007c0000000)
  eden space 64512K, 100% used [0x000000076c700000,0x0000000770600000,0x0000000770600000)
  from space 10752K, 77% used [0x0000000771080000,0x0000000771896fe0,0x0000000771b00000)
  to   space 10752K, 0% used [0x0000000770600000,0x0000000770600000,0x0000000771080000)
 ParOldGen       total 102400K, used 6838K [0x00000006c5400000, 0x00000006cb800000, 0x000000076c700000)
  object space 102400K, 6% used [0x00000006c5400000,0x00000006c5aad8b0,0x00000006cb800000)
 Metaspace       used 31576K, capacity 32300K, committed 32384K, reserved 1077248K
  class space    used 3781K, capacity 3954K, committed 3968K, reserved 1048576K
Event: 2.361 GC heap after
Heap after GC invocations=6 (full 1):
 PSYoungGen      total 75264K, used 10751K [0x000000076c700000, 0x0000000773e80000, 0x00000007c0000000)
  eden space 64512K, 0% used [0x000000076c700000,0x000000076c700000,0x0000000770600000)
  from space 10752K, 99% used [0x0000000770600000,0x000000077107fd30,0x0000000771080000)
  to   space 11776K, 0% used [0x0000000773300000,0x0000000773300000,0x0000000773e80000)
 ParOldGen       total 102400K, used 7595K [0x00000006c5400000, 0x00000006cb800000, 0x000000076c700000)
  object space 102400K, 7% used [0x00000006c5400000,0x00000006c5b6af38,0x00000006cb800000)
 Metaspace       used 31576K, capacity 32300K, committed 32384K, reserved 1077248K
  class space    used 3781K, capacity 3954K, committed 3968K, reserved 1048576K
}

