# JRE version: Java(TM) SE Runtime Environment (8.0_202-b08) (build 1.8.0_202-b08)
# Java VM: Java HotSpot(TM) 64-Bit Server VM (25.202-b08 mixed mode windows-amd64 compressed oops)
Heap:
 PSYoungGen      total 349696K, used 160606K [0x000000076c700000, 0x0000000784600000, 0x00000007c0000000)
  eden space 346112K, 45% used [0x000000076c700000,0x00000007760673d8,0x0000000781900000)
  from space 3584K, 98% used [0x0000000782e00000,0x00000007831706d0,0x0000000783180000)
  to   space 20480K, 0% used [0x0000000783200000,0x0000000783200000,0x0000000784600000)
 ParOldGen       total 240640K, used 27714K [0x00000006c5400000, 0x00000006d3f00000, 0x000000076c700000)
  object space 240640K, 11% used [0x00000006c5400000,0x00000006c6f10ab8,0x00000006d3f00000)
 Metaspace       used 56403K, capacity 59380K, committed 59736K, reserved 1101824K
  class space    used 6760K, capacity 7640K, committed 7808K, reserved 1048576K
GC Heap History (10 events):
Event: 51.599 GC heap before
{Heap before GC invocations=16 (full 2):
 PSYoungGen      total 323072K, used 318788K [0x000000076c700000, 0x0000000783800000, 0x00000007c0000000)
  eden space 304640K, 100% used [0x000000076c700000,0x000000077f080000,0x000000077f080000)
  from space 18432K, 76% used [0x000000077f080000,0x000000077fe51088,0x0000000780280000)
  to   space 18944K, 0% used [0x0000000782580000,0x0000000782580000,0x0000000783800000)
 ParOldGen       total 158720K, used 17750K [0x00000006c5400000, 0x00000006cef00000, 0x000000076c700000)
  object space 158720K, 11% used [0x00000006c5400000,0x00000006c6555ab0,0x00000006cef00000)
 Metaspace       used 55527K, capacity 58544K, committed 58624K, reserved 1099776K
  class space    used 6757K, capacity 7615K, committed 7680K, reserved 1048576K
Event: 51.615 GC heap after
Heap after GC invocations=16 (full 2):
 PSYoungGen      total 356864K, used 14373K [0x000000076c700000, 0x0000000783700000, 0x00000007c0000000)
  eden space 338944K, 0% used [0x000000076c700000,0x000000076c700000,0x0000000781200000)
  from space 17920K, 80% used [0x0000000782580000,0x00000007833896e0,0x0000000783700000)
  to   space 18944K, 0% used [0x0000000781200000,0x0000000781200000,0x0000000782480000)
 ParOldGen       total 158720K, used 17758K [0x00000006c5400000, 0x00000006cef00000, 0x000000076c700000)
  object space 158720K, 11% used [0x00000006c5400000,0x00000006c6557ab0,0x00000006cef00000)
 Metaspace       used 55527K, capacity 58544K, committed 58624K, reserved 1099776K
  class space    used 6757K, capacity 7615K, committed 7680K, reserved 1048576K
}
Event: 59.594 GC heap before
{Heap before GC invocations=17 (full 2):
 PSYoungGen      total 356864K, used 353317K [0x000000076c700000, 0x0000000783700000, 0x00000007c0000000)
  eden space 338944K, 100% used [0x000000076c700000,0x0000000781200000,0x0000000781200000)
  from space 17920K, 80% used [0x0000000782580000,0x00000007833896e0,0x0000000783700000)
  to   space 18944K, 0% used [0x0000000781200000,0x0000000781200000,0x0000000782480000)
 ParOldGen       total 158720K, used 17758K [0x00000006c5400000, 0x00000006cef00000, 0x000000076c700000)
  object space 158720K, 11% used [0x00000006c5400000,0x00000006c6557ab0,0x00000006cef00000)
 Metaspace       used 55707K, capacity 58738K, committed 58880K, reserved 1099776K
  class space    used 6765K, capacity 7637K, committed 7680K, reserved 1048576K
Event: 59.610 GC heap after
Heap after GC invocations=17 (full 2):
 PSYoungGen      total 357888K, used 14216K [0x000000076c700000, 0x0000000785880000, 0x00000007c0000000)
  eden space 338944K, 0% used [0x000000076c700000,0x000000076c700000,0x0000000781200000)
  from space 18944K, 75% used [0x0000000781200000,0x0000000781fe2140,0x0000000782480000)
  to   space 19456K, 0% used [0x0000000784580000,0x0000000784580000,0x0000000785880000)
 ParOldGen       total 158720K, used 17766K [0x00000006c5400000, 0x00000006cef00000, 0x000000076c700000)
  object space 158720K, 11% used [0x00000006c5400000,0x00000006c6559ab0,0x00000006cef00000)
 Metaspace       used 55707K, capacity 58738K, committed 58880K, reserved 1099776K
  class space    used 6765K, capacity 7637K, committed 7680K, reserved 1048576K
}
Event: 70.281 GC heap before
{Heap before GC invocations=18 (full 2):
 PSYoungGen      total 357888K, used 223752K [0x000000076c700000, 0x0000000785880000, 0x00000007c0000000)
  eden space 338944K, 61% used [0x000000076c700000,0x000000077939ffd0,0x0000000781200000)
  from space 18944K, 75% used [0x0000000781200000,0x0000000781fe2140,0x0000000782480000)
  to   space 19456K, 0% used [0x0000000784580000,0x0000000784580000,0x0000000785880000)
 ParOldGen       total 158720K, used 17766K [0x00000006c5400000, 0x00000006cef00000, 0x000000076c700000)
  object space 158720K, 11% used [0x00000006c5400000,0x00000006c6559ab0,0x00000006cef00000)
 Metaspace       used 56031K, capacity 59014K, committed 59096K, reserved 1101824K
  class space    used 6782K, capacity 7680K, committed 7680K, reserved 1048576K
Event: 70.299 GC heap after
Heap after GC invocations=18 (full 2):
 PSYoungGen      total 342016K, used 14584K [0x000000076c700000, 0x0000000785400000, 0x00000007c0000000)
  eden space 327168K, 0% used [0x000000076c700000,0x000000076c700000,0x0000000780680000)
  from space 14848K, 98% used [0x0000000784580000,0x00000007853be258,0x0000000785400000)
  to   space 19456K, 0% used [0x0000000782e00000,0x0000000782e00000,0x0000000784100000)
 ParOldGen       total 158720K, used 17774K [0x00000006c5400000, 0x00000006cef00000, 0x000000076c700000)
  object space 158720K, 11% used [0x00000006c5400000,0x00000006c655bab0,0x00000006cef00000)
 Metaspace       used 56031K, capacity 59014K, committed 59096K, reserved 1101824K
  class space    used 6782K, capacity 7680K, committed 7680K, reserved 1048576K
}
Event: 70.299 GC heap before
{Heap before GC invocations=19 (full 3):
 PSYoungGen      total 342016K, used 14584K [0x000000076c700000, 0x0000000785400000, 0x00000007c0000000)
  eden space 327168K, 0% used [0x000000076c700000,0x000000076c700000,0x0000000780680000)
  from space 14848K, 98% used [0x0000000784580000,0x00000007853be258,0x0000000785400000)
  to   space 19456K, 0% used [0x0000000782e00000,0x0000000782e00000,0x0000000784100000)
 ParOldGen       total 158720K, used 17774K [0x00000006c5400000, 0x00000006cef00000, 0x000000076c700000)
  object space 158720K, 11% used [0x00000006c5400000,0x00000006c655bab0,0x00000006cef00000)
 Metaspace       used 56031K, capacity 59014K, committed 59096K, reserved 1101824K
  class space    used 6782K, capacity 7680K, committed 7680K, reserved 1048576K
Event: 70.620 GC heap after
Heap after GC invocations=19 (full 3):
 PSYoungGen      total 342016K, used 0K [0x000000076c700000, 0x0000000785400000, 0x00000007c0000000)
  eden space 327168K, 0% used [0x000000076c700000,0x000000076c700000,0x0000000780680000)
  from space 14848K, 0% used [0x0000000784580000,0x0000000784580000,0x0000000785400000)
  to   space 19456K, 0% used [0x0000000782e00000,0x0000000782e00000,0x0000000784100000)
 ParOldGen       total 240640K, used 27706K [0x00000006c5400000, 0x00000006d3f00000, 0x000000076c700000)
  object space 240640K, 11% used [0x00000006c5400000,0x00000006c6f0eab8,0x00000006d3f00000)
 Metaspace       used 55550K, capacity 58324K, committed 59096K, reserved 1101824K
  class space    used 6698K, capacity 7450K, committed 7680K, reserved 1048576K
}
Event: 100.698 GC heap before
{Heap before GC invocations=20 (full 3):
 PSYoungGen      total 342016K, used 327168K [0x000000076c700000, 0x0000000785400000, 0x00000007c0000000)
  eden space 327168K, 100% used [0x000000076c700000,0x0000000780680000,0x0000000780680000)
  from space 14848K, 0% used [0x0000000784580000,0x0000000784580000,0x0000000785400000)
  to   space 19456K, 0% used [0x0000000782e00000,0x0000000782e00000,0x0000000784100000)
 ParOldGen       total 240640K, used 27706K [0x00000006c5400000, 0x00000006d3f00000, 0x000000076c700000)
  object space 240640K, 11% used [0x00000006c5400000,0x00000006c6f0eab8,0x00000006d3f00000)
 Metaspace       used 56171K, capacity 59154K, committed 59736K, reserved 1101824K
  class space    used 6743K, capacity 7594K, committed 7808K, reserved 1048576K
Event: 100.707 GC heap after
Heap after GC invocations=20 (full 3):
 PSYoungGen      total 349696K, used 3521K [0x000000076c700000, 0x0000000784600000, 0x00000007c0000000)
  eden space 346112K, 0% used [0x000000076c700000,0x000000076c700000,0x0000000781900000)
  from space 3584K, 98% used [0x0000000782e00000,0x00000007831706d0,0x0000000783180000)
  to   space 20480K, 0% used [0x0000000783200000,0x0000000783200000,0x0000000784600000)
 ParOldGen       total 240640K, used 27714K [0x00000006c5400000, 0x00000006d3f00000, 0x000000076c700000)
  object space 240640K, 11% used [0x00000006c5400000,0x00000006c6f10ab8,0x00000006d3f00000)
 Metaspace       used 56171K, capacity 59154K, committed 59736K, reserved 1101824K
  class space    used 6743K, capacity 7594K, committed 7808K, reserved 1048576K
}

