# JRE version: Java(TM) SE Runtime Environment (8.0_202-b08) (build 1.8.0_202-b08)
# Java VM: Java HotSpot(TM) 64-Bit Server VM (25.202-b08 mixed mode windows-amd64 compressed oops)
Heap:
 PSYoungGen      total 309248K, used 14187K [0x000000076c700000, 0x0000000780880000, 0x00000007c0000000)
  eden space 289792K, 0% used [0x000000076c700000,0x000000076c700000,0x000000077e200000)
  from space 19456K, 72% used [0x000000077e280000,0x000000077f05ac20,0x000000077f580000)
  to   space 15872K, 0% used [0x000000077f900000,0x000000077f900000,0x0000000780880000)
 ParOldGen       total 162304K, used 16624K [0x00000006c5400000, 0x00000006cf280000, 0x000000076c700000)
  object space 162304K, 10% used [0x00000006c5400000,0x00000006c643c240,0x00000006cf280000)
 Metaspace       used 56067K, capacity 59038K, committed 59096K, reserved 1101824K
  class space    used 6849K, capacity 7676K, committed 7680K, reserved 1048576K
GC Heap History (10 events):
Event: 9.127 GC heap after
Heap after GC invocations=11 (full 2):
 PSYoungGen      total 218624K, used 11887K [0x000000076c700000, 0x000000077dd00000, 0x00000007c0000000)
  eden space 202752K, 0% used [0x000000076c700000,0x000000076c700000,0x0000000778d00000)
  from space 15872K, 74% used [0x0000000778d00000,0x000000077989bd28,0x0000000779c80000)
  to   space 15872K, 0% used [0x000000077cd80000,0x000000077cd80000,0x000000077dd00000)
 ParOldGen       total 162304K, used 16592K [0x00000006c5400000, 0x00000006cf280000, 0x000000076c700000)
  object space 162304K, 10% used [0x00000006c5400000,0x00000006c6434240,0x00000006cf280000)
 Metaspace       used 46706K, capacity 48790K, committed 49024K, reserved 1091584K
  class space    used 5814K, capacity 6428K, committed 6528K, reserved 1048576K
}
Event: 11.282 GC heap before
{Heap before GC invocations=12 (full 2):
 PSYoungGen      total 218624K, used 214639K [0x000000076c700000, 0x000000077dd00000, 0x00000007c0000000)
  eden space 202752K, 100% used [0x000000076c700000,0x0000000778d00000,0x0000000778d00000)
  from space 15872K, 74% used [0x0000000778d00000,0x000000077989bd28,0x0000000779c80000)
  to   space 15872K, 0% used [0x000000077cd80000,0x000000077cd80000,0x000000077dd00000)
 ParOldGen       total 162304K, used 16592K [0x00000006c5400000, 0x00000006cf280000, 0x000000076c700000)
  object space 162304K, 10% used [0x00000006c5400000,0x00000006c6434240,0x00000006cf280000)
 Metaspace       used 50579K, capacity 52678K, committed 52864K, reserved 1095680K
  class space    used 6315K, capacity 6932K, committed 7040K, reserved 1048576K
Event: 11.291 GC heap after
Heap after GC invocations=12 (full 2):
 PSYoungGen      total 263168K, used 14509K [0x000000076c700000, 0x000000077dc00000, 0x00000007c0000000)
  eden space 248320K, 0% used [0x000000076c700000,0x000000076c700000,0x000000077b980000)
  from space 14848K, 97% used [0x000000077cd80000,0x000000077dbab540,0x000000077dc00000)
  to   space 16896K, 0% used [0x000000077bb00000,0x000000077bb00000,0x000000077cb80000)
 ParOldGen       total 162304K, used 16600K [0x00000006c5400000, 0x00000006cf280000, 0x000000076c700000)
  object space 162304K, 10% used [0x00000006c5400000,0x00000006c6436240,0x00000006cf280000)
 Metaspace       used 50579K, capacity 52678K, committed 52864K, reserved 1095680K
  class space    used 6315K, capacity 6932K, committed 7040K, reserved 1048576K
}
Event: 27.352 GC heap before
{Heap before GC invocations=13 (full 2):
 PSYoungGen      total 263168K, used 262829K [0x000000076c700000, 0x000000077dc00000, 0x00000007c0000000)
  eden space 248320K, 100% used [0x000000076c700000,0x000000077b980000,0x000000077b980000)
  from space 14848K, 97% used [0x000000077cd80000,0x000000077dbab540,0x000000077dc00000)
  to   space 16896K, 0% used [0x000000077bb00000,0x000000077bb00000,0x000000077cb80000)
 ParOldGen       total 162304K, used 16600K [0x00000006c5400000, 0x00000006cf280000, 0x000000076c700000)
  object space 162304K, 10% used [0x00000006c5400000,0x00000006c6436240,0x00000006cf280000)
 Metaspace       used 54122K, capacity 56692K, committed 56832K, reserved 1099776K
  class space    used 6657K, capacity 7409K, committed 7424K, reserved 1048576K
Event: 27.363 GC heap after
Heap after GC invocations=13 (full 2):
 PSYoungGen      total 266752K, used 16044K [0x000000076c700000, 0x0000000780b00000, 0x00000007c0000000)
  eden space 249856K, 0% used [0x000000076c700000,0x000000076c700000,0x000000077bb00000)
  from space 16896K, 94% used [0x000000077bb00000,0x000000077caab1b8,0x000000077cb80000)
  to   space 18432K, 0% used [0x000000077f900000,0x000000077f900000,0x0000000780b00000)
 ParOldGen       total 162304K, used 16608K [0x00000006c5400000, 0x00000006cf280000, 0x000000076c700000)
  object space 162304K, 10% used [0x00000006c5400000,0x00000006c6438240,0x00000006cf280000)
 Metaspace       used 54122K, capacity 56692K, committed 56832K, reserved 1099776K
  class space    used 6657K, capacity 7409K, committed 7424K, reserved 1048576K
}
Event: 40.559 GC heap before
{Heap before GC invocations=14 (full 2):
 PSYoungGen      total 266752K, used 265900K [0x000000076c700000, 0x0000000780b00000, 0x00000007c0000000)
  eden space 249856K, 100% used [0x000000076c700000,0x000000077bb00000,0x000000077bb00000)
  from space 16896K, 94% used [0x000000077bb00000,0x000000077caab1b8,0x000000077cb80000)
  to   space 18432K, 0% used [0x000000077f900000,0x000000077f900000,0x0000000780b00000)
 ParOldGen       total 162304K, used 16608K [0x00000006c5400000, 0x00000006cf280000, 0x000000076c700000)
  object space 162304K, 10% used [0x00000006c5400000,0x00000006c6438240,0x00000006cf280000)
 Metaspace       used 54909K, capacity 57810K, committed 58112K, reserved 1099776K
  class space    used 6735K, capacity 7567K, committed 7680K, reserved 1048576K
Event: 40.577 GC heap after
Heap after GC invocations=14 (full 2):
 PSYoungGen      total 305664K, used 15688K [0x000000076c700000, 0x0000000780880000, 0x00000007c0000000)
  eden space 289792K, 0% used [0x000000076c700000,0x000000076c700000,0x000000077e200000)
  from space 15872K, 98% used [0x000000077f900000,0x0000000780852308,0x0000000780880000)
  to   space 19456K, 0% used [0x000000077e280000,0x000000077e280000,0x000000077f580000)
 ParOldGen       total 162304K, used 16616K [0x00000006c5400000, 0x00000006cf280000, 0x000000076c700000)
  object space 162304K, 10% used [0x00000006c5400000,0x00000006c643a240,0x00000006cf280000)
 Metaspace       used 54909K, capacity 57810K, committed 58112K, reserved 1099776K
  class space    used 6735K, capacity 7567K, committed 7680K, reserved 1048576K
}
Event: 42.473 GC heap before
{Heap before GC invocations=15 (full 2):
 PSYoungGen      total 305664K, used 122753K [0x000000076c700000, 0x0000000780880000, 0x00000007c0000000)
  eden space 289792K, 36% used [0x000000076c700000,0x0000000772f8e170,0x000000077e200000)
  from space 15872K, 98% used [0x000000077f900000,0x0000000780852308,0x0000000780880000)
  to   space 19456K, 0% used [0x000000077e280000,0x000000077e280000,0x000000077f580000)
 ParOldGen       total 162304K, used 16616K [0x00000006c5400000, 0x00000006cf280000, 0x000000076c700000)
  object space 162304K, 10% used [0x00000006c5400000,0x00000006c643a240,0x00000006cf280000)
 Metaspace       used 56067K, capacity 59038K, committed 59096K, reserved 1101824K
  class space    used 6849K, capacity 7676K, committed 7680K, reserved 1048576K
Event: 42.490 GC heap after
Heap after GC invocations=15 (full 2):
 PSYoungGen      total 309248K, used 14187K [0x000000076c700000, 0x0000000780880000, 0x00000007c0000000)
  eden space 289792K, 0% used [0x000000076c700000,0x000000076c700000,0x000000077e200000)
  from space 19456K, 72% used [0x000000077e280000,0x000000077f05ac20,0x000000077f580000)
  to   space 15872K, 0% used [0x000000077f900000,0x000000077f900000,0x0000000780880000)
 ParOldGen       total 162304K, used 16624K [0x00000006c5400000, 0x00000006cf280000, 0x000000076c700000)
  object space 162304K, 10% used [0x00000006c5400000,0x00000006c643c240,0x00000006cf280000)
 Metaspace       used 56067K, capacity 59038K, committed 59096K, reserved 1101824K
  class space    used 6849K, capacity 7676K, committed 7680K, reserved 1048576K
}
Event: 42.490 GC heap before
{Heap before GC invocations=16 (full 3):
 PSYoungGen      total 309248K, used 14187K [0x000000076c700000, 0x0000000780880000, 0x00000007c0000000)
  eden space 289792K, 0% used [0x000000076c700000,0x000000076c700000,0x000000077e200000)
  from space 19456K, 72% used [0x000000077e280000,0x000000077f05ac20,0x000000077f580000)
  to   space 15872K, 0% used [0x000000077f900000,0x000000077f900000,0x0000000780880000)
 ParOldGen       total 162304K, used 16624K [0x00000006c5400000, 0x00000006cf280000, 0x000000076c700000)
  object space 162304K, 10% used [0x00000006c5400000,0x00000006c643c240,0x00000006cf280000)
 Metaspace       used 56067K, capacity 59038K, committed 59096K, reserved 1101824K
  class space    used 6849K, capacity 7676K, committed 7680K, reserved 1048576K

