# JRE version: Java(TM) SE Runtime Environment (8.0_202-b08) (build 1.8.0_202-b08)
# Java VM: Java HotSpot(TM) 64-Bit Server VM (25.202-b08 mixed mode windows-amd64 compressed oops)
Heap:
 PSYoungGen      total 175616K, used 159590K [0x000000076c700000, 0x000000077ae00000, 0x00000007c0000000)
  eden space 161280K, 92% used [0x000000076c700000,0x0000000775874f80,0x0000000776480000)
  from space 14336K, 74% used [0x0000000776480000,0x0000000776ee4a98,0x0000000777280000)
  to   space 15360K, 0% used [0x0000000779f00000,0x0000000779f00000,0x000000077ae00000)
 ParOldGen       total 141824K, used 15290K [0x00000006c5400000, 0x00000006cde80000, 0x000000076c700000)
  object space 141824K, 10% used [0x00000006c5400000,0x00000006c62ee810,0x00000006cde80000)
 Metaspace       used 53043K, capacity 55262K, committed 55424K, reserved 1097728K
  class space    used 6580K, capacity 7264K, committed 7296K, reserved 1048576K
GC Heap History (10 events):
Event: 3.303 GC heap before
{Heap before GC invocations=7 (full 1):
 PSYoungGen      total 137728K, used 26228K [0x000000076c700000, 0x0000000778000000, 0x00000007c0000000)
  eden space 126976K, 12% used [0x000000076c700000,0x000000076d620d08,0x0000000774300000)
  from space 10752K, 99% used [0x0000000774300000,0x0000000774d7c3f8,0x0000000774d80000)
  to   space 13824K, 0% used [0x0000000777280000,0x0000000777280000,0x0000000778000000)
 ParOldGen       total 96256K, used 11295K [0x00000006c5400000, 0x00000006cb200000, 0x000000076c700000)
  object space 96256K, 11% used [0x00000006c5400000,0x00000006c5f07f70,0x00000006cb200000)
 Metaspace       used 34590K, capacity 35460K, committed 35496K, reserved 1081344K
  class space    used 4154K, capacity 4446K, committed 4480K, reserved 1048576K
Event: 3.313 GC heap after
Heap after GC invocations=7 (full 1):
 PSYoungGen      total 175104K, used 10910K [0x000000076c700000, 0x000000077bb00000, 0x00000007c0000000)
  eden space 161280K, 0% used [0x000000076c700000,0x000000076c700000,0x0000000776480000)
  from space 13824K, 78% used [0x0000000777280000,0x0000000777d27a50,0x0000000778000000)
  to   space 14336K, 0% used [0x0000000776480000,0x0000000776480000,0x0000000777280000)
 ParOldGen       total 96256K, used 11303K [0x00000006c5400000, 0x00000006cb200000, 0x000000076c700000)
  object space 96256K, 11% used [0x00000006c5400000,0x00000006c5f09f70,0x00000006cb200000)
 Metaspace       used 34590K, capacity 35460K, committed 35496K, reserved 1081344K
  class space    used 4154K, capacity 4446K, committed 4480K, reserved 1048576K
}
Event: 3.313 GC heap before
{Heap before GC invocations=8 (full 2):
 PSYoungGen      total 175104K, used 10910K [0x000000076c700000, 0x000000077bb00000, 0x00000007c0000000)
  eden space 161280K, 0% used [0x000000076c700000,0x000000076c700000,0x0000000776480000)
  from space 13824K, 78% used [0x0000000777280000,0x0000000777d27a50,0x0000000778000000)
  to   space 14336K, 0% used [0x0000000776480000,0x0000000776480000,0x0000000777280000)
 ParOldGen       total 96256K, used 11303K [0x00000006c5400000, 0x00000006cb200000, 0x000000076c700000)
  object space 96256K, 11% used [0x00000006c5400000,0x00000006c5f09f70,0x00000006cb200000)
 Metaspace       used 34590K, capacity 35460K, committed 35496K, reserved 1081344K
  class space    used 4154K, capacity 4446K, committed 4480K, reserved 1048576K
Event: 3.361 GC heap after
Heap after GC invocations=8 (full 2):
 PSYoungGen      total 175104K, used 0K [0x000000076c700000, 0x000000077bb00000, 0x00000007c0000000)
  eden space 161280K, 0% used [0x000000076c700000,0x000000076c700000,0x0000000776480000)
  from space 13824K, 0% used [0x0000000777280000,0x0000000777280000,0x0000000778000000)
  to   space 14336K, 0% used [0x0000000776480000,0x0000000776480000,0x0000000777280000)
 ParOldGen       total 141824K, used 15074K [0x00000006c5400000, 0x00000006cde80000, 0x000000076c700000)
  object space 141824K, 10% used [0x00000006c5400000,0x00000006c62b8810,0x00000006cde80000)
 Metaspace       used 34588K, capacity 35454K, committed 35496K, reserved 1081344K
  class space    used 4153K, capacity 4444K, committed 4480K, reserved 1048576K
}
Event: 5.151 GC heap before
{Heap before GC invocations=9 (full 2):
 PSYoungGen      total 175104K, used 161280K [0x000000076c700000, 0x000000077bb00000, 0x00000007c0000000)
  eden space 161280K, 100% used [0x000000076c700000,0x0000000776480000,0x0000000776480000)
  from space 13824K, 0% used [0x0000000777280000,0x0000000777280000,0x0000000778000000)
  to   space 14336K, 0% used [0x0000000776480000,0x0000000776480000,0x0000000777280000)
 ParOldGen       total 141824K, used 15074K [0x00000006c5400000, 0x00000006cde80000, 0x000000076c700000)
  object space 141824K, 10% used [0x00000006c5400000,0x00000006c62b8810,0x00000006cde80000)
 Metaspace       used 40376K, capacity 42140K, committed 42240K, reserved 1085440K
  class space    used 5016K, capacity 5556K, committed 5632K, reserved 1048576K
Event: 5.162 GC heap after
Heap after GC invocations=9 (full 2):
 PSYoungGen      total 175616K, used 10379K [0x000000076c700000, 0x000000077bb00000, 0x00000007c0000000)
  eden space 161280K, 0% used [0x000000076c700000,0x000000076c700000,0x0000000776480000)
  from space 14336K, 72% used [0x0000000776480000,0x0000000776ea2d38,0x0000000777280000)
  to   space 13824K, 0% used [0x0000000777280000,0x0000000777280000,0x0000000778000000)
 ParOldGen       total 141824K, used 15082K [0x00000006c5400000, 0x00000006cde80000, 0x000000076c700000)
  object space 141824K, 10% used [0x00000006c5400000,0x00000006c62ba810,0x00000006cde80000)
 Metaspace       used 40376K, capacity 42140K, committed 42240K, reserved 1085440K
  class space    used 5016K, capacity 5556K, committed 5632K, reserved 1048576K
}
Event: 6.315 GC heap before
{Heap before GC invocations=10 (full 2):
 PSYoungGen      total 175616K, used 171659K [0x000000076c700000, 0x000000077bb00000, 0x00000007c0000000)
  eden space 161280K, 100% used [0x000000076c700000,0x0000000776480000,0x0000000776480000)
  from space 14336K, 72% used [0x0000000776480000,0x0000000776ea2d38,0x0000000777280000)
  to   space 13824K, 0% used [0x0000000777280000,0x0000000777280000,0x0000000778000000)
 ParOldGen       total 141824K, used 15082K [0x00000006c5400000, 0x00000006cde80000, 0x000000076c700000)
  object space 141824K, 10% used [0x00000006c5400000,0x00000006c62ba810,0x00000006cde80000)
 Metaspace       used 46253K, capacity 48284K, committed 48512K, reserved 1091584K
  class space    used 5813K, capacity 6427K, committed 6528K, reserved 1048576K
Event: 6.323 GC heap after
Heap after GC invocations=10 (full 2):
 PSYoungGen      total 175104K, used 13813K [0x000000076c700000, 0x000000077bb00000, 0x00000007c0000000)
  eden space 161280K, 0% used [0x000000076c700000,0x000000076c700000,0x0000000776480000)
  from space 13824K, 99% used [0x0000000777280000,0x0000000777ffd658,0x0000000778000000)
  to   space 14336K, 0% used [0x0000000776480000,0x0000000776480000,0x0000000777280000)
 ParOldGen       total 141824K, used 15282K [0x00000006c5400000, 0x00000006cde80000, 0x000000076c700000)
  object space 141824K, 10% used [0x00000006c5400000,0x00000006c62ec810,0x00000006cde80000)
 Metaspace       used 46253K, capacity 48284K, committed 48512K, reserved 1091584K
  class space    used 5813K, capacity 6427K, committed 6528K, reserved 1048576K
}
Event: 7.155 GC heap before
{Heap before GC invocations=11 (full 2):
 PSYoungGen      total 175104K, used 175093K [0x000000076c700000, 0x000000077bb00000, 0x00000007c0000000)
  eden space 161280K, 100% used [0x000000076c700000,0x0000000776480000,0x0000000776480000)
  from space 13824K, 99% used [0x0000000777280000,0x0000000777ffd658,0x0000000778000000)
  to   space 14336K, 0% used [0x0000000776480000,0x0000000776480000,0x0000000777280000)
 ParOldGen       total 141824K, used 15282K [0x00000006c5400000, 0x00000006cde80000, 0x000000076c700000)
  object space 141824K, 10% used [0x00000006c5400000,0x00000006c62ec810,0x00000006cde80000)
 Metaspace       used 46807K, capacity 48908K, committed 49024K, reserved 1091584K
  class space    used 5824K, capacity 6445K, committed 6528K, reserved 1048576K
Event: 7.162 GC heap after
Heap after GC invocations=11 (full 2):
 PSYoungGen      total 175616K, used 10642K [0x000000076c700000, 0x000000077ae00000, 0x00000007c0000000)
  eden space 161280K, 0% used [0x000000076c700000,0x000000076c700000,0x0000000776480000)
  from space 14336K, 74% used [0x0000000776480000,0x0000000776ee4a98,0x0000000777280000)
  to   space 15360K, 0% used [0x0000000779f00000,0x0000000779f00000,0x000000077ae00000)
 ParOldGen       total 141824K, used 15290K [0x00000006c5400000, 0x00000006cde80000, 0x000000076c700000)
  object space 141824K, 10% used [0x00000006c5400000,0x00000006c62ee810,0x00000006cde80000)
 Metaspace       used 46807K, capacity 48908K, committed 49024K, reserved 1091584K
  class space    used 5824K, capacity 6445K, committed 6528K, reserved 1048576K
}

