# JRE version: Java(TM) SE Runtime Environment (8.0_202-b08) (build 1.8.0_202-b08)
# Java VM: Java HotSpot(TM) 64-Bit Server VM (25.202-b08 mixed mode windows-amd64 compressed oops)
Heap:
 PSYoungGen      total 194560K, used 162280K [0x000000076c700000, 0x000000077f000000, 0x00000007c0000000)
  eden space 161280K, 84% used [0x000000076c700000,0x0000000774b90e80,0x0000000776480000)
  from space 33280K, 79% used [0x0000000776480000,0x0000000777e69258,0x0000000778500000)
  to   space 35840K, 0% used [0x000000077cd00000,0x000000077cd00000,0x000000077f000000)
 ParOldGen       total 108544K, used 40832K [0x00000006c5400000, 0x00000006cbe00000, 0x000000076c700000)
  object space 108544K, 37% used [0x00000006c5400000,0x00000006c7be01e8,0x00000006cbe00000)
 Metaspace       used 32339K, capacity 33418K, committed 33664K, reserved 1079296K
  class space    used 3560K, capacity 3904K, committed 3968K, reserved 1048576K
GC Heap History (10 events):
Event: 7.745 GC heap before
{Heap before GC invocations=6 (full 1):
 PSYoungGen      total 75264K, used 68755K [0x000000076c700000, 0x0000000773d00000, 0x00000007c0000000)
  eden space 64512K, 100% used [0x000000076c700000,0x0000000770600000,0x0000000770600000)
  from space 10752K, 39% used [0x0000000771080000,0x00000007714a4d70,0x0000000771b00000)
  to   space 10752K, 0% used [0x0000000770600000,0x0000000770600000,0x0000000771080000)
 ParOldGen       total 108544K, used 10465K [0x00000006c5400000, 0x00000006cbe00000, 0x000000076c700000)
  object space 108544K, 9% used [0x00000006c5400000,0x00000006c5e38570,0x00000006cbe00000)
 Metaspace       used 21880K, capacity 22688K, committed 22784K, reserved 1069056K
  class space    used 2522K, capacity 2792K, committed 2816K, reserved 1048576K
Event: 7.754 GC heap after
Heap after GC invocations=6 (full 1):
 PSYoungGen      total 75264K, used 7200K [0x000000076c700000, 0x0000000774580000, 0x00000007c0000000)
  eden space 64512K, 0% used [0x000000076c700000,0x000000076c700000,0x0000000770600000)
  from space 10752K, 66% used [0x0000000770600000,0x0000000770d08000,0x0000000771080000)
  to   space 14336K, 0% used [0x0000000773780000,0x0000000773780000,0x0000000774580000)
 ParOldGen       total 108544K, used 10473K [0x00000006c5400000, 0x00000006cbe00000, 0x000000076c700000)
  object space 108544K, 9% used [0x00000006c5400000,0x00000006c5e3a570,0x00000006cbe00000)
 Metaspace       used 21880K, capacity 22688K, committed 22784K, reserved 1069056K
  class space    used 2522K, capacity 2792K, committed 2816K, reserved 1048576K
}
Event: 8.891 GC heap before
{Heap before GC invocations=7 (full 1):
 PSYoungGen      total 75264K, used 71712K [0x000000076c700000, 0x0000000774580000, 0x00000007c0000000)
  eden space 64512K, 100% used [0x000000076c700000,0x0000000770600000,0x0000000770600000)
  from space 10752K, 66% used [0x0000000770600000,0x0000000770d08000,0x0000000771080000)
  to   space 14336K, 0% used [0x0000000773780000,0x0000000773780000,0x0000000774580000)
 ParOldGen       total 108544K, used 10473K [0x00000006c5400000, 0x00000006cbe00000, 0x000000076c700000)
  object space 108544K, 9% used [0x00000006c5400000,0x00000006c5e3a570,0x00000006cbe00000)
 Metaspace       used 23233K, capacity 24118K, committed 24320K, reserved 1071104K
  class space    used 2665K, capacity 2947K, committed 3072K, reserved 1048576K
Event: 8.902 GC heap after
Heap after GC invocations=7 (full 1):
 PSYoungGen      total 115200K, used 10354K [0x000000076c700000, 0x0000000774680000, 0x00000007c0000000)
  eden space 100864K, 0% used [0x000000076c700000,0x000000076c700000,0x0000000772980000)
  from space 14336K, 72% used [0x0000000773780000,0x000000077419caa0,0x0000000774580000)
  to   space 14336K, 0% used [0x0000000772980000,0x0000000772980000,0x0000000773780000)
 ParOldGen       total 108544K, used 10481K [0x00000006c5400000, 0x00000006cbe00000, 0x000000076c700000)
  object space 108544K, 9% used [0x00000006c5400000,0x00000006c5e3c570,0x00000006cbe00000)
 Metaspace       used 23233K, capacity 24118K, committed 24320K, reserved 1071104K
  class space    used 2665K, capacity 2947K, committed 3072K, reserved 1048576K
}
Event: 10.250 GC heap before
{Heap before GC invocations=8 (full 1):
 PSYoungGen      total 115200K, used 111218K [0x000000076c700000, 0x0000000774680000, 0x00000007c0000000)
  eden space 100864K, 100% used [0x000000076c700000,0x0000000772980000,0x0000000772980000)
  from space 14336K, 72% used [0x0000000773780000,0x000000077419caa0,0x0000000774580000)
  to   space 14336K, 0% used [0x0000000772980000,0x0000000772980000,0x0000000773780000)
 ParOldGen       total 108544K, used 10481K [0x00000006c5400000, 0x00000006cbe00000, 0x000000076c700000)
  object space 108544K, 9% used [0x00000006c5400000,0x00000006c5e3c570,0x00000006cbe00000)
 Metaspace       used 27806K, capacity 28730K, committed 28928K, reserved 1075200K
  class space    used 3216K, capacity 3507K, committed 3584K, reserved 1048576K
Event: 10.289 GC heap after
Heap after GC invocations=8 (full 1):
 PSYoungGen      total 115200K, used 14317K [0x000000076c700000, 0x0000000779c80000, 0x00000007c0000000)
  eden space 100864K, 0% used [0x000000076c700000,0x000000076c700000,0x0000000772980000)
  from space 14336K, 99% used [0x0000000772980000,0x000000077377b4c0,0x0000000773780000)
  to   space 24064K, 0% used [0x0000000778500000,0x0000000778500000,0x0000000779c80000)
 ParOldGen       total 108544K, used 25436K [0x00000006c5400000, 0x00000006cbe00000, 0x000000076c700000)
  object space 108544K, 23% used [0x00000006c5400000,0x00000006c6cd7360,0x00000006cbe00000)
 Metaspace       used 27806K, capacity 28730K, committed 28928K, reserved 1075200K
  class space    used 3216K, capacity 3507K, committed 3584K, reserved 1048576K
}
Event: 11.145 GC heap before
{Heap before GC invocations=9 (full 1):
 PSYoungGen      total 115200K, used 115181K [0x000000076c700000, 0x0000000779c80000, 0x00000007c0000000)
  eden space 100864K, 100% used [0x000000076c700000,0x0000000772980000,0x0000000772980000)
  from space 14336K, 99% used [0x0000000772980000,0x000000077377b4c0,0x0000000773780000)
  to   space 24064K, 0% used [0x0000000778500000,0x0000000778500000,0x0000000779c80000)
 ParOldGen       total 108544K, used 25436K [0x00000006c5400000, 0x00000006cbe00000, 0x000000076c700000)
  object space 108544K, 23% used [0x00000006c5400000,0x00000006c6cd7360,0x00000006cbe00000)
 Metaspace       used 28699K, capacity 29612K, committed 29696K, reserved 1075200K
  class space    used 3265K, capacity 3541K, committed 3584K, reserved 1048576K
Event: 11.173 GC heap after
Heap after GC invocations=9 (full 1):
 PSYoungGen      total 185344K, used 24058K [0x000000076c700000, 0x000000077b400000, 0x00000007c0000000)
  eden space 161280K, 0% used [0x000000076c700000,0x000000076c700000,0x0000000776480000)
  from space 24064K, 99% used [0x0000000778500000,0x0000000779c7ebb0,0x0000000779c80000)
  to   space 33280K, 0% used [0x0000000776480000,0x0000000776480000,0x0000000778500000)
 ParOldGen       total 108544K, used 37416K [0x00000006c5400000, 0x00000006cbe00000, 0x000000076c700000)
  object space 108544K, 34% used [0x00000006c5400000,0x00000006c788a1d8,0x00000006cbe00000)
 Metaspace       used 28699K, capacity 29612K, committed 29696K, reserved 1075200K
  class space    used 3265K, capacity 3541K, committed 3584K, reserved 1048576K
}
Event: 13.325 GC heap before
{Heap before GC invocations=10 (full 1):
 PSYoungGen      total 185344K, used 185338K [0x000000076c700000, 0x000000077b400000, 0x00000007c0000000)
  eden space 161280K, 100% used [0x000000076c700000,0x0000000776480000,0x0000000776480000)
  from space 24064K, 99% used [0x0000000778500000,0x0000000779c7ebb0,0x0000000779c80000)
  to   space 33280K, 0% used [0x0000000776480000,0x0000000776480000,0x0000000778500000)
 ParOldGen       total 108544K, used 37416K [0x00000006c5400000, 0x00000006cbe00000, 0x000000076c700000)
  object space 108544K, 34% used [0x00000006c5400000,0x00000006c788a1d8,0x00000006cbe00000)
 Metaspace       used 30303K, capacity 31244K, committed 31360K, reserved 1077248K
  class space    used 3375K, capacity 3637K, committed 3712K, reserved 1048576K
Event: 13.355 GC heap after
Heap after GC invocations=10 (full 1):
 PSYoungGen      total 194560K, used 26532K [0x000000076c700000, 0x000000077f000000, 0x00000007c0000000)
  eden space 161280K, 0% used [0x000000076c700000,0x000000076c700000,0x0000000776480000)
  from space 33280K, 79% used [0x0000000776480000,0x0000000777e69258,0x0000000778500000)
  to   space 35840K, 0% used [0x000000077cd00000,0x000000077cd00000,0x000000077f000000)
 ParOldGen       total 108544K, used 40832K [0x00000006c5400000, 0x00000006cbe00000, 0x000000076c700000)
  object space 108544K, 37% used [0x00000006c5400000,0x00000006c7be01e8,0x00000006cbe00000)
 Metaspace       used 30303K, capacity 31244K, committed 31360K, reserved 1077248K
  class space    used 3375K, capacity 3637K, committed 3712K, reserved 1048576K
}

