# JRE version: Java(TM) SE Runtime Environment (8.0_202-b08) (build 1.8.0_202-b08)
# Java VM: Java HotSpot(TM) 64-Bit Server VM (25.202-b08 mixed mode windows-amd64 compressed oops)
Heap:
 PSYoungGen      total 159232K, used 34532K [0x000000076c700000, 0x000000077bd80000, 0x00000007c0000000)
  eden space 132096K, 5% used [0x000000076c700000,0x000000076ce3ccc0,0x0000000774800000)
  from space 27136K, 99% used [0x0000000774800000,0x000000077627c348,0x0000000776280000)
  to   space 14336K, 0% used [0x0000000776280000,0x0000000776280000,0x0000000777080000)
 ParOldGen       total 108544K, used 31778K [0x00000006c5400000, 0x00000006cbe00000, 0x000000076c700000)
  object space 108544K, 29% used [0x00000006c5400000,0x00000006c7308938,0x00000006cbe00000)
 Metaspace       used 29988K, capacity 30924K, committed 31104K, reserved 1077248K
  class space    used 3371K, capacity 3637K, committed 3712K, reserved 1048576K
GC Heap History (10 events):
Event: 3.032 GC heap before
{Heap before GC invocations=4 (full 1):
 PSYoungGen      total 75264K, used 9630K [0x000000076c700000, 0x0000000775a00000, 0x00000007c0000000)
  eden space 64512K, 0% used [0x000000076c700000,0x000000076c700000,0x0000000770600000)
  from space 10752K, 89% used [0x0000000770600000,0x0000000770f67a48,0x0000000771080000)
  to   space 10752K, 0% used [0x0000000774f80000,0x0000000774f80000,0x0000000775a00000)
 ParOldGen       total 172032K, used 2860K [0x00000006c5400000, 0x00000006cfc00000, 0x000000076c700000)
  object space 172032K, 1% used [0x00000006c5400000,0x00000006c56cb1e0,0x00000006cfc00000)
 Metaspace       used 20400K, capacity 21062K, committed 21248K, reserved 1067008K
  class space    used 2450K, capacity 2713K, committed 2816K, reserved 1048576K
Event: 3.066 GC heap after
Heap after GC invocations=4 (full 1):
 PSYoungGen      total 75264K, used 0K [0x000000076c700000, 0x0000000775a00000, 0x00000007c0000000)
  eden space 64512K, 0% used [0x000000076c700000,0x000000076c700000,0x0000000770600000)
  from space 10752K, 0% used [0x0000000770600000,0x0000000770600000,0x0000000771080000)
  to   space 10752K, 0% used [0x0000000774f80000,0x0000000774f80000,0x0000000775a00000)
 ParOldGen       total 108544K, used 9786K [0x00000006c5400000, 0x00000006cbe00000, 0x000000076c700000)
  object space 108544K, 9% used [0x00000006c5400000,0x00000006c5d8eb80,0x00000006cbe00000)
 Metaspace       used 20400K, capacity 21062K, committed 21248K, reserved 1067008K
  class space    used 2450K, capacity 2713K, committed 2816K, reserved 1048576K
}
Event: 3.683 GC heap before
{Heap before GC invocations=5 (full 1):
 PSYoungGen      total 75264K, used 64512K [0x000000076c700000, 0x0000000775a00000, 0x00000007c0000000)
  eden space 64512K, 100% used [0x000000076c700000,0x0000000770600000,0x0000000770600000)
  from space 10752K, 0% used [0x0000000770600000,0x0000000770600000,0x0000000771080000)
  to   space 10752K, 0% used [0x0000000774f80000,0x0000000774f80000,0x0000000775a00000)
 ParOldGen       total 108544K, used 9786K [0x00000006c5400000, 0x00000006cbe00000, 0x000000076c700000)
  object space 108544K, 9% used [0x00000006c5400000,0x00000006c5d8eb80,0x00000006cbe00000)
 Metaspace       used 21539K, capacity 22298K, committed 22528K, reserved 1069056K
  class space    used 2518K, capacity 2791K, committed 2816K, reserved 1048576K
Event: 3.690 GC heap after
Heap after GC invocations=5 (full 1):
 PSYoungGen      total 102400K, used 4323K [0x000000076c700000, 0x0000000775400000, 0x00000007c0000000)
  eden space 97792K, 0% used [0x000000076c700000,0x000000076c700000,0x0000000772680000)
  from space 4608K, 93% used [0x0000000774f80000,0x00000007753b8d80,0x0000000775400000)
  to   space 10752K, 0% used [0x0000000773f00000,0x0000000773f00000,0x0000000774980000)
 ParOldGen       total 108544K, used 9786K [0x00000006c5400000, 0x00000006cbe00000, 0x000000076c700000)
  object space 108544K, 9% used [0x00000006c5400000,0x00000006c5d8eb80,0x00000006cbe00000)
 Metaspace       used 21539K, capacity 22298K, committed 22528K, reserved 1069056K
  class space    used 2518K, capacity 2791K, committed 2816K, reserved 1048576K
}
Event: 4.558 GC heap before
{Heap before GC invocations=6 (full 1):
 PSYoungGen      total 102400K, used 102115K [0x000000076c700000, 0x0000000775400000, 0x00000007c0000000)
  eden space 97792K, 100% used [0x000000076c700000,0x0000000772680000,0x0000000772680000)
  from space 4608K, 93% used [0x0000000774f80000,0x00000007753b8d80,0x0000000775400000)
  to   space 10752K, 0% used [0x0000000773f00000,0x0000000773f00000,0x0000000774980000)
 ParOldGen       total 108544K, used 9786K [0x00000006c5400000, 0x00000006cbe00000, 0x000000076c700000)
  object space 108544K, 9% used [0x00000006c5400000,0x00000006c5d8eb80,0x00000006cbe00000)
 Metaspace       used 23132K, capacity 23958K, committed 24192K, reserved 1071104K
  class space    used 2661K, capacity 2915K, committed 2944K, reserved 1048576K
Event: 4.563 GC heap after
Heap after GC invocations=6 (full 1):
 PSYoungGen      total 133632K, used 9330K [0x000000076c700000, 0x0000000777080000, 0x00000007c0000000)
  eden space 122880K, 0% used [0x000000076c700000,0x000000076c700000,0x0000000773f00000)
  from space 10752K, 86% used [0x0000000773f00000,0x000000077481caa0,0x0000000774980000)
  to   space 14336K, 0% used [0x0000000776280000,0x0000000776280000,0x0000000777080000)
 ParOldGen       total 108544K, used 9794K [0x00000006c5400000, 0x00000006cbe00000, 0x000000076c700000)
  object space 108544K, 9% used [0x00000006c5400000,0x00000006c5d90b80,0x00000006cbe00000)
 Metaspace       used 23132K, capacity 23958K, committed 24192K, reserved 1071104K
  class space    used 2661K, capacity 2915K, committed 2944K, reserved 1048576K
}
Event: 5.566 GC heap before
{Heap before GC invocations=7 (full 1):
 PSYoungGen      total 133632K, used 132210K [0x000000076c700000, 0x0000000777080000, 0x00000007c0000000)
  eden space 122880K, 100% used [0x000000076c700000,0x0000000773f00000,0x0000000773f00000)
  from space 10752K, 86% used [0x0000000773f00000,0x000000077481caa0,0x0000000774980000)
  to   space 14336K, 0% used [0x0000000776280000,0x0000000776280000,0x0000000777080000)
 ParOldGen       total 108544K, used 9794K [0x00000006c5400000, 0x00000006cbe00000, 0x000000076c700000)
  object space 108544K, 9% used [0x00000006c5400000,0x00000006c5d90b80,0x00000006cbe00000)
 Metaspace       used 27732K, capacity 28666K, committed 28928K, reserved 1075200K
  class space    used 3213K, capacity 3507K, committed 3584K, reserved 1048576K
Event: 5.607 GC heap after
Heap after GC invocations=7 (full 1):
 PSYoungGen      total 146432K, used 14327K [0x000000076c700000, 0x000000077bd80000, 0x00000007c0000000)
  eden space 132096K, 0% used [0x000000076c700000,0x000000076c700000,0x0000000774800000)
  from space 14336K, 99% used [0x0000000776280000,0x000000077707de08,0x0000000777080000)
  to   space 27136K, 0% used [0x0000000774800000,0x0000000774800000,0x0000000776280000)
 ParOldGen       total 108544K, used 28536K [0x00000006c5400000, 0x00000006cbe00000, 0x000000076c700000)
  object space 108544K, 26% used [0x00000006c5400000,0x00000006c6fde050,0x00000006cbe00000)
 Metaspace       used 27732K, capacity 28666K, committed 28928K, reserved 1075200K
  class space    used 3213K, capacity 3507K, committed 3584K, reserved 1048576K
}
Event: 7.050 GC heap before
{Heap before GC invocations=8 (full 1):
 PSYoungGen      total 146432K, used 146423K [0x000000076c700000, 0x000000077bd80000, 0x00000007c0000000)
  eden space 132096K, 100% used [0x000000076c700000,0x0000000774800000,0x0000000774800000)
  from space 14336K, 99% used [0x0000000776280000,0x000000077707de08,0x0000000777080000)
  to   space 27136K, 0% used [0x0000000774800000,0x0000000774800000,0x0000000776280000)
 ParOldGen       total 108544K, used 28536K [0x00000006c5400000, 0x00000006cbe00000, 0x000000076c700000)
  object space 108544K, 26% used [0x00000006c5400000,0x00000006c6fde050,0x00000006cbe00000)
 Metaspace       used 29941K, capacity 30860K, committed 31104K, reserved 1077248K
  class space    used 3371K, capacity 3637K, committed 3712K, reserved 1048576K
Event: 7.082 GC heap after
Heap after GC invocations=8 (full 1):
 PSYoungGen      total 159232K, used 27120K [0x000000076c700000, 0x000000077bd80000, 0x00000007c0000000)
  eden space 132096K, 0% used [0x000000076c700000,0x000000076c700000,0x0000000774800000)
  from space 27136K, 99% used [0x0000000774800000,0x000000077627c348,0x0000000776280000)
  to   space 14336K, 0% used [0x0000000776280000,0x0000000776280000,0x0000000777080000)
 ParOldGen       total 108544K, used 31778K [0x00000006c5400000, 0x00000006cbe00000, 0x000000076c700000)
  object space 108544K, 29% used [0x00000006c5400000,0x00000006c7308938,0x00000006cbe00000)
 Metaspace       used 29941K, capacity 30860K, committed 31104K, reserved 1077248K
  class space    used 3371K, capacity 3637K, committed 3712K, reserved 1048576K
}

