# JRE version: Java(TM) SE Runtime Environment (8.0_202-b08) (build 1.8.0_202-b08)
# Java VM: Java HotSpot(TM) 64-Bit Server VM (25.202-b08 mixed mode windows-amd64 compressed oops)
Heap:
 PSYoungGen      total 251392K, used 74150K [0x000000076c700000, 0x000000077cf80000, 0x00000007c0000000)
  eden space 238080K, 25% used [0x000000076c700000,0x00000007702aaa90,0x000000077af80000)
  from space 13312K, 98% used [0x000000077c280000,0x000000077cf3ee70,0x000000077cf80000)
  to   space 15872K, 0% used [0x000000077b080000,0x000000077b080000,0x000000077c000000)
 ParOldGen       total 166400K, used 17329K [0x00000006c5400000, 0x00000006cf680000, 0x000000076c700000)
  object space 166400K, 10% used [0x00000006c5400000,0x00000006c64ec678,0x00000006cf680000)
 Metaspace       used 52885K, capacity 55126K, committed 55424K, reserved 1097728K
  class space    used 6531K, capacity 7200K, committed 7296K, reserved 1048576K
GC Heap History (10 events):
Event: 2.540 GC heap before
{Heap before GC invocations=8 (full 2):
 PSYoungGen      total 153600K, used 10629K [0x000000076c700000, 0x000000077a700000, 0x00000007c0000000)
  eden space 140800K, 0% used [0x000000076c700000,0x000000076c700000,0x0000000775080000)
  from space 12800K, 83% used [0x0000000775d80000,0x00000007767e15e8,0x0000000776a00000)
  to   space 13312K, 0% used [0x0000000775080000,0x0000000775080000,0x0000000775d80000)
 ParOldGen       total 107520K, used 10876K [0x00000006c5400000, 0x00000006cbd00000, 0x000000076c700000)
  object space 107520K, 10% used [0x00000006c5400000,0x00000006c5e9f368,0x00000006cbd00000)
 Metaspace       used 34364K, capacity 35470K, committed 35496K, reserved 1081344K
  class space    used 4142K, capacity 4454K, committed 4480K, reserved 1048576K
Event: 2.579 GC heap after
Heap after GC invocations=8 (full 2):
 PSYoungGen      total 153600K, used 0K [0x000000076c700000, 0x000000077a700000, 0x00000007c0000000)
  eden space 140800K, 0% used [0x000000076c700000,0x000000076c700000,0x0000000775080000)
  from space 12800K, 0% used [0x0000000775d80000,0x0000000775d80000,0x0000000776a00000)
  to   space 13312K, 0% used [0x0000000775080000,0x0000000775080000,0x0000000775d80000)
 ParOldGen       total 166400K, used 15736K [0x00000006c5400000, 0x00000006cf680000, 0x000000076c700000)
  object space 166400K, 9% used [0x00000006c5400000,0x00000006c635e200,0x00000006cf680000)
 Metaspace       used 34362K, capacity 35464K, committed 35496K, reserved 1081344K
  class space    used 4142K, capacity 4452K, committed 4480K, reserved 1048576K
}
Event: 4.714 GC heap before
{Heap before GC invocations=9 (full 2):
 PSYoungGen      total 153600K, used 140800K [0x000000076c700000, 0x000000077a700000, 0x00000007c0000000)
  eden space 140800K, 100% used [0x000000076c700000,0x0000000775080000,0x0000000775080000)
  from space 12800K, 0% used [0x0000000775d80000,0x0000000775d80000,0x0000000776a00000)
  to   space 13312K, 0% used [0x0000000775080000,0x0000000775080000,0x0000000775d80000)
 ParOldGen       total 166400K, used 15736K [0x00000006c5400000, 0x00000006cf680000, 0x000000076c700000)
  object space 166400K, 9% used [0x00000006c5400000,0x00000006c635e200,0x00000006cf680000)
 Metaspace       used 40024K, capacity 41758K, committed 41856K, reserved 1085440K
  class space    used 4944K, capacity 5472K, committed 5504K, reserved 1048576K
Event: 4.720 GC heap after
Heap after GC invocations=9 (full 2):
 PSYoungGen      total 154112K, used 9641K [0x000000076c700000, 0x000000077a580000, 0x00000007c0000000)
  eden space 140800K, 0% used [0x000000076c700000,0x000000076c700000,0x0000000775080000)
  from space 13312K, 72% used [0x0000000775080000,0x00000007759ea7b0,0x0000000775d80000)
  to   space 13312K, 0% used [0x0000000779880000,0x0000000779880000,0x000000077a580000)
 ParOldGen       total 166400K, used 15744K [0x00000006c5400000, 0x00000006cf680000, 0x000000076c700000)
  object space 166400K, 9% used [0x00000006c5400000,0x00000006c6360200,0x00000006cf680000)
 Metaspace       used 40024K, capacity 41758K, committed 41856K, reserved 1085440K
  class space    used 4944K, capacity 5472K, committed 5504K, reserved 1048576K
}
Event: 5.585 GC heap before
{Heap before GC invocations=10 (full 2):
 PSYoungGen      total 154112K, used 150441K [0x000000076c700000, 0x000000077a580000, 0x00000007c0000000)
  eden space 140800K, 100% used [0x000000076c700000,0x0000000775080000,0x0000000775080000)
  from space 13312K, 72% used [0x0000000775080000,0x00000007759ea7b0,0x0000000775d80000)
  to   space 13312K, 0% used [0x0000000779880000,0x0000000779880000,0x000000077a580000)
 ParOldGen       total 166400K, used 15744K [0x00000006c5400000, 0x00000006cf680000, 0x000000076c700000)
  object space 166400K, 9% used [0x00000006c5400000,0x00000006c6360200,0x00000006cf680000)
 Metaspace       used 45816K, capacity 47912K, committed 48128K, reserved 1091584K
  class space    used 5766K, capacity 6393K, committed 6400K, reserved 1048576K
Event: 5.596 GC heap after
Heap after GC invocations=10 (full 2):
 PSYoungGen      total 211968K, used 13307K [0x000000076c700000, 0x000000077a700000, 0x00000007c0000000)
  eden space 198656K, 0% used [0x000000076c700000,0x000000076c700000,0x0000000778900000)
  from space 13312K, 99% used [0x0000000779880000,0x000000077a57ecf8,0x000000077a580000)
  to   space 15360K, 0% used [0x0000000778900000,0x0000000778900000,0x0000000779800000)
 ParOldGen       total 166400K, used 17313K [0x00000006c5400000, 0x00000006cf680000, 0x000000076c700000)
  object space 166400K, 10% used [0x00000006c5400000,0x00000006c64e8678,0x00000006cf680000)
 Metaspace       used 45816K, capacity 47912K, committed 48128K, reserved 1091584K
  class space    used 5766K, capacity 6393K, committed 6400K, reserved 1048576K
}
Event: 6.497 GC heap before
{Heap before GC invocations=11 (full 2):
 PSYoungGen      total 211968K, used 211963K [0x000000076c700000, 0x000000077a700000, 0x00000007c0000000)
  eden space 198656K, 100% used [0x000000076c700000,0x0000000778900000,0x0000000778900000)
  from space 13312K, 99% used [0x0000000779880000,0x000000077a57ecf8,0x000000077a580000)
  to   space 15360K, 0% used [0x0000000778900000,0x0000000778900000,0x0000000779800000)
 ParOldGen       total 166400K, used 17313K [0x00000006c5400000, 0x00000006cf680000, 0x000000076c700000)
  object space 166400K, 10% used [0x00000006c5400000,0x00000006c64e8678,0x00000006cf680000)
 Metaspace       used 46460K, capacity 48514K, committed 48640K, reserved 1091584K
  class space    used 5769K, capacity 6396K, committed 6400K, reserved 1048576K
Event: 6.503 GC heap after
Heap after GC invocations=11 (full 2):
 PSYoungGen      total 214016K, used 10801K [0x000000076c700000, 0x000000077d100000, 0x00000007c0000000)
  eden space 198656K, 0% used [0x000000076c700000,0x000000076c700000,0x0000000778900000)
  from space 15360K, 70% used [0x0000000778900000,0x000000077938c610,0x0000000779800000)
  to   space 14848K, 0% used [0x000000077c280000,0x000000077c280000,0x000000077d100000)
 ParOldGen       total 166400K, used 17321K [0x00000006c5400000, 0x00000006cf680000, 0x000000076c700000)
  object space 166400K, 10% used [0x00000006c5400000,0x00000006c64ea678,0x00000006cf680000)
 Metaspace       used 46460K, capacity 48514K, committed 48640K, reserved 1091584K
  class space    used 5769K, capacity 6396K, committed 6400K, reserved 1048576K
}
Event: 8.234 GC heap before
{Heap before GC invocations=12 (full 2):
 PSYoungGen      total 214016K, used 209457K [0x000000076c700000, 0x000000077d100000, 0x00000007c0000000)
  eden space 198656K, 100% used [0x000000076c700000,0x0000000778900000,0x0000000778900000)
  from space 15360K, 70% used [0x0000000778900000,0x000000077938c610,0x0000000779800000)
  to   space 14848K, 0% used [0x000000077c280000,0x000000077c280000,0x000000077d100000)
 ParOldGen       total 166400K, used 17321K [0x00000006c5400000, 0x00000006cf680000, 0x000000076c700000)
  object space 166400K, 10% used [0x00000006c5400000,0x00000006c64ea678,0x00000006cf680000)
 Metaspace       used 49213K, capacity 51334K, committed 51584K, reserved 1093632K
  class space    used 6129K, capacity 6738K, committed 6784K, reserved 1048576K
Event: 8.243 GC heap after
Heap after GC invocations=12 (full 2):
 PSYoungGen      total 251392K, used 13051K [0x000000076c700000, 0x000000077cf80000, 0x00000007c0000000)
  eden space 238080K, 0% used [0x000000076c700000,0x000000076c700000,0x000000077af80000)
  from space 13312K, 98% used [0x000000077c280000,0x000000077cf3ee70,0x000000077cf80000)
  to   space 15872K, 0% used [0x000000077b080000,0x000000077b080000,0x000000077c000000)
 ParOldGen       total 166400K, used 17329K [0x00000006c5400000, 0x00000006cf680000, 0x000000076c700000)
  object space 166400K, 10% used [0x00000006c5400000,0x00000006c64ec678,0x00000006cf680000)
 Metaspace       used 49213K, capacity 51334K, committed 51584K, reserved 1093632K
  class space    used 6129K, capacity 6738K, committed 6784K, reserved 1048576K
}

