# JRE version: Java(TM) SE Runtime Environment (8.0_202-b08) (build 1.8.0_202-b08)
# Java VM: Java HotSpot(TM) 64-Bit Server VM (25.202-b08 mixed mode windows-amd64 compressed oops)
Heap:
 PSYoungGen      total 291328K, used 119785K [0x000000076c700000, 0x000000077fd00000, 0x00000007c0000000)
  eden space 275968K, 38% used [0x000000076c700000,0x0000000772d70018,0x000000077d480000)
  from space 15360K, 96% used [0x000000077ee00000,0x000000077fc8a668,0x000000077fd00000)
  to   space 18944K, 0% used [0x000000077d800000,0x000000077d800000,0x000000077ea80000)
 ParOldGen       total 167936K, used 17579K [0x00000006c5400000, 0x00000006cf800000, 0x000000076c700000)
  object space 167936K, 10% used [0x00000006c5400000,0x00000006c652af78,0x00000006cf800000)
 Metaspace       used 55430K, capacity 58392K, committed 58624K, reserved 1099776K
  class space    used 6761K, capacity 7629K, committed 7680K, reserved 1048576K
GC Heap History (10 events):
Event: 5.147 GC heap before
{Heap before GC invocations=10 (full 2):
 PSYoungGen      total 154624K, used 150732K [0x000000076c700000, 0x000000077a700000, 0x00000007c0000000)
  eden space 140800K, 100% used [0x000000076c700000,0x0000000775080000,0x0000000775080000)
  from space 13824K, 71% used [0x0000000775080000,0x0000000775a331e0,0x0000000775e00000)
  to   space 13824K, 0% used [0x0000000779980000,0x0000000779980000,0x000000077a700000)
 ParOldGen       total 167936K, used 15315K [0x00000006c5400000, 0x00000006cf800000, 0x000000076c700000)
  object space 167936K, 9% used [0x00000006c5400000,0x00000006c62f4d58,0x00000006cf800000)
 Metaspace       used 45930K, capacity 47952K, committed 48256K, reserved 1091584K
  class space    used 5816K, capacity 6430K, committed 6528K, reserved 1048576K
Event: 5.157 GC heap after
Heap after GC invocations=10 (full 2):
 PSYoungGen      total 212480K, used 13796K [0x000000076c700000, 0x000000077a800000, 0x00000007c0000000)
  eden space 198656K, 0% used [0x000000076c700000,0x000000076c700000,0x0000000778900000)
  from space 13824K, 99% used [0x0000000779980000,0x000000077a6f9258,0x000000077a700000)
  to   space 15872K, 0% used [0x0000000778900000,0x0000000778900000,0x0000000779880000)
 ParOldGen       total 167936K, used 16374K [0x00000006c5400000, 0x00000006cf800000, 0x000000076c700000)
  object space 167936K, 9% used [0x00000006c5400000,0x00000006c63fdb28,0x00000006cf800000)
 Metaspace       used 45930K, capacity 47952K, committed 48256K, reserved 1091584K
  class space    used 5816K, capacity 6430K, committed 6528K, reserved 1048576K
}
Event: 6.128 GC heap before
{Heap before GC invocations=11 (full 2):
 PSYoungGen      total 212480K, used 212452K [0x000000076c700000, 0x000000077a800000, 0x00000007c0000000)
  eden space 198656K, 100% used [0x000000076c700000,0x0000000778900000,0x0000000778900000)
  from space 13824K, 99% used [0x0000000779980000,0x000000077a6f9258,0x000000077a700000)
  to   space 15872K, 0% used [0x0000000778900000,0x0000000778900000,0x0000000779880000)
 ParOldGen       total 167936K, used 16374K [0x00000006c5400000, 0x00000006cf800000, 0x000000076c700000)
  object space 167936K, 9% used [0x00000006c5400000,0x00000006c63fdb28,0x00000006cf800000)
 Metaspace       used 46709K, capacity 48752K, committed 49024K, reserved 1091584K
  class space    used 5819K, capacity 6434K, committed 6528K, reserved 1048576K
Event: 6.134 GC heap after
Heap after GC invocations=11 (full 2):
 PSYoungGen      total 214528K, used 10782K [0x000000076c700000, 0x000000077d200000, 0x00000007c0000000)
  eden space 198656K, 0% used [0x000000076c700000,0x000000076c700000,0x0000000778900000)
  from space 15872K, 67% used [0x0000000778900000,0x0000000779387ae8,0x0000000779880000)
  to   space 15360K, 0% used [0x000000077c300000,0x000000077c300000,0x000000077d200000)
 ParOldGen       total 167936K, used 16382K [0x00000006c5400000, 0x00000006cf800000, 0x000000076c700000)
  object space 167936K, 9% used [0x00000006c5400000,0x00000006c63ffb28,0x00000006cf800000)
 Metaspace       used 46709K, capacity 48752K, committed 49024K, reserved 1091584K
  class space    used 5819K, capacity 6434K, committed 6528K, reserved 1048576K
}
Event: 7.071 GC heap before
{Heap before GC invocations=12 (full 2):
 PSYoungGen      total 214528K, used 209438K [0x000000076c700000, 0x000000077d200000, 0x00000007c0000000)
  eden space 198656K, 100% used [0x000000076c700000,0x0000000778900000,0x0000000778900000)
  from space 15872K, 67% used [0x0000000778900000,0x0000000779387ae8,0x0000000779880000)
  to   space 15360K, 0% used [0x000000077c300000,0x000000077c300000,0x000000077d200000)
 ParOldGen       total 167936K, used 16382K [0x00000006c5400000, 0x00000006cf800000, 0x000000076c700000)
  object space 167936K, 9% used [0x00000006c5400000,0x00000006c63ffb28,0x00000006cf800000)
 Metaspace       used 53065K, capacity 55304K, committed 55424K, reserved 1097728K
  class space    used 6572K, capacity 7261K, committed 7296K, reserved 1048576K
Event: 7.081 GC heap after
Heap after GC invocations=12 (full 2):
 PSYoungGen      total 256000K, used 15349K [0x000000076c700000, 0x000000077d400000, 0x00000007c0000000)
  eden space 240640K, 0% used [0x000000076c700000,0x000000076c700000,0x000000077b200000)
  from space 15360K, 99% used [0x000000077c300000,0x000000077d1fd710,0x000000077d200000)
  to   space 17408K, 0% used [0x000000077b200000,0x000000077b200000,0x000000077c300000)
 ParOldGen       total 167936K, used 17555K [0x00000006c5400000, 0x00000006cf800000, 0x000000076c700000)
  object space 167936K, 10% used [0x00000006c5400000,0x00000006c6524f78,0x00000006cf800000)
 Metaspace       used 53065K, capacity 55304K, committed 55424K, reserved 1097728K
  class space    used 6572K, capacity 7261K, committed 7296K, reserved 1048576K
}
Event: 13.233 GC heap before
{Heap before GC invocations=13 (full 2):
 PSYoungGen      total 256000K, used 255989K [0x000000076c700000, 0x000000077d400000, 0x00000007c0000000)
  eden space 240640K, 100% used [0x000000076c700000,0x000000077b200000,0x000000077b200000)
  from space 15360K, 99% used [0x000000077c300000,0x000000077d1fd710,0x000000077d200000)
  to   space 17408K, 0% used [0x000000077b200000,0x000000077b200000,0x000000077c300000)
 ParOldGen       total 167936K, used 17555K [0x00000006c5400000, 0x00000006cf800000, 0x000000076c700000)
  object space 167936K, 10% used [0x00000006c5400000,0x00000006c6524f78,0x00000006cf800000)
 Metaspace       used 54266K, capacity 56800K, committed 56832K, reserved 1099776K
  class space    used 6662K, capacity 7418K, committed 7424K, reserved 1048576K
Event: 13.242 GC heap after
Heap after GC invocations=13 (full 2):
 PSYoungGen      total 258048K, used 15175K [0x000000076c700000, 0x0000000780000000, 0x00000007c0000000)
  eden space 240640K, 0% used [0x000000076c700000,0x000000076c700000,0x000000077b200000)
  from space 17408K, 87% used [0x000000077b200000,0x000000077c0d1ef0,0x000000077c300000)
  to   space 18432K, 0% used [0x000000077ee00000,0x000000077ee00000,0x0000000780000000)
 ParOldGen       total 167936K, used 17571K [0x00000006c5400000, 0x00000006cf800000, 0x000000076c700000)
  object space 167936K, 10% used [0x00000006c5400000,0x00000006c6528f78,0x00000006cf800000)
 Metaspace       used 54266K, capacity 56800K, committed 56832K, reserved 1099776K
  class space    used 6662K, capacity 7418K, committed 7424K, reserved 1048576K
}
Event: 25.233 GC heap before
{Heap before GC invocations=14 (full 2):
 PSYoungGen      total 258048K, used 255815K [0x000000076c700000, 0x0000000780000000, 0x00000007c0000000)
  eden space 240640K, 100% used [0x000000076c700000,0x000000077b200000,0x000000077b200000)
  from space 17408K, 87% used [0x000000077b200000,0x000000077c0d1ef0,0x000000077c300000)
  to   space 18432K, 0% used [0x000000077ee00000,0x000000077ee00000,0x0000000780000000)
 ParOldGen       total 167936K, used 17571K [0x00000006c5400000, 0x00000006cf800000, 0x000000076c700000)
  object space 167936K, 10% used [0x00000006c5400000,0x00000006c6528f78,0x00000006cf800000)
 Metaspace       used 55258K, capacity 58250K, committed 58368K, reserved 1099776K
  class space    used 6752K, capacity 7604K, committed 7680K, reserved 1048576K
Event: 25.243 GC heap after
Heap after GC invocations=14 (full 2):
 PSYoungGen      total 291328K, used 14889K [0x000000076c700000, 0x000000077fd00000, 0x00000007c0000000)
  eden space 275968K, 0% used [0x000000076c700000,0x000000076c700000,0x000000077d480000)
  from space 15360K, 96% used [0x000000077ee00000,0x000000077fc8a668,0x000000077fd00000)
  to   space 18944K, 0% used [0x000000077d800000,0x000000077d800000,0x000000077ea80000)
 ParOldGen       total 167936K, used 17579K [0x00000006c5400000, 0x00000006cf800000, 0x000000076c700000)
  object space 167936K, 10% used [0x00000006c5400000,0x00000006c652af78,0x00000006cf800000)
 Metaspace       used 55258K, capacity 58250K, committed 58368K, reserved 1099776K
  class space    used 6752K, capacity 7604K, committed 7680K, reserved 1048576K
}

