# JRE version: Java(TM) SE Runtime Environment (8.0_202-b08) (build 1.8.0_202-b08)
# Java VM: Java HotSpot(TM) 64-Bit Server VM (25.202-b08 mixed mode windows-amd64 compressed oops)
Heap:
 PSYoungGen      total 335872K, used 83941K [0x000000076c700000, 0x0000000784c00000, 0x00000007c0000000)
  eden space 316928K, 23% used [0x000000076c700000,0x00000007710b7b90,0x000000077fc80000)
  from space 18944K, 44% used [0x0000000780d00000,0x0000000781541a18,0x0000000781f80000)
  to   space 16896K, 0% used [0x000000077fc80000,0x000000077fc80000,0x0000000780d00000)
 ParOldGen       total 244224K, used 30352K [0x00000006c5400000, 0x00000006d4280000, 0x000000076c700000)
  object space 244224K, 12% used [0x00000006c5400000,0x00000006c71a42a0,0x00000006d4280000)
 Metaspace       used 57000K, capacity 61075K, committed 61656K, reserved 1101824K
  class space    used 7412K, capacity 8748K, committed 8960K, reserved 1048576K
GC Heap History (10 events):
Event: 7.362 GC heap before
{Heap before GC invocations=17 (full 3):
 PSYoungGen      total 333824K, used 325041K [0x000000076c700000, 0x0000000781f80000, 0x00000007c0000000)
  eden space 314880K, 100% used [0x000000076c700000,0x000000077fa80000,0x000000077fa80000)
  from space 18944K, 53% used [0x000000077fa80000,0x000000078046c5f0,0x0000000780d00000)
  to   space 18944K, 0% used [0x0000000780d00000,0x0000000780d00000,0x0000000781f80000)
 ParOldGen       total 244224K, used 30310K [0x00000006c5400000, 0x00000006d4280000, 0x000000076c700000)
  object space 244224K, 12% used [0x00000006c5400000,0x00000006c7199a00,0x00000006d4280000)
 Metaspace       used 56852K, capacity 60883K, committed 61400K, reserved 1101824K
  class space    used 7407K, capacity 8748K, committed 8960K, reserved 1048576K
Event: 7.370 GC heap after
Heap after GC invocations=17 (full 3):
 PSYoungGen      total 333824K, used 12625K [0x000000076c700000, 0x0000000781f80000, 0x00000007c0000000)
  eden space 314880K, 0% used [0x000000076c700000,0x000000076c700000,0x000000077fa80000)
  from space 18944K, 66% used [0x0000000780d00000,0x0000000781954720,0x0000000781f80000)
  to   space 18944K, 0% used [0x000000077fa80000,0x000000077fa80000,0x0000000780d00000)
 ParOldGen       total 244224K, used 30318K [0x00000006c5400000, 0x00000006d4280000, 0x000000076c700000)
  object space 244224K, 12% used [0x00000006c5400000,0x00000006c719ba00,0x00000006d4280000)
 Metaspace       used 56852K, capacity 60883K, committed 61400K, reserved 1101824K
  class space    used 7407K, capacity 8748K, committed 8960K, reserved 1048576K
}
Event: 7.646 GC heap before
{Heap before GC invocations=18 (full 3):
 PSYoungGen      total 333824K, used 327505K [0x000000076c700000, 0x0000000781f80000, 0x00000007c0000000)
  eden space 314880K, 100% used [0x000000076c700000,0x000000077fa80000,0x000000077fa80000)
  from space 18944K, 66% used [0x0000000780d00000,0x0000000781954720,0x0000000781f80000)
  to   space 18944K, 0% used [0x000000077fa80000,0x000000077fa80000,0x0000000780d00000)
 ParOldGen       total 244224K, used 30326K [0x00000006c5400000, 0x00000006d4280000, 0x000000076c700000)
  object space 244224K, 12% used [0x00000006c5400000,0x00000006c719da10,0x00000006d4280000)
 Metaspace       used 56886K, capacity 60947K, committed 61656K, reserved 1101824K
  class space    used 7407K, capacity 8748K, committed 8960K, reserved 1048576K
Event: 7.653 GC heap after
Heap after GC invocations=18 (full 3):
 PSYoungGen      total 333824K, used 10149K [0x000000076c700000, 0x0000000781f80000, 0x00000007c0000000)
  eden space 314880K, 0% used [0x000000076c700000,0x000000076c700000,0x000000077fa80000)
  from space 18944K, 53% used [0x000000077fa80000,0x0000000780469448,0x0000000780d00000)
  to   space 18944K, 0% used [0x0000000780d00000,0x0000000780d00000,0x0000000781f80000)
 ParOldGen       total 244224K, used 30334K [0x00000006c5400000, 0x00000006d4280000, 0x000000076c700000)
  object space 244224K, 12% used [0x00000006c5400000,0x00000006c719fa10,0x00000006d4280000)
 Metaspace       used 56886K, capacity 60947K, committed 61656K, reserved 1101824K
  class space    used 7407K, capacity 8748K, committed 8960K, reserved 1048576K
}
Event: 7.895 GC heap before
{Heap before GC invocations=19 (full 3):
 PSYoungGen      total 333824K, used 325029K [0x000000076c700000, 0x0000000781f80000, 0x00000007c0000000)
  eden space 314880K, 100% used [0x000000076c700000,0x000000077fa80000,0x000000077fa80000)
  from space 18944K, 53% used [0x000000077fa80000,0x0000000780469448,0x0000000780d00000)
  to   space 18944K, 0% used [0x0000000780d00000,0x0000000780d00000,0x0000000781f80000)
 ParOldGen       total 244224K, used 30336K [0x00000006c5400000, 0x00000006d4280000, 0x000000076c700000)
  object space 244224K, 12% used [0x00000006c5400000,0x00000006c71a02a0,0x00000006d4280000)
 Metaspace       used 56904K, capacity 60947K, committed 61656K, reserved 1101824K
  class space    used 7407K, capacity 8748K, committed 8960K, reserved 1048576K
Event: 7.903 GC heap after
Heap after GC invocations=19 (full 3):
 PSYoungGen      total 333824K, used 8214K [0x000000076c700000, 0x0000000781f80000, 0x00000007c0000000)
  eden space 314880K, 0% used [0x000000076c700000,0x000000076c700000,0x000000077fa80000)
  from space 18944K, 43% used [0x0000000780d00000,0x0000000781505918,0x0000000781f80000)
  to   space 18944K, 0% used [0x000000077fa80000,0x000000077fa80000,0x0000000780d00000)
 ParOldGen       total 244224K, used 30336K [0x00000006c5400000, 0x00000006d4280000, 0x000000076c700000)
  object space 244224K, 12% used [0x00000006c5400000,0x00000006c71a02a0,0x00000006d4280000)
 Metaspace       used 56904K, capacity 60947K, committed 61656K, reserved 1101824K
  class space    used 7407K, capacity 8748K, committed 8960K, reserved 1048576K
}
Event: 8.202 GC heap before
{Heap before GC invocations=20 (full 3):
 PSYoungGen      total 333824K, used 323094K [0x000000076c700000, 0x0000000781f80000, 0x00000007c0000000)
  eden space 314880K, 100% used [0x000000076c700000,0x000000077fa80000,0x000000077fa80000)
  from space 18944K, 43% used [0x0000000780d00000,0x0000000781505918,0x0000000781f80000)
  to   space 18944K, 0% used [0x000000077fa80000,0x000000077fa80000,0x0000000780d00000)
 ParOldGen       total 244224K, used 30336K [0x00000006c5400000, 0x00000006d4280000, 0x000000076c700000)
  object space 244224K, 12% used [0x00000006c5400000,0x00000006c71a02a0,0x00000006d4280000)
 Metaspace       used 56983K, capacity 61011K, committed 61656K, reserved 1101824K
  class space    used 7409K, capacity 8748K, committed 8960K, reserved 1048576K
Event: 8.206 GC heap after
Heap after GC invocations=20 (full 3):
 PSYoungGen      total 333824K, used 7715K [0x000000076c700000, 0x0000000781f80000, 0x00000007c0000000)
  eden space 314880K, 0% used [0x000000076c700000,0x000000076c700000,0x000000077fa80000)
  from space 18944K, 40% used [0x000000077fa80000,0x0000000780208c68,0x0000000780d00000)
  to   space 18944K, 0% used [0x0000000780d00000,0x0000000780d00000,0x0000000781f80000)
 ParOldGen       total 244224K, used 30344K [0x00000006c5400000, 0x00000006d4280000, 0x000000076c700000)
  object space 244224K, 12% used [0x00000006c5400000,0x00000006c71a22a0,0x00000006d4280000)
 Metaspace       used 56983K, capacity 61011K, committed 61656K, reserved 1101824K
  class space    used 7409K, capacity 8748K, committed 8960K, reserved 1048576K
}
Event: 8.492 GC heap before
{Heap before GC invocations=21 (full 3):
 PSYoungGen      total 333824K, used 322595K [0x000000076c700000, 0x0000000781f80000, 0x00000007c0000000)
  eden space 314880K, 100% used [0x000000076c700000,0x000000077fa80000,0x000000077fa80000)
  from space 18944K, 40% used [0x000000077fa80000,0x0000000780208c68,0x0000000780d00000)
  to   space 18944K, 0% used [0x0000000780d00000,0x0000000780d00000,0x0000000781f80000)
 ParOldGen       total 244224K, used 30344K [0x00000006c5400000, 0x00000006d4280000, 0x000000076c700000)
  object space 244224K, 12% used [0x00000006c5400000,0x00000006c71a22a0,0x00000006d4280000)
 Metaspace       used 57000K, capacity 61075K, committed 61656K, reserved 1101824K
  class space    used 7412K, capacity 8748K, committed 8960K, reserved 1048576K
Event: 8.495 GC heap after
Heap after GC invocations=21 (full 3):
 PSYoungGen      total 335872K, used 8454K [0x000000076c700000, 0x0000000784c00000, 0x00000007c0000000)
  eden space 316928K, 0% used [0x000000076c700000,0x000000076c700000,0x000000077fc80000)
  from space 18944K, 44% used [0x0000000780d00000,0x0000000781541a18,0x0000000781f80000)
  to   space 16896K, 0% used [0x000000077fc80000,0x000000077fc80000,0x0000000780d00000)
 ParOldGen       total 244224K, used 30352K [0x00000006c5400000, 0x00000006d4280000, 0x000000076c700000)
  object space 244224K, 12% used [0x00000006c5400000,0x00000006c71a42a0,0x00000006d4280000)
 Metaspace       used 57000K, capacity 61075K, committed 61656K, reserved 1101824K
  class space    used 7412K, capacity 8748K, committed 8960K, reserved 1048576K
}

