# JRE version: Java(TM) SE Runtime Environment (8.0_202-b08) (build 1.8.0_202-b08)
# Java VM: Java HotSpot(TM) 64-Bit Server VM (25.202-b08 mixed mode windows-amd64 compressed oops)
Heap:
 PSYoungGen      total 140800K, used 121146K [0x000000076c700000, 0x0000000777700000, 0x00000007c0000000)
  eden space 126976K, 95% used [0x000000076c700000,0x0000000773d4e9d8,0x0000000774300000)
  from space 13824K, 0% used [0x0000000776980000,0x0000000776980000,0x0000000777700000)
  to   space 10752K, 0% used [0x0000000774300000,0x0000000774300000,0x0000000774d80000)
 ParOldGen       total 102400K, used 15095K [0x00000006c5400000, 0x00000006cb800000, 0x000000076c700000)
  object space 102400K, 14% used [0x00000006c5400000,0x00000006c62bdd08,0x00000006cb800000)
 Metaspace       used 38985K, capacity 40448K, committed 40576K, reserved 1085440K
  class space    used 4811K, capacity 5243K, committed 5248K, reserved 1048576K
GC Heap History (10 events):
Event: 1.744 GC heap before
{Heap before GC invocations=4 (full 1):
 PSYoungGen      total 75264K, used 7010K [0x000000076c700000, 0x0000000775a00000, 0x00000007c0000000)
  eden space 64512K, 0% used [0x000000076c700000,0x000000076c700000,0x0000000770600000)
  from space 10752K, 65% used [0x0000000770600000,0x0000000770cd8af0,0x0000000771080000)
  to   space 10752K, 0% used [0x0000000774f80000,0x0000000774f80000,0x0000000775a00000)
 ParOldGen       total 172032K, used 96K [0x00000006c5400000, 0x00000006cfc00000, 0x000000076c700000)
  object space 172032K, 0% used [0x00000006c5400000,0x00000006c5418010,0x00000006cfc00000)
 Metaspace       used 20731K, capacity 21096K, committed 21296K, reserved 1069056K
  class space    used 2507K, capacity 2621K, committed 2688K, reserved 1048576K
Event: 1.763 GC heap after
Heap after GC invocations=4 (full 1):
 PSYoungGen      total 75264K, used 0K [0x000000076c700000, 0x0000000775a00000, 0x00000007c0000000)
  eden space 64512K, 0% used [0x000000076c700000,0x000000076c700000,0x0000000770600000)
  from space 10752K, 0% used [0x0000000770600000,0x0000000770600000,0x0000000771080000)
  to   space 10752K, 0% used [0x0000000774f80000,0x0000000774f80000,0x0000000775a00000)
 ParOldGen       total 102400K, used 6831K [0x00000006c5400000, 0x00000006cb800000, 0x000000076c700000)
  object space 102400K, 6% used [0x00000006c5400000,0x00000006c5aabf68,0x00000006cb800000)
 Metaspace       used 20731K, capacity 21096K, committed 21296K, reserved 1069056K
  class space    used 2507K, capacity 2621K, committed 2688K, reserved 1048576K
}
Event: 2.262 GC heap before
{Heap before GC invocations=5 (full 1):
 PSYoungGen      total 75264K, used 64512K [0x000000076c700000, 0x0000000775a00000, 0x00000007c0000000)
  eden space 64512K, 100% used [0x000000076c700000,0x0000000770600000,0x0000000770600000)
  from space 10752K, 0% used [0x0000000770600000,0x0000000770600000,0x0000000771080000)
  to   space 10752K, 0% used [0x0000000774f80000,0x0000000774f80000,0x0000000775a00000)
 ParOldGen       total 102400K, used 6831K [0x00000006c5400000, 0x00000006cb800000, 0x000000076c700000)
  object space 102400K, 6% used [0x00000006c5400000,0x00000006c5aabf68,0x00000006cb800000)
 Metaspace       used 27590K, capacity 28176K, committed 28416K, reserved 1075200K
  class space    used 3390K, capacity 3567K, committed 3584K, reserved 1048576K
Event: 2.268 GC heap after
Heap after GC invocations=5 (full 1):
 PSYoungGen      total 107520K, used 8334K [0x000000076c700000, 0x0000000775800000, 0x00000007c0000000)
  eden space 98816K, 0% used [0x000000076c700000,0x000000076c700000,0x0000000772780000)
  from space 8704K, 95% used [0x0000000774f80000,0x00000007757a3b78,0x0000000775800000)
  to   space 10752K, 0% used [0x0000000774300000,0x0000000774300000,0x0000000774d80000)
 ParOldGen       total 102400K, used 6839K [0x00000006c5400000, 0x00000006cb800000, 0x000000076c700000)
  object space 102400K, 6% used [0x00000006c5400000,0x00000006c5aadf68,0x00000006cb800000)
 Metaspace       used 27590K, capacity 28176K, committed 28416K, reserved 1075200K
  class space    used 3390K, capacity 3567K, committed 3584K, reserved 1048576K
}
Event: 3.028 GC heap before
{Heap before GC invocations=6 (full 1):
 PSYoungGen      total 107520K, used 107150K [0x000000076c700000, 0x0000000775800000, 0x00000007c0000000)
  eden space 98816K, 100% used [0x000000076c700000,0x0000000772780000,0x0000000772780000)
  from space 8704K, 95% used [0x0000000774f80000,0x00000007757a3b78,0x0000000775800000)
  to   space 10752K, 0% used [0x0000000774300000,0x0000000774300000,0x0000000774d80000)
 ParOldGen       total 102400K, used 6839K [0x00000006c5400000, 0x00000006cb800000, 0x000000076c700000)
  object space 102400K, 6% used [0x00000006c5400000,0x00000006c5aadf68,0x00000006cb800000)
 Metaspace       used 33774K, capacity 34458K, committed 34688K, reserved 1079296K
  class space    used 4040K, capacity 4207K, committed 4224K, reserved 1048576K
Event: 3.040 GC heap after
Heap after GC invocations=6 (full 1):
 PSYoungGen      total 137728K, used 10720K [0x000000076c700000, 0x0000000777700000, 0x00000007c0000000)
  eden space 126976K, 0% used [0x000000076c700000,0x000000076c700000,0x0000000774300000)
  from space 10752K, 99% used [0x0000000774300000,0x0000000774d78310,0x0000000774d80000)
  to   space 13824K, 0% used [0x0000000776980000,0x0000000776980000,0x0000000777700000)
 ParOldGen       total 102400K, used 10535K [0x00000006c5400000, 0x00000006cb800000, 0x000000076c700000)
  object space 102400K, 10% used [0x00000006c5400000,0x00000006c5e49c80,0x00000006cb800000)
 Metaspace       used 33774K, capacity 34458K, committed 34688K, reserved 1079296K
  class space    used 4040K, capacity 4207K, committed 4224K, reserved 1048576K
}
Event: 3.150 GC heap before
{Heap before GC invocations=7 (full 1):
 PSYoungGen      total 137728K, used 31209K [0x000000076c700000, 0x0000000777700000, 0x00000007c0000000)
  eden space 126976K, 16% used [0x000000076c700000,0x000000076db021e8,0x0000000774300000)
  from space 10752K, 99% used [0x0000000774300000,0x0000000774d78310,0x0000000774d80000)
  to   space 13824K, 0% used [0x0000000776980000,0x0000000776980000,0x0000000777700000)
 ParOldGen       total 102400K, used 10535K [0x00000006c5400000, 0x00000006cb800000, 0x000000076c700000)
  object space 102400K, 10% used [0x00000006c5400000,0x00000006c5e49c80,0x00000006cb800000)
 Metaspace       used 34560K, capacity 35412K, committed 35496K, reserved 1081344K
  class space    used 4157K, capacity 4422K, committed 4480K, reserved 1048576K
Event: 3.159 GC heap after
Heap after GC invocations=7 (full 1):
 PSYoungGen      total 140800K, used 11138K [0x000000076c700000, 0x0000000777700000, 0x00000007c0000000)
  eden space 126976K, 0% used [0x000000076c700000,0x000000076c700000,0x0000000774300000)
  from space 13824K, 80% used [0x0000000776980000,0x0000000777460a70,0x0000000777700000)
  to   space 10752K, 0% used [0x0000000774300000,0x0000000774300000,0x0000000774d80000)
 ParOldGen       total 102400K, used 10543K [0x00000006c5400000, 0x00000006cb800000, 0x000000076c700000)
  object space 102400K, 10% used [0x00000006c5400000,0x00000006c5e4bc80,0x00000006cb800000)
 Metaspace       used 34560K, capacity 35412K, committed 35496K, reserved 1081344K
  class space    used 4157K, capacity 4422K, committed 4480K, reserved 1048576K
}
Event: 3.159 GC heap before
{Heap before GC invocations=8 (full 2):
 PSYoungGen      total 140800K, used 11138K [0x000000076c700000, 0x0000000777700000, 0x00000007c0000000)
  eden space 126976K, 0% used [0x000000076c700000,0x000000076c700000,0x0000000774300000)
  from space 13824K, 80% used [0x0000000776980000,0x0000000777460a70,0x0000000777700000)
  to   space 10752K, 0% used [0x0000000774300000,0x0000000774300000,0x0000000774d80000)
 ParOldGen       total 102400K, used 10543K [0x00000006c5400000, 0x00000006cb800000, 0x000000076c700000)
  object space 102400K, 10% used [0x00000006c5400000,0x00000006c5e4bc80,0x00000006cb800000)
 Metaspace       used 34560K, capacity 35412K, committed 35496K, reserved 1081344K
  class space    used 4157K, capacity 4422K, committed 4480K, reserved 1048576K
Event: 3.202 GC heap after
Heap after GC invocations=8 (full 2):
 PSYoungGen      total 140800K, used 0K [0x000000076c700000, 0x0000000777700000, 0x00000007c0000000)
  eden space 126976K, 0% used [0x000000076c700000,0x000000076c700000,0x0000000774300000)
  from space 13824K, 0% used [0x0000000776980000,0x0000000776980000,0x0000000777700000)
  to   space 10752K, 0% used [0x0000000774300000,0x0000000774300000,0x0000000774d80000)
 ParOldGen       total 102400K, used 15095K [0x00000006c5400000, 0x00000006cb800000, 0x000000076c700000)
  object space 102400K, 14% used [0x00000006c5400000,0x00000006c62bdd08,0x00000006cb800000)
 Metaspace       used 34558K, capacity 35406K, committed 35496K, reserved 1081344K
  class space    used 4156K, capacity 4420K, committed 4480K, reserved 1048576K
}

