# JRE version: Java(TM) SE Runtime Environment (8.0_202-b08) (build 1.8.0_202-b08)
# Java VM: Java HotSpot(TM) 64-Bit Server VM (25.202-b08 mixed mode windows-amd64 compressed oops)
Heap:
 PSYoungGen      total 75264K, used 36193K [0x000000076c700000, 0x0000000773e80000, 0x00000007c0000000)
  eden space 64512K, 39% used [0x000000076c700000,0x000000076dfdca30,0x0000000770600000)
  from space 10752K, 99% used [0x0000000770600000,0x000000077107bc10,0x0000000771080000)
  to   space 11776K, 0% used [0x0000000773300000,0x0000000773300000,0x0000000773e80000)
 ParOldGen       total 104960K, used 7683K [0x00000006c5400000, 0x00000006cba80000, 0x000000076c700000)
  object space 104960K, 7% used [0x00000006c5400000,0x00000006c5b80f80,0x00000006cba80000)
 Metaspace       used 33372K, capacity 34074K, committed 34176K, reserved 1079296K
  class space    used 3979K, capacity 4143K, committed 4224K, reserved 1048576K
GC Heap History (10 events):
Event: 1.526 GC heap before
{Heap before GC invocations=2 (full 0):
 PSYoungGen      total 75264K, used 70836K [0x000000076c700000, 0x0000000771b00000, 0x00000007c0000000)
  eden space 64512K, 100% used [0x000000076c700000,0x0000000770600000,0x0000000770600000)
  from space 10752K, 58% used [0x0000000770600000,0x0000000770c2d308,0x0000000771080000)
  to   space 10752K, 0% used [0x0000000771080000,0x0000000771080000,0x0000000771b00000)
 ParOldGen       total 172032K, used 72K [0x00000006c5400000, 0x00000006cfc00000, 0x000000076c700000)
  object space 172032K, 0% used [0x00000006c5400000,0x00000006c5412010,0x00000006cfc00000)
 Metaspace       used 18339K, capacity 18704K, committed 18816K, reserved 1064960K
  class space    used 2246K, capacity 2359K, committed 2432K, reserved 1048576K
Event: 1.531 GC heap after
Heap after GC invocations=2 (full 0):
 PSYoungGen      total 75264K, used 8370K [0x000000076c700000, 0x0000000771b00000, 0x00000007c0000000)
  eden space 64512K, 0% used [0x000000076c700000,0x000000076c700000,0x0000000770600000)
  from space 10752K, 77% used [0x0000000771080000,0x00000007718acbb8,0x0000000771b00000)
  to   space 10752K, 0% used [0x0000000770600000,0x0000000770600000,0x0000000771080000)
 ParOldGen       total 172032K, used 152K [0x00000006c5400000, 0x00000006cfc00000, 0x000000076c700000)
  object space 172032K, 0% used [0x00000006c5400000,0x00000006c5426020,0x00000006cfc00000)
 Metaspace       used 18339K, capacity 18704K, committed 18816K, reserved 1064960K
  class space    used 2246K, capacity 2359K, committed 2432K, reserved 1048576K
}
Event: 1.712 GC heap before
{Heap before GC invocations=3 (full 0):
 PSYoungGen      total 75264K, used 32963K [0x000000076c700000, 0x0000000771b00000, 0x00000007c0000000)
  eden space 64512K, 38% used [0x000000076c700000,0x000000076df04340,0x0000000770600000)
  from space 10752K, 77% used [0x0000000771080000,0x00000007718acbb8,0x0000000771b00000)
  to   space 10752K, 0% used [0x0000000770600000,0x0000000770600000,0x0000000771080000)
 ParOldGen       total 172032K, used 152K [0x00000006c5400000, 0x00000006cfc00000, 0x000000076c700000)
  object space 172032K, 0% used [0x00000006c5400000,0x00000006c5426020,0x00000006cfc00000)
 Metaspace       used 20724K, capacity 21096K, committed 21296K, reserved 1069056K
  class space    used 2508K, capacity 2621K, committed 2688K, reserved 1048576K
Event: 1.716 GC heap after
Heap after GC invocations=3 (full 0):
 PSYoungGen      total 75264K, used 7075K [0x000000076c700000, 0x0000000771b00000, 0x00000007c0000000)
  eden space 64512K, 0% used [0x000000076c700000,0x000000076c700000,0x0000000770600000)
  from space 10752K, 65% used [0x0000000770600000,0x0000000770ce8df8,0x0000000771080000)
  to   space 10752K, 0% used [0x0000000771080000,0x0000000771080000,0x0000000771b00000)
 ParOldGen       total 172032K, used 160K [0x00000006c5400000, 0x00000006cfc00000, 0x000000076c700000)
  object space 172032K, 0% used [0x00000006c5400000,0x00000006c5428020,0x00000006cfc00000)
 Metaspace       used 20724K, capacity 21096K, committed 21296K, reserved 1069056K
  class space    used 2508K, capacity 2621K, committed 2688K, reserved 1048576K
}
Event: 1.716 GC heap before
{Heap before GC invocations=4 (full 1):
 PSYoungGen      total 75264K, used 7075K [0x000000076c700000, 0x0000000771b00000, 0x00000007c0000000)
  eden space 64512K, 0% used [0x000000076c700000,0x000000076c700000,0x0000000770600000)
  from space 10752K, 65% used [0x0000000770600000,0x0000000770ce8df8,0x0000000771080000)
  to   space 10752K, 0% used [0x0000000771080000,0x0000000771080000,0x0000000771b00000)
 ParOldGen       total 172032K, used 160K [0x00000006c5400000, 0x00000006cfc00000, 0x000000076c700000)
  object space 172032K, 0% used [0x00000006c5400000,0x00000006c5428020,0x00000006cfc00000)
 Metaspace       used 20724K, capacity 21096K, committed 21296K, reserved 1069056K
  class space    used 2508K, capacity 2621K, committed 2688K, reserved 1048576K
Event: 1.737 GC heap after
Heap after GC invocations=4 (full 1):
 PSYoungGen      total 75264K, used 0K [0x000000076c700000, 0x0000000771b00000, 0x00000007c0000000)
  eden space 64512K, 0% used [0x000000076c700000,0x000000076c700000,0x0000000770600000)
  from space 10752K, 0% used [0x0000000770600000,0x0000000770600000,0x0000000771080000)
  to   space 10752K, 0% used [0x0000000771080000,0x0000000771080000,0x0000000771b00000)
 ParOldGen       total 104960K, used 6847K [0x00000006c5400000, 0x00000006cba80000, 0x000000076c700000)
  object space 104960K, 6% used [0x00000006c5400000,0x00000006c5aafec0,0x00000006cba80000)
 Metaspace       used 20724K, capacity 21096K, committed 21296K, reserved 1069056K
  class space    used 2508K, capacity 2621K, committed 2688K, reserved 1048576K
}
Event: 2.260 GC heap before
{Heap before GC invocations=5 (full 1):
 PSYoungGen      total 75264K, used 64512K [0x000000076c700000, 0x0000000771b00000, 0x00000007c0000000)
  eden space 64512K, 100% used [0x000000076c700000,0x0000000770600000,0x0000000770600000)
  from space 10752K, 0% used [0x0000000770600000,0x0000000770600000,0x0000000771080000)
  to   space 10752K, 0% used [0x0000000771080000,0x0000000771080000,0x0000000771b00000)
 ParOldGen       total 104960K, used 6847K [0x00000006c5400000, 0x00000006cba80000, 0x000000076c700000)
  object space 104960K, 6% used [0x00000006c5400000,0x00000006c5aafec0,0x00000006cba80000)
 Metaspace       used 27513K, capacity 28116K, committed 28160K, reserved 1073152K
  class space    used 3380K, capacity 3567K, committed 3584K, reserved 1048576K
Event: 2.264 GC heap after
Heap after GC invocations=5 (full 1):
 PSYoungGen      total 75264K, used 8287K [0x000000076c700000, 0x0000000773900000, 0x00000007c0000000)
  eden space 64512K, 0% used [0x000000076c700000,0x000000076c700000,0x0000000770600000)
  from space 10752K, 77% used [0x0000000771080000,0x0000000771897e18,0x0000000771b00000)
  to   space 10752K, 0% used [0x0000000770600000,0x0000000770600000,0x0000000771080000)
 ParOldGen       total 104960K, used 6855K [0x00000006c5400000, 0x00000006cba80000, 0x000000076c700000)
  object space 104960K, 6% used [0x00000006c5400000,0x00000006c5ab1ec0,0x00000006cba80000)
 Metaspace       used 27513K, capacity 28116K, committed 28160K, reserved 1073152K
  class space    used 3380K, capacity 3567K, committed 3584K, reserved 1048576K
}
Event: 2.768 GC heap before
{Heap before GC invocations=6 (full 1):
 PSYoungGen      total 75264K, used 72799K [0x000000076c700000, 0x0000000773900000, 0x00000007c0000000)
  eden space 64512K, 100% used [0x000000076c700000,0x0000000770600000,0x0000000770600000)
  from space 10752K, 77% used [0x0000000771080000,0x0000000771897e18,0x0000000771b00000)
  to   space 10752K, 0% used [0x0000000770600000,0x0000000770600000,0x0000000771080000)
 ParOldGen       total 104960K, used 6855K [0x00000006c5400000, 0x00000006cba80000, 0x000000076c700000)
  object space 104960K, 6% used [0x00000006c5400000,0x00000006c5ab1ec0,0x00000006cba80000)
 Metaspace       used 31583K, capacity 32282K, committed 32384K, reserved 1077248K
  class space    used 3781K, capacity 3951K, committed 3968K, reserved 1048576K
Event: 2.780 GC heap after
Heap after GC invocations=6 (full 1):
 PSYoungGen      total 75264K, used 10735K [0x000000076c700000, 0x0000000773e80000, 0x00000007c0000000)
  eden space 64512K, 0% used [0x000000076c700000,0x000000076c700000,0x0000000770600000)
  from space 10752K, 99% used [0x0000000770600000,0x000000077107bc10,0x0000000771080000)
  to   space 11776K, 0% used [0x0000000773300000,0x0000000773300000,0x0000000773e80000)
 ParOldGen       total 104960K, used 7683K [0x00000006c5400000, 0x00000006cba80000, 0x000000076c700000)
  object space 104960K, 7% used [0x00000006c5400000,0x00000006c5b80f80,0x00000006cba80000)
 Metaspace       used 31583K, capacity 32282K, committed 32384K, reserved 1077248K
  class space    used 3781K, capacity 3951K, committed 3968K, reserved 1048576K
}

