# JRE version: Java(TM) SE Runtime Environment (8.0_202-b08) (build 1.8.0_202-b08)
# Java VM: Java HotSpot(TM) 64-Bit Server VM (25.202-b08 mixed mode windows-amd64 compressed oops)
Heap:
 PSYoungGen      total 106496K, used 2027K [0x000000076c700000, 0x0000000774680000, 0x00000007c0000000)
  eden space 94720K, 2% used [0x000000076c700000,0x000000076c8faf20,0x0000000772380000)
  from space 11776K, 0% used [0x0000000773180000,0x0000000773180000,0x0000000773d00000)
  to   space 14336K, 0% used [0x0000000772380000,0x0000000772380000,0x0000000773180000)
 ParOldGen       total 103936K, used 17017K [0x00000006c5400000, 0x00000006cb980000, 0x000000076c700000)
  object space 103936K, 16% used [0x00000006c5400000,0x00000006c649e7d8,0x00000006cb980000)
 Metaspace       used 34688K, capacity 35818K, committed 36136K, reserved 1081344K
  class space    used 4188K, capacity 4504K, committed 4608K, reserved 1048576K
GC Heap History (10 events):
Event: 1.316 GC heap before
{Heap before GC invocations=4 (full 1):
 PSYoungGen      total 75264K, used 7130K [0x000000076c700000, 0x0000000771b00000, 0x00000007c0000000)
  eden space 64512K, 0% used [0x000000076c700000,0x000000076c700000,0x0000000770600000)
  from space 10752K, 66% used [0x0000000770600000,0x0000000770cf6990,0x0000000771080000)
  to   space 10752K, 0% used [0x0000000771080000,0x0000000771080000,0x0000000771b00000)
 ParOldGen       total 172032K, used 96K [0x00000006c5400000, 0x00000006cfc00000, 0x000000076c700000)
  object space 172032K, 0% used [0x00000006c5400000,0x00000006c5418010,0x00000006cfc00000)
 Metaspace       used 20733K, capacity 21112K, committed 21296K, reserved 1069056K
  class space    used 2507K, capacity 2623K, committed 2688K, reserved 1048576K
Event: 1.335 GC heap after
Heap after GC invocations=4 (full 1):
 PSYoungGen      total 75264K, used 0K [0x000000076c700000, 0x0000000771b00000, 0x00000007c0000000)
  eden space 64512K, 0% used [0x000000076c700000,0x000000076c700000,0x0000000770600000)
  from space 10752K, 0% used [0x0000000770600000,0x0000000770600000,0x0000000771080000)
  to   space 10752K, 0% used [0x0000000771080000,0x0000000771080000,0x0000000771b00000)
 ParOldGen       total 103936K, used 6969K [0x00000006c5400000, 0x00000006cb980000, 0x000000076c700000)
  object space 103936K, 6% used [0x00000006c5400000,0x00000006c5ace5f8,0x00000006cb980000)
 Metaspace       used 20733K, capacity 21112K, committed 21296K, reserved 1069056K
  class space    used 2507K, capacity 2623K, committed 2688K, reserved 1048576K
}
Event: 1.778 GC heap before
{Heap before GC invocations=5 (full 1):
 PSYoungGen      total 75264K, used 64512K [0x000000076c700000, 0x0000000771b00000, 0x00000007c0000000)
  eden space 64512K, 100% used [0x000000076c700000,0x0000000770600000,0x0000000770600000)
  from space 10752K, 0% used [0x0000000770600000,0x0000000770600000,0x0000000771080000)
  to   space 10752K, 0% used [0x0000000771080000,0x0000000771080000,0x0000000771b00000)
 ParOldGen       total 103936K, used 6969K [0x00000006c5400000, 0x00000006cb980000, 0x000000076c700000)
  object space 103936K, 6% used [0x00000006c5400000,0x00000006c5ace5f8,0x00000006cb980000)
 Metaspace       used 27483K, capacity 28036K, committed 28160K, reserved 1073152K
  class space    used 3367K, capacity 3537K, committed 3584K, reserved 1048576K
Event: 1.782 GC heap after
Heap after GC invocations=5 (full 1):
 PSYoungGen      total 75264K, used 8475K [0x000000076c700000, 0x0000000773980000, 0x00000007c0000000)
  eden space 64512K, 0% used [0x000000076c700000,0x000000076c700000,0x0000000770600000)
  from space 10752K, 78% used [0x0000000771080000,0x00000007718c6e10,0x0000000771b00000)
  to   space 10752K, 0% used [0x0000000770600000,0x0000000770600000,0x0000000771080000)
 ParOldGen       total 103936K, used 6977K [0x00000006c5400000, 0x00000006cb980000, 0x000000076c700000)
  object space 103936K, 6% used [0x00000006c5400000,0x00000006c5ad05f8,0x00000006cb980000)
 Metaspace       used 27483K, capacity 28036K, committed 28160K, reserved 1073152K
  class space    used 3367K, capacity 3537K, committed 3584K, reserved 1048576K
}
Event: 2.138 GC heap before
{Heap before GC invocations=6 (full 1):
 PSYoungGen      total 75264K, used 72987K [0x000000076c700000, 0x0000000773980000, 0x00000007c0000000)
  eden space 64512K, 100% used [0x000000076c700000,0x0000000770600000,0x0000000770600000)
  from space 10752K, 78% used [0x0000000771080000,0x00000007718c6e10,0x0000000771b00000)
  to   space 10752K, 0% used [0x0000000770600000,0x0000000770600000,0x0000000771080000)
 ParOldGen       total 103936K, used 6977K [0x00000006c5400000, 0x00000006cb980000, 0x000000076c700000)
  object space 103936K, 6% used [0x00000006c5400000,0x00000006c5ad05f8,0x00000006cb980000)
 Metaspace       used 31590K, capacity 32298K, committed 32384K, reserved 1077248K
  class space    used 3777K, capacity 3953K, committed 3968K, reserved 1048576K
Event: 2.144 GC heap after
Heap after GC invocations=6 (full 1):
 PSYoungGen      total 75264K, used 10730K [0x000000076c700000, 0x0000000773d00000, 0x00000007c0000000)
  eden space 64512K, 0% used [0x000000076c700000,0x000000076c700000,0x0000000770600000)
  from space 10752K, 99% used [0x0000000770600000,0x000000077107aaa0,0x0000000771080000)
  to   space 11776K, 0% used [0x0000000773180000,0x0000000773180000,0x0000000773d00000)
 ParOldGen       total 103936K, used 8146K [0x00000006c5400000, 0x00000006cb980000, 0x000000076c700000)
  object space 103936K, 7% used [0x00000006c5400000,0x00000006c5bf4ae8,0x00000006cb980000)
 Metaspace       used 31590K, capacity 32298K, committed 32384K, reserved 1077248K
  class space    used 3777K, capacity 3953K, committed 3968K, reserved 1048576K
}
Event: 2.353 GC heap before
{Heap before GC invocations=7 (full 1):
 PSYoungGen      total 75264K, used 64325K [0x000000076c700000, 0x0000000773d00000, 0x00000007c0000000)
  eden space 64512K, 83% used [0x000000076c700000,0x000000076fb56a70,0x0000000770600000)
  from space 10752K, 99% used [0x0000000770600000,0x000000077107aaa0,0x0000000771080000)
  to   space 11776K, 0% used [0x0000000773180000,0x0000000773180000,0x0000000773d00000)
 ParOldGen       total 103936K, used 8146K [0x00000006c5400000, 0x00000006cb980000, 0x000000076c700000)
  object space 103936K, 7% used [0x00000006c5400000,0x00000006c5bf4ae8,0x00000006cb980000)
 Metaspace       used 34570K, capacity 35460K, committed 35496K, reserved 1081344K
  class space    used 4153K, capacity 4446K, committed 4480K, reserved 1048576K
Event: 2.361 GC heap after
Heap after GC invocations=7 (full 1):
 PSYoungGen      total 106496K, used 11755K [0x000000076c700000, 0x0000000774680000, 0x00000007c0000000)
  eden space 94720K, 0% used [0x000000076c700000,0x000000076c700000,0x0000000772380000)
  from space 11776K, 99% used [0x0000000773180000,0x0000000773cfaf00,0x0000000773d00000)
  to   space 14336K, 0% used [0x0000000772380000,0x0000000772380000,0x0000000773180000)
 ParOldGen       total 103936K, used 10029K [0x00000006c5400000, 0x00000006cb980000, 0x000000076c700000)
  object space 103936K, 9% used [0x00000006c5400000,0x00000006c5dcb6f0,0x00000006cb980000)
 Metaspace       used 34570K, capacity 35460K, committed 35496K, reserved 1081344K
  class space    used 4153K, capacity 4446K, committed 4480K, reserved 1048576K
}
Event: 2.361 GC heap before
{Heap before GC invocations=8 (full 2):
 PSYoungGen      total 106496K, used 11755K [0x000000076c700000, 0x0000000774680000, 0x00000007c0000000)
  eden space 94720K, 0% used [0x000000076c700000,0x000000076c700000,0x0000000772380000)
  from space 11776K, 99% used [0x0000000773180000,0x0000000773cfaf00,0x0000000773d00000)
  to   space 14336K, 0% used [0x0000000772380000,0x0000000772380000,0x0000000773180000)
 ParOldGen       total 103936K, used 10029K [0x00000006c5400000, 0x00000006cb980000, 0x000000076c700000)
  object space 103936K, 9% used [0x00000006c5400000,0x00000006c5dcb6f0,0x00000006cb980000)
 Metaspace       used 34570K, capacity 35460K, committed 35496K, reserved 1081344K
  class space    used 4153K, capacity 4446K, committed 4480K, reserved 1048576K
Event: 2.411 GC heap after
Heap after GC invocations=8 (full 2):
 PSYoungGen      total 106496K, used 0K [0x000000076c700000, 0x0000000774680000, 0x00000007c0000000)
  eden space 94720K, 0% used [0x000000076c700000,0x000000076c700000,0x0000000772380000)
  from space 11776K, 0% used [0x0000000773180000,0x0000000773180000,0x0000000773d00000)
  to   space 14336K, 0% used [0x0000000772380000,0x0000000772380000,0x0000000773180000)
 ParOldGen       total 103936K, used 17017K [0x00000006c5400000, 0x00000006cb980000, 0x000000076c700000)
  object space 103936K, 16% used [0x00000006c5400000,0x00000006c649e7d8,0x00000006cb980000)
 Metaspace       used 34568K, capacity 35454K, committed 35496K, reserved 1081344K
  class space    used 4152K, capacity 4444K, committed 4480K, reserved 1048576K
}

