# JRE version: Java(TM) SE Runtime Environment (8.0_202-b08) (build 1.8.0_202-b08)
# Java VM: Java HotSpot(TM) 64-Bit Server VM (25.202-b08 mixed mode windows-amd64 compressed oops)
Heap:
 PSYoungGen      total 109568K, used 101204K [0x000000076c700000, 0x0000000774700000, 0x00000007c0000000)
  eden space 94720K, 91% used [0x000000076c700000,0x0000000771bce4a0,0x0000000772380000)
  from space 14848K, 96% used [0x0000000772380000,0x0000000773186d90,0x0000000773200000)
  to   space 12288K, 0% used [0x0000000773200000,0x0000000773200000,0x0000000773e00000)
 ParOldGen       total 103936K, used 17085K [0x00000006c5400000, 0x00000006cb980000, 0x000000076c700000)
  object space 103936K, 16% used [0x00000006c5400000,0x00000006c64af6a8,0x00000006cb980000)
 Metaspace       used 46486K, capacity 48558K, committed 48768K, reserved 1091584K
  class space    used 5815K, capacity 6430K, committed 6528K, reserved 1048576K
GC Heap History (10 events):
Event: 2.999 GC heap before
{Heap before GC invocations=7 (full 1):
 PSYoungGen      total 75264K, used 65598K [0x000000076c700000, 0x0000000773e00000, 0x00000007c0000000)
  eden space 64512K, 85% used [0x000000076c700000,0x000000076fc91c88,0x0000000770600000)
  from space 10752K, 99% used [0x0000000770600000,0x000000077107de40,0x0000000771080000)
  to   space 12288K, 0% used [0x0000000773200000,0x0000000773200000,0x0000000773e00000)
 ParOldGen       total 103936K, used 8048K [0x00000006c5400000, 0x00000006cb980000, 0x000000076c700000)
  object space 103936K, 7% used [0x00000006c5400000,0x00000006c5bdc030,0x00000006cb980000)
 Metaspace       used 34607K, capacity 35362K, committed 35456K, reserved 1081344K
  class space    used 4145K, capacity 4403K, committed 4480K, reserved 1048576K
Event: 3.008 GC heap after
Heap after GC invocations=7 (full 1):
 PSYoungGen      total 107008K, used 12262K [0x000000076c700000, 0x0000000774700000, 0x00000007c0000000)
  eden space 94720K, 0% used [0x000000076c700000,0x000000076c700000,0x0000000772380000)
  from space 12288K, 99% used [0x0000000773200000,0x0000000773df9950,0x0000000773e00000)
  to   space 14848K, 0% used [0x0000000772380000,0x0000000772380000,0x0000000773200000)
 ParOldGen       total 103936K, used 9709K [0x00000006c5400000, 0x00000006cb980000, 0x000000076c700000)
  object space 103936K, 9% used [0x00000006c5400000,0x00000006c5d7b410,0x00000006cb980000)
 Metaspace       used 34607K, capacity 35362K, committed 35456K, reserved 1081344K
  class space    used 4145K, capacity 4403K, committed 4480K, reserved 1048576K
}
Event: 3.008 GC heap before
{Heap before GC invocations=8 (full 2):
 PSYoungGen      total 107008K, used 12262K [0x000000076c700000, 0x0000000774700000, 0x00000007c0000000)
  eden space 94720K, 0% used [0x000000076c700000,0x000000076c700000,0x0000000772380000)
  from space 12288K, 99% used [0x0000000773200000,0x0000000773df9950,0x0000000773e00000)
  to   space 14848K, 0% used [0x0000000772380000,0x0000000772380000,0x0000000773200000)
 ParOldGen       total 103936K, used 9709K [0x00000006c5400000, 0x00000006cb980000, 0x000000076c700000)
  object space 103936K, 9% used [0x00000006c5400000,0x00000006c5d7b410,0x00000006cb980000)
 Metaspace       used 34607K, capacity 35362K, committed 35456K, reserved 1081344K
  class space    used 4145K, capacity 4403K, committed 4480K, reserved 1048576K
Event: 3.062 GC heap after
Heap after GC invocations=8 (full 2):
 PSYoungGen      total 107008K, used 0K [0x000000076c700000, 0x0000000774700000, 0x00000007c0000000)
  eden space 94720K, 0% used [0x000000076c700000,0x000000076c700000,0x0000000772380000)
  from space 12288K, 0% used [0x0000000773200000,0x0000000773200000,0x0000000773e00000)
  to   space 14848K, 0% used [0x0000000772380000,0x0000000772380000,0x0000000773200000)
 ParOldGen       total 103936K, used 17061K [0x00000006c5400000, 0x00000006cb980000, 0x000000076c700000)
  object space 103936K, 16% used [0x00000006c5400000,0x00000006c64a96a8,0x00000006cb980000)
 Metaspace       used 34605K, capacity 35356K, committed 35456K, reserved 1081344K
  class space    used 4144K, capacity 4401K, committed 4480K, reserved 1048576K
}
Event: 3.678 GC heap before
{Heap before GC invocations=9 (full 2):
 PSYoungGen      total 107008K, used 94720K [0x000000076c700000, 0x0000000774700000, 0x00000007c0000000)
  eden space 94720K, 100% used [0x000000076c700000,0x0000000772380000,0x0000000772380000)
  from space 12288K, 0% used [0x0000000773200000,0x0000000773200000,0x0000000773e00000)
  to   space 14848K, 0% used [0x0000000772380000,0x0000000772380000,0x0000000773200000)
 ParOldGen       total 103936K, used 17061K [0x00000006c5400000, 0x00000006cb980000, 0x000000076c700000)
  object space 103936K, 16% used [0x00000006c5400000,0x00000006c64a96a8,0x00000006cb980000)
 Metaspace       used 37823K, capacity 39290K, committed 39424K, reserved 1083392K
  class space    used 4624K, capacity 5041K, committed 5120K, reserved 1048576K
Event: 3.683 GC heap after
Heap after GC invocations=9 (full 2):
 PSYoungGen      total 109568K, used 4983K [0x000000076c700000, 0x0000000774700000, 0x00000007c0000000)
  eden space 94720K, 0% used [0x000000076c700000,0x000000076c700000,0x0000000772380000)
  from space 14848K, 33% used [0x0000000772380000,0x000000077285ddc8,0x0000000773200000)
  to   space 12288K, 0% used [0x0000000773200000,0x0000000773200000,0x0000000773e00000)
 ParOldGen       total 103936K, used 17069K [0x00000006c5400000, 0x00000006cb980000, 0x000000076c700000)
  object space 103936K, 16% used [0x00000006c5400000,0x00000006c64ab6a8,0x00000006cb980000)
 Metaspace       used 37823K, capacity 39290K, committed 39424K, reserved 1083392K
  class space    used 4624K, capacity 5041K, committed 5120K, reserved 1048576K
}
Event: 5.116 GC heap before
{Heap before GC invocations=10 (full 2):
 PSYoungGen      total 109568K, used 99703K [0x000000076c700000, 0x0000000774700000, 0x00000007c0000000)
  eden space 94720K, 100% used [0x000000076c700000,0x0000000772380000,0x0000000772380000)
  from space 14848K, 33% used [0x0000000772380000,0x000000077285ddc8,0x0000000773200000)
  to   space 12288K, 0% used [0x0000000773200000,0x0000000773200000,0x0000000773e00000)
 ParOldGen       total 103936K, used 17069K [0x00000006c5400000, 0x00000006cb980000, 0x000000076c700000)
  object space 103936K, 16% used [0x00000006c5400000,0x00000006c64ab6a8,0x00000006cb980000)
 Metaspace       used 41968K, capacity 43872K, committed 44160K, reserved 1087488K
  class space    used 5312K, capacity 5903K, committed 6016K, reserved 1048576K
Event: 5.123 GC heap after
Heap after GC invocations=10 (full 2):
 PSYoungGen      total 107008K, used 11329K [0x000000076c700000, 0x0000000774700000, 0x00000007c0000000)
  eden space 94720K, 0% used [0x000000076c700000,0x000000076c700000,0x0000000772380000)
  from space 12288K, 92% used [0x0000000773200000,0x0000000773d107c0,0x0000000773e00000)
  to   space 14848K, 0% used [0x0000000772380000,0x0000000772380000,0x0000000773200000)
 ParOldGen       total 103936K, used 17077K [0x00000006c5400000, 0x00000006cb980000, 0x000000076c700000)
  object space 103936K, 16% used [0x00000006c5400000,0x00000006c64ad6a8,0x00000006cb980000)
 Metaspace       used 41968K, capacity 43872K, committed 44160K, reserved 1087488K
  class space    used 5312K, capacity 5903K, committed 6016K, reserved 1048576K
}
Event: 5.873 GC heap before
{Heap before GC invocations=11 (full 2):
 PSYoungGen      total 107008K, used 106049K [0x000000076c700000, 0x0000000774700000, 0x00000007c0000000)
  eden space 94720K, 100% used [0x000000076c700000,0x0000000772380000,0x0000000772380000)
  from space 12288K, 92% used [0x0000000773200000,0x0000000773d107c0,0x0000000773e00000)
  to   space 14848K, 0% used [0x0000000772380000,0x0000000772380000,0x0000000773200000)
 ParOldGen       total 103936K, used 17077K [0x00000006c5400000, 0x00000006cb980000, 0x000000076c700000)
  object space 103936K, 16% used [0x00000006c5400000,0x00000006c64ad6a8,0x00000006cb980000)
 Metaspace       used 46115K, capacity 48154K, committed 48256K, reserved 1091584K
  class space    used 5813K, capacity 6428K, committed 6528K, reserved 1048576K
Event: 5.881 GC heap after
Heap after GC invocations=11 (full 2):
 PSYoungGen      total 109568K, used 14363K [0x000000076c700000, 0x0000000774700000, 0x00000007c0000000)
  eden space 94720K, 0% used [0x000000076c700000,0x000000076c700000,0x0000000772380000)
  from space 14848K, 96% used [0x0000000772380000,0x0000000773186d90,0x0000000773200000)
  to   space 12288K, 0% used [0x0000000773200000,0x0000000773200000,0x0000000773e00000)
 ParOldGen       total 103936K, used 17085K [0x00000006c5400000, 0x00000006cb980000, 0x000000076c700000)
  object space 103936K, 16% used [0x00000006c5400000,0x00000006c64af6a8,0x00000006cb980000)
 Metaspace       used 46115K, capacity 48154K, committed 48256K, reserved 1091584K
  class space    used 5813K, capacity 6428K, committed 6528K, reserved 1048576K
}

