# JRE version: Java(TM) SE Runtime Environment (8.0_202-b08) (build 1.8.0_202-b08)
# Java VM: Java HotSpot(TM) 64-Bit Server VM (25.202-b08 mixed mode windows-amd64 compressed oops)
Heap:
 PSYoungGen      total 279552K, used 189171K [0x000000076c700000, 0x0000000785c00000, 0x00000007c0000000)
  eden space 236032K, 68% used [0x000000076c700000,0x0000000776463f28,0x000000077ad80000)
  from space 43520K, 64% used [0x000000077ad80000,0x000000077c8d9078,0x000000077d800000)
  to   space 44544K, 0% used [0x0000000783080000,0x0000000783080000,0x0000000785c00000)
 ParOldGen       total 102400K, used 56095K [0x00000006c5400000, 0x00000006cb800000, 0x000000076c700000)
  object space 102400K, 54% used [0x00000006c5400000,0x00000006c8ac7c80,0x00000006cb800000)
 Metaspace       used 32541K, capacity 33482K, committed 33664K, reserved 1079296K
  class space    used 3561K, capacity 3904K, committed 3968K, reserved 1048576K
GC Heap History (10 events):
Event: 3.801 GC heap before
{Heap before GC invocations=6 (full 1):
 PSYoungGen      total 105984K, used 105875K [0x000000076c700000, 0x0000000775400000, 0x00000007c0000000)
  eden space 101376K, 100% used [0x000000076c700000,0x0000000772a00000,0x0000000772a00000)
  from space 4608K, 97% used [0x0000000774f80000,0x00000007753e4d70,0x0000000775400000)
  to   space 10752K, 0% used [0x0000000773f00000,0x0000000773f00000,0x0000000774980000)
 ParOldGen       total 102400K, used 9276K [0x00000006c5400000, 0x00000006cb800000, 0x000000076c700000)
  object space 102400K, 9% used [0x00000006c5400000,0x00000006c5d0f398,0x00000006cb800000)
 Metaspace       used 22937K, capacity 23766K, committed 23936K, reserved 1071104K
  class space    used 2639K, capacity 2915K, committed 2944K, reserved 1048576K
Event: 3.808 GC heap after
Heap after GC invocations=6 (full 1):
 PSYoungGen      total 133632K, used 9054K [0x000000076c700000, 0x0000000777b00000, 0x00000007c0000000)
  eden space 122880K, 0% used [0x000000076c700000,0x000000076c700000,0x0000000773f00000)
  from space 10752K, 84% used [0x0000000773f00000,0x00000007747d7ac0,0x0000000774980000)
  to   space 13824K, 0% used [0x0000000776d80000,0x0000000776d80000,0x0000000777b00000)
 ParOldGen       total 102400K, used 9284K [0x00000006c5400000, 0x00000006cb800000, 0x000000076c700000)
  object space 102400K, 9% used [0x00000006c5400000,0x00000006c5d11398,0x00000006cb800000)
 Metaspace       used 22937K, capacity 23766K, committed 23936K, reserved 1071104K
  class space    used 2639K, capacity 2915K, committed 2944K, reserved 1048576K
}
Event: 5.304 GC heap before
{Heap before GC invocations=7 (full 1):
 PSYoungGen      total 133632K, used 131934K [0x000000076c700000, 0x0000000777b00000, 0x00000007c0000000)
  eden space 122880K, 100% used [0x000000076c700000,0x0000000773f00000,0x0000000773f00000)
  from space 10752K, 84% used [0x0000000773f00000,0x00000007747d7ac0,0x0000000774980000)
  to   space 13824K, 0% used [0x0000000776d80000,0x0000000776d80000,0x0000000777b00000)
 ParOldGen       total 102400K, used 9284K [0x00000006c5400000, 0x00000006cb800000, 0x000000076c700000)
  object space 102400K, 9% used [0x00000006c5400000,0x00000006c5d11398,0x00000006cb800000)
 Metaspace       used 27684K, capacity 28602K, committed 28928K, reserved 1075200K
  class space    used 3205K, capacity 3507K, committed 3584K, reserved 1048576K
Event: 5.325 GC heap after
Heap after GC invocations=7 (full 1):
 PSYoungGen      total 161792K, used 13798K [0x000000076c700000, 0x000000077ad80000, 0x00000007c0000000)
  eden space 147968K, 0% used [0x000000076c700000,0x000000076c700000,0x0000000775780000)
  from space 13824K, 99% used [0x0000000776d80000,0x0000000777af9838,0x0000000777b00000)
  to   space 22528K, 0% used [0x0000000775780000,0x0000000775780000,0x0000000776d80000)
 ParOldGen       total 102400K, used 21273K [0x00000006c5400000, 0x00000006cb800000, 0x000000076c700000)
  object space 102400K, 20% used [0x00000006c5400000,0x00000006c68c6598,0x00000006cb800000)
 Metaspace       used 27684K, capacity 28602K, committed 28928K, reserved 1075200K
  class space    used 3205K, capacity 3507K, committed 3584K, reserved 1048576K
}
Event: 6.248 GC heap before
{Heap before GC invocations=8 (full 1):
 PSYoungGen      total 161792K, used 161766K [0x000000076c700000, 0x000000077ad80000, 0x00000007c0000000)
  eden space 147968K, 100% used [0x000000076c700000,0x0000000775780000,0x0000000775780000)
  from space 13824K, 99% used [0x0000000776d80000,0x0000000777af9838,0x0000000777b00000)
  to   space 22528K, 0% used [0x0000000775780000,0x0000000775780000,0x0000000776d80000)
 ParOldGen       total 102400K, used 21273K [0x00000006c5400000, 0x00000006cb800000, 0x000000076c700000)
  object space 102400K, 20% used [0x00000006c5400000,0x00000006c68c6598,0x00000006cb800000)
 Metaspace       used 28727K, capacity 29612K, committed 29696K, reserved 1075200K
  class space    used 3261K, capacity 3541K, committed 3584K, reserved 1048576K
Event: 6.273 GC heap after
Heap after GC invocations=8 (full 1):
 PSYoungGen      total 170496K, used 22505K [0x000000076c700000, 0x000000077ff80000, 0x00000007c0000000)
  eden space 147968K, 0% used [0x000000076c700000,0x000000076c700000,0x0000000775780000)
  from space 22528K, 99% used [0x0000000775780000,0x0000000776d7a540,0x0000000776d80000)
  to   space 40448K, 0% used [0x000000077d800000,0x000000077d800000,0x000000077ff80000)
 ParOldGen       total 102400K, used 49304K [0x00000006c5400000, 0x00000006cb800000, 0x000000076c700000)
  object space 102400K, 48% used [0x00000006c5400000,0x00000006c8426258,0x00000006cb800000)
 Metaspace       used 28727K, capacity 29612K, committed 29696K, reserved 1075200K
  class space    used 3261K, capacity 3541K, committed 3584K, reserved 1048576K
}
Event: 7.687 GC heap before
{Heap before GC invocations=9 (full 1):
 PSYoungGen      total 170496K, used 170473K [0x000000076c700000, 0x000000077ff80000, 0x00000007c0000000)
  eden space 147968K, 100% used [0x000000076c700000,0x0000000775780000,0x0000000775780000)
  from space 22528K, 99% used [0x0000000775780000,0x0000000776d7a540,0x0000000776d80000)
  to   space 40448K, 0% used [0x000000077d800000,0x000000077d800000,0x000000077ff80000)
 ParOldGen       total 102400K, used 49304K [0x00000006c5400000, 0x00000006cb800000, 0x000000076c700000)
  object space 102400K, 48% used [0x00000006c5400000,0x00000006c8426258,0x00000006cb800000)
 Metaspace       used 30235K, capacity 31116K, committed 31360K, reserved 1077248K
  class space    used 3370K, capacity 3637K, committed 3712K, reserved 1048576K
Event: 7.717 GC heap after
Heap after GC invocations=9 (full 1):
 PSYoungGen      total 276480K, used 30630K [0x000000076c700000, 0x0000000780800000, 0x00000007c0000000)
  eden space 236032K, 0% used [0x000000076c700000,0x000000076c700000,0x000000077ad80000)
  from space 40448K, 75% used [0x000000077d800000,0x000000077f5e9b50,0x000000077ff80000)
  to   space 43520K, 0% used [0x000000077ad80000,0x000000077ad80000,0x000000077d800000)
 ParOldGen       total 102400K, used 50848K [0x00000006c5400000, 0x00000006cb800000, 0x000000076c700000)
  object space 102400K, 49% used [0x00000006c5400000,0x00000006c85a8258,0x00000006cb800000)
 Metaspace       used 30235K, capacity 31116K, committed 31360K, reserved 1077248K
  class space    used 3370K, capacity 3637K, committed 3712K, reserved 1048576K
}
Event: 9.179 GC heap before
{Heap before GC invocations=10 (full 1):
 PSYoungGen      total 276480K, used 266662K [0x000000076c700000, 0x0000000780800000, 0x00000007c0000000)
  eden space 236032K, 100% used [0x000000076c700000,0x000000077ad80000,0x000000077ad80000)
  from space 40448K, 75% used [0x000000077d800000,0x000000077f5e9b50,0x000000077ff80000)
  to   space 43520K, 0% used [0x000000077ad80000,0x000000077ad80000,0x000000077d800000)
 ParOldGen       total 102400K, used 50848K [0x00000006c5400000, 0x00000006cb800000, 0x000000076c700000)
  object space 102400K, 49% used [0x00000006c5400000,0x00000006c85a8258,0x00000006cb800000)
 Metaspace       used 30552K, capacity 31500K, committed 31616K, reserved 1077248K
  class space    used 3388K, capacity 3701K, committed 3712K, reserved 1048576K
Event: 9.206 GC heap after
Heap after GC invocations=10 (full 1):
 PSYoungGen      total 279552K, used 28004K [0x000000076c700000, 0x0000000785c00000, 0x00000007c0000000)
  eden space 236032K, 0% used [0x000000076c700000,0x000000076c700000,0x000000077ad80000)
  from space 43520K, 64% used [0x000000077ad80000,0x000000077c8d9078,0x000000077d800000)
  to   space 44544K, 0% used [0x0000000783080000,0x0000000783080000,0x0000000785c00000)
 ParOldGen       total 102400K, used 56095K [0x00000006c5400000, 0x00000006cb800000, 0x000000076c700000)
  object space 102400K, 54% used [0x00000006c5400000,0x00000006c8ac7c80,0x00000006cb800000)
 Metaspace       used 30552K, capacity 31500K, committed 31616K, reserved 1077248K
  class space    used 3388K, capacity 3701K, committed 3712K, reserved 1048576K
}

