# JRE version: Java(TM) SE Runtime Environment (8.0_202-b08) (build 1.8.0_202-b08)
# Java VM: Java HotSpot(TM) 64-Bit Server VM (25.202-b08 mixed mode windows-amd64 compressed oops)
Heap:
 PSYoungGen      total 284160K, used 135793K [0x000000076c700000, 0x000000077ec80000, 0x00000007c0000000)
  eden space 268800K, 46% used [0x000000076c700000,0x0000000773fcad28,0x000000077cd80000)
  from space 15360K, 78% used [0x000000077dd80000,0x000000077e951718,0x000000077ec80000)
  to   space 15872K, 0% used [0x000000077cd80000,0x000000077cd80000,0x000000077dd00000)
 ParOldGen       total 156672K, used 15516K [0x00000006c5400000, 0x00000006ced00000, 0x000000076c700000)
  object space 156672K, 9% used [0x00000006c5400000,0x00000006c6327110,0x00000006ced00000)
 Metaspace       used 54320K, capacity 56488K, committed 56576K, reserved 1097728K
  class space    used 6753K, capacity 7419K, committed 7424K, reserved 1048576K
GC Heap History (10 events):
Event: 2.650 GC heap before
{Heap before GC invocations=8 (full 2):
 PSYoungGen      total 161792K, used 12008K [0x000000076c700000, 0x000000077b500000, 0x00000007c0000000)
  eden space 148480K, 0% used [0x000000076c700000,0x000000076c700000,0x0000000775800000)
  from space 13312K, 90% used [0x0000000776680000,0x000000077723a0b8,0x0000000777380000)
  to   space 14848K, 0% used [0x0000000775800000,0x0000000775800000,0x0000000776680000)
 ParOldGen       total 102400K, used 10566K [0x00000006c5400000, 0x00000006cb800000, 0x000000076c700000)
  object space 102400K, 10% used [0x00000006c5400000,0x00000006c5e518a0,0x00000006cb800000)
 Metaspace       used 34609K, capacity 35362K, committed 35456K, reserved 1081344K
  class space    used 4146K, capacity 4403K, committed 4480K, reserved 1048576K
Event: 2.693 GC heap after
Heap after GC invocations=8 (full 2):
 PSYoungGen      total 161792K, used 0K [0x000000076c700000, 0x000000077b500000, 0x00000007c0000000)
  eden space 148480K, 0% used [0x000000076c700000,0x000000076c700000,0x0000000775800000)
  from space 13312K, 0% used [0x0000000776680000,0x0000000776680000,0x0000000777380000)
  to   space 14848K, 0% used [0x0000000775800000,0x0000000775800000,0x0000000776680000)
 ParOldGen       total 156672K, used 15484K [0x00000006c5400000, 0x00000006ced00000, 0x000000076c700000)
  object space 156672K, 9% used [0x00000006c5400000,0x00000006c631f110,0x00000006ced00000)
 Metaspace       used 34607K, capacity 35356K, committed 35456K, reserved 1081344K
  class space    used 4146K, capacity 4401K, committed 4480K, reserved 1048576K
}
Event: 4.352 GC heap before
{Heap before GC invocations=9 (full 2):
 PSYoungGen      total 161792K, used 148480K [0x000000076c700000, 0x000000077b500000, 0x00000007c0000000)
  eden space 148480K, 100% used [0x000000076c700000,0x0000000775800000,0x0000000775800000)
  from space 13312K, 0% used [0x0000000776680000,0x0000000776680000,0x0000000777380000)
  to   space 14848K, 0% used [0x0000000775800000,0x0000000775800000,0x0000000776680000)
 ParOldGen       total 156672K, used 15484K [0x00000006c5400000, 0x00000006ced00000, 0x000000076c700000)
  object space 156672K, 9% used [0x00000006c5400000,0x00000006c631f110,0x00000006ced00000)
 Metaspace       used 40521K, capacity 42270K, committed 42496K, reserved 1085440K
  class space    used 5016K, capacity 5557K, committed 5632K, reserved 1048576K
Event: 4.360 GC heap after
Heap after GC invocations=9 (full 2):
 PSYoungGen      total 163328K, used 10392K [0x000000076c700000, 0x000000077bb00000, 0x00000007c0000000)
  eden space 148480K, 0% used [0x000000076c700000,0x000000076c700000,0x0000000775800000)
  from space 14848K, 69% used [0x0000000775800000,0x0000000776226028,0x0000000776680000)
  to   space 14336K, 0% used [0x000000077ad00000,0x000000077ad00000,0x000000077bb00000)
 ParOldGen       total 156672K, used 15492K [0x00000006c5400000, 0x00000006ced00000, 0x000000076c700000)
  object space 156672K, 9% used [0x00000006c5400000,0x00000006c6321110,0x00000006ced00000)
 Metaspace       used 40521K, capacity 42270K, committed 42496K, reserved 1085440K
  class space    used 5016K, capacity 5557K, committed 5632K, reserved 1048576K
}
Event: 5.455 GC heap before
{Heap before GC invocations=10 (full 2):
 PSYoungGen      total 163328K, used 158872K [0x000000076c700000, 0x000000077bb00000, 0x00000007c0000000)
  eden space 148480K, 100% used [0x000000076c700000,0x0000000775800000,0x0000000775800000)
  from space 14848K, 69% used [0x0000000775800000,0x0000000776226028,0x0000000776680000)
  to   space 14336K, 0% used [0x000000077ad00000,0x000000077ad00000,0x000000077bb00000)
 ParOldGen       total 156672K, used 15492K [0x00000006c5400000, 0x00000006ced00000, 0x000000076c700000)
  object space 156672K, 9% used [0x00000006c5400000,0x00000006c6321110,0x00000006ced00000)
 Metaspace       used 46228K, capacity 48286K, committed 48512K, reserved 1091584K
  class space    used 5813K, capacity 6428K, committed 6528K, reserved 1048576K
Event: 5.469 GC heap after
Heap after GC invocations=10 (full 2):
 PSYoungGen      total 230912K, used 14099K [0x000000076c700000, 0x000000077bb00000, 0x00000007c0000000)
  eden space 216576K, 0% used [0x000000076c700000,0x000000076c700000,0x0000000779a80000)
  from space 14336K, 98% used [0x000000077ad00000,0x000000077bac4d30,0x000000077bb00000)
  to   space 15872K, 0% used [0x0000000779c00000,0x0000000779c00000,0x000000077ab80000)
 ParOldGen       total 156672K, used 15500K [0x00000006c5400000, 0x00000006ced00000, 0x000000076c700000)
  object space 156672K, 9% used [0x00000006c5400000,0x00000006c6323110,0x00000006ced00000)
 Metaspace       used 46228K, capacity 48286K, committed 48512K, reserved 1091584K
  class space    used 5813K, capacity 6428K, committed 6528K, reserved 1048576K
}
Event: 6.771 GC heap before
{Heap before GC invocations=11 (full 2):
 PSYoungGen      total 230912K, used 230675K [0x000000076c700000, 0x000000077bb00000, 0x00000007c0000000)
  eden space 216576K, 100% used [0x000000076c700000,0x0000000779a80000,0x0000000779a80000)
  from space 14336K, 98% used [0x000000077ad00000,0x000000077bac4d30,0x000000077bb00000)
  to   space 15872K, 0% used [0x0000000779c00000,0x0000000779c00000,0x000000077ab80000)
 ParOldGen       total 156672K, used 15500K [0x00000006c5400000, 0x00000006ced00000, 0x000000076c700000)
  object space 156672K, 9% used [0x00000006c5400000,0x00000006c6323110,0x00000006ced00000)
 Metaspace       used 46823K, capacity 48884K, committed 49024K, reserved 1091584K
  class space    used 5817K, capacity 6431K, committed 6528K, reserved 1048576K
Event: 6.779 GC heap after
Heap after GC invocations=11 (full 2):
 PSYoungGen      total 233984K, used 10656K [0x000000076c700000, 0x000000077ec80000, 0x00000007c0000000)
  eden space 218112K, 0% used [0x000000076c700000,0x000000076c700000,0x0000000779c00000)
  from space 15872K, 67% used [0x0000000779c00000,0x000000077a6683f0,0x000000077ab80000)
  to   space 15360K, 0% used [0x000000077dd80000,0x000000077dd80000,0x000000077ec80000)
 ParOldGen       total 156672K, used 15508K [0x00000006c5400000, 0x00000006ced00000, 0x000000076c700000)
  object space 156672K, 9% used [0x00000006c5400000,0x00000006c6325110,0x00000006ced00000)
 Metaspace       used 46823K, capacity 48884K, committed 49024K, reserved 1091584K
  class space    used 5817K, capacity 6431K, committed 6528K, reserved 1048576K
}
Event: 7.542 GC heap before
{Heap before GC invocations=12 (full 2):
 PSYoungGen      total 233984K, used 228768K [0x000000076c700000, 0x000000077ec80000, 0x00000007c0000000)
  eden space 218112K, 100% used [0x000000076c700000,0x0000000779c00000,0x0000000779c00000)
  from space 15872K, 67% used [0x0000000779c00000,0x000000077a6683f0,0x000000077ab80000)
  to   space 15360K, 0% used [0x000000077dd80000,0x000000077dd80000,0x000000077ec80000)
 ParOldGen       total 156672K, used 15508K [0x00000006c5400000, 0x00000006ced00000, 0x000000076c700000)
  object space 156672K, 9% used [0x00000006c5400000,0x00000006c6325110,0x00000006ced00000)
 Metaspace       used 47056K, capacity 49144K, committed 49280K, reserved 1091584K
  class space    used 5830K, capacity 6453K, committed 6528K, reserved 1048576K
Event: 7.551 GC heap after
Heap after GC invocations=12 (full 2):
 PSYoungGen      total 284160K, used 12101K [0x000000076c700000, 0x000000077ec80000, 0x00000007c0000000)
  eden space 268800K, 0% used [0x000000076c700000,0x000000076c700000,0x000000077cd80000)
  from space 15360K, 78% used [0x000000077dd80000,0x000000077e951718,0x000000077ec80000)
  to   space 15872K, 0% used [0x000000077cd80000,0x000000077cd80000,0x000000077dd00000)
 ParOldGen       total 156672K, used 15516K [0x00000006c5400000, 0x00000006ced00000, 0x000000076c700000)
  object space 156672K, 9% used [0x00000006c5400000,0x00000006c6327110,0x00000006ced00000)
 Metaspace       used 47056K, capacity 49144K, committed 49280K, reserved 1091584K
  class space    used 5830K, capacity 6453K, committed 6528K, reserved 1048576K
}

