# JRE version: Java(TM) SE Runtime Environment (8.0_202-b08) (build 1.8.0_202-b08)
# Java VM: Java HotSpot(TM) 64-Bit Server VM (25.202-b08 mixed mode windows-amd64 compressed oops)
Heap:
 PSYoungGen      total 75264K, used 33100K [0x000000076c700000, 0x0000000775a00000, 0x00000007c0000000)
  eden space 64512K, 41% used [0x000000076c700000,0x000000076e0db090,0x0000000770600000)
  from space 10752K, 61% used [0x0000000771080000,0x00000007716f82f8,0x0000000771b00000)
  to   space 10752K, 0% used [0x0000000770600000,0x0000000770600000,0x0000000771080000)
 ParOldGen       total 172032K, used 88K [0x00000006c5400000, 0x00000006cfc00000, 0x000000076c700000)
  object space 172032K, 0% used [0x00000006c5400000,0x00000006c5416010,0x00000006cfc00000)
 Metaspace       used 16535K, capacity 16806K, committed 16896K, reserved 1064960K
  class space    used 1952K, capacity 2038K, committed 2048K, reserved 1048576K
GC Heap History (4 events):
Event: 0.812 GC heap before
{Heap before GC invocations=1 (full 0):
 PSYoungGen      total 75264K, used 64512K [0x000000076c700000, 0x0000000771b00000, 0x00000007c0000000)
  eden space 64512K, 100% used [0x000000076c700000,0x0000000770600000,0x0000000770600000)
  from space 10752K, 0% used [0x0000000771080000,0x0000000771080000,0x0000000771b00000)
  to   space 10752K, 0% used [0x0000000770600000,0x0000000770600000,0x0000000771080000)
 ParOldGen       total 172032K, used 0K [0x00000006c5400000, 0x00000006cfc00000, 0x000000076c700000)
  object space 172032K, 0% used [0x00000006c5400000,0x00000006c5400000,0x00000006cfc00000)
 Metaspace       used 11377K, capacity 11532K, committed 11648K, reserved 1058816K
  class space    used 1252K, capacity 1312K, committed 1408K, reserved 1048576K
Event: 0.815 GC heap after
Heap after GC invocations=1 (full 0):
 PSYoungGen      total 75264K, used 6819K [0x000000076c700000, 0x0000000771b00000, 0x00000007c0000000)
  eden space 64512K, 0% used [0x000000076c700000,0x000000076c700000,0x0000000770600000)
  from space 10752K, 63% used [0x0000000770600000,0x0000000770ca8df0,0x0000000771080000)
  to   space 10752K, 0% used [0x0000000771080000,0x0000000771080000,0x0000000771b00000)
 ParOldGen       total 172032K, used 80K [0x00000006c5400000, 0x00000006cfc00000, 0x000000076c700000)
  object space 172032K, 0% used [0x00000006c5400000,0x00000006c5414010,0x00000006cfc00000)
 Metaspace       used 11377K, capacity 11532K, committed 11648K, reserved 1058816K
  class space    used 1252K, capacity 1312K, committed 1408K, reserved 1048576K
}
Event: 1.052 GC heap before
{Heap before GC invocations=2 (full 0):
 PSYoungGen      total 75264K, used 71331K [0x000000076c700000, 0x0000000771b00000, 0x00000007c0000000)
  eden space 64512K, 100% used [0x000000076c700000,0x0000000770600000,0x0000000770600000)
  from space 10752K, 63% used [0x0000000770600000,0x0000000770ca8df0,0x0000000771080000)
  to   space 10752K, 0% used [0x0000000771080000,0x0000000771080000,0x0000000771b00000)
 ParOldGen       total 172032K, used 80K [0x00000006c5400000, 0x00000006cfc00000, 0x000000076c700000)
  object space 172032K, 0% used [0x00000006c5400000,0x00000006c5414010,0x00000006cfc00000)
 Metaspace       used 15075K, capacity 15292K, committed 15488K, reserved 1062912K
  class space    used 1780K, capacity 1862K, committed 1920K, reserved 1048576K
Event: 1.057 GC heap after
Heap after GC invocations=2 (full 0):
 PSYoungGen      total 75264K, used 6624K [0x000000076c700000, 0x0000000775a00000, 0x00000007c0000000)
  eden space 64512K, 0% used [0x000000076c700000,0x000000076c700000,0x0000000770600000)
  from space 10752K, 61% used [0x0000000771080000,0x00000007716f82f8,0x0000000771b00000)
  to   space 10752K, 0% used [0x0000000770600000,0x0000000770600000,0x0000000771080000)
 ParOldGen       total 172032K, used 88K [0x00000006c5400000, 0x00000006cfc00000, 0x000000076c700000)
  object space 172032K, 0% used [0x00000006c5400000,0x00000006c5416010,0x00000006cfc00000)
 Metaspace       used 15075K, capacity 15292K, committed 15488K, reserved 1062912K
  class space    used 1780K, capacity 1862K, committed 1920K, reserved 1048576K
}

