# JRE version: Java(TM) SE Runtime Environment (8.0_202-b08) (build 1.8.0_202-b08)
# Java VM: Java HotSpot(TM) 64-Bit Server VM (25.202-b08 mixed mode windows-amd64 compressed oops)
Heap:
 PSYoungGen      total 400384K, used 178433K [0x000000076c700000, 0x0000000786680000, 0x00000007c0000000)
  eden space 382464K, 45% used [0x000000076c700000,0x00000007771a2ff0,0x0000000783c80000)
  from space 17920K, 20% used [0x0000000785500000,0x000000078589d508,0x0000000786680000)
  to   space 21504K, 0% used [0x0000000783c80000,0x0000000783c80000,0x0000000785180000)
 ParOldGen       total 246784K, used 27748K [0x00000006c5400000, 0x00000006d4500000, 0x000000076c700000)
  object space 246784K, 11% used [0x00000006c5400000,0x00000006c6f19248,0x00000006d4500000)
 Metaspace       used 56888K, capacity 60036K, committed 60120K, reserved 1101824K
  class space    used 6809K, capacity 7780K, committed 7808K, reserved 1048576K
GC Heap History (10 events):
Event: 37.709 GC heap before
{Heap before GC invocations=17 (full 2):
 PSYoungGen      total 348160K, used 193386K [0x000000076c700000, 0x0000000783080000, 0x00000007c0000000)
  eden space 331264K, 53% used [0x000000076c700000,0x0000000777566af0,0x0000000780a80000)
  from space 16896K, 87% used [0x0000000782000000,0x0000000782e73d50,0x0000000783080000)
  to   space 19456K, 0% used [0x0000000780a80000,0x0000000780a80000,0x0000000781d80000)
 ParOldGen       total 165888K, used 18384K [0x00000006c5400000, 0x00000006cf600000, 0x000000076c700000)
  object space 165888K, 11% used [0x00000006c5400000,0x00000006c65f4040,0x00000006cf600000)
 Metaspace       used 55909K, capacity 58938K, committed 59096K, reserved 1101824K
  class space    used 6790K, capacity 7710K, committed 7808K, reserved 1048576K
Event: 37.717 GC heap after
Heap after GC invocations=17 (full 2):
 PSYoungGen      total 350720K, used 14800K [0x000000076c700000, 0x0000000785300000, 0x00000007c0000000)
  eden space 331264K, 0% used [0x000000076c700000,0x000000076c700000,0x0000000780a80000)
  from space 19456K, 76% used [0x0000000780a80000,0x00000007818f4390,0x0000000781d80000)
  to   space 19968K, 0% used [0x0000000783f80000,0x0000000783f80000,0x0000000785300000)
 ParOldGen       total 165888K, used 18392K [0x00000006c5400000, 0x00000006cf600000, 0x000000076c700000)
  object space 165888K, 11% used [0x00000006c5400000,0x00000006c65f6040,0x00000006cf600000)
 Metaspace       used 55909K, capacity 58938K, committed 59096K, reserved 1101824K
  class space    used 6790K, capacity 7710K, committed 7808K, reserved 1048576K
}
Event: 37.717 GC heap before
{Heap before GC invocations=18 (full 3):
 PSYoungGen      total 350720K, used 14800K [0x000000076c700000, 0x0000000785300000, 0x00000007c0000000)
  eden space 331264K, 0% used [0x000000076c700000,0x000000076c700000,0x0000000780a80000)
  from space 19456K, 76% used [0x0000000780a80000,0x00000007818f4390,0x0000000781d80000)
  to   space 19968K, 0% used [0x0000000783f80000,0x0000000783f80000,0x0000000785300000)
 ParOldGen       total 165888K, used 18392K [0x00000006c5400000, 0x00000006cf600000, 0x000000076c700000)
  object space 165888K, 11% used [0x00000006c5400000,0x00000006c65f6040,0x00000006cf600000)
 Metaspace       used 55909K, capacity 58938K, committed 59096K, reserved 1101824K
  class space    used 6790K, capacity 7710K, committed 7808K, reserved 1048576K
Event: 37.849 GC heap after
Heap after GC invocations=18 (full 3):
 PSYoungGen      total 350720K, used 0K [0x000000076c700000, 0x0000000785300000, 0x00000007c0000000)
  eden space 331264K, 0% used [0x000000076c700000,0x000000076c700000,0x0000000780a80000)
  from space 19456K, 0% used [0x0000000780a80000,0x0000000780a80000,0x0000000781d80000)
  to   space 19968K, 0% used [0x0000000783f80000,0x0000000783f80000,0x0000000785300000)
 ParOldGen       total 246784K, used 27732K [0x00000006c5400000, 0x00000006d4500000, 0x000000076c700000)
  object space 246784K, 11% used [0x00000006c5400000,0x00000006c6f15248,0x00000006d4500000)
 Metaspace       used 55377K, capacity 58176K, committed 59096K, reserved 1101824K
  class space    used 6698K, capacity 7456K, committed 7808K, reserved 1048576K
}
Event: 46.998 GC heap before
{Heap before GC invocations=19 (full 3):
 PSYoungGen      total 350720K, used 331264K [0x000000076c700000, 0x0000000785300000, 0x00000007c0000000)
  eden space 331264K, 100% used [0x000000076c700000,0x0000000780a80000,0x0000000780a80000)
  from space 19456K, 0% used [0x0000000780a80000,0x0000000780a80000,0x0000000781d80000)
  to   space 19968K, 0% used [0x0000000783f80000,0x0000000783f80000,0x0000000785300000)
 ParOldGen       total 246784K, used 27732K [0x00000006c5400000, 0x00000006d4500000, 0x000000076c700000)
  object space 246784K, 11% used [0x00000006c5400000,0x00000006c6f15248,0x00000006d4500000)
 Metaspace       used 55790K, capacity 58678K, committed 59352K, reserved 1101824K
  class space    used 6728K, capacity 7534K, committed 7808K, reserved 1048576K
Event: 47.003 GC heap after
Heap after GC invocations=19 (full 3):
 PSYoungGen      total 384512K, used 2252K [0x000000076c700000, 0x0000000785700000, 0x00000007c0000000)
  eden space 364544K, 0% used [0x000000076c700000,0x000000076c700000,0x0000000782b00000)
  from space 19968K, 11% used [0x0000000783f80000,0x00000007841b3378,0x0000000785300000)
  to   space 20992K, 0% used [0x0000000782b00000,0x0000000782b00000,0x0000000783f80000)
 ParOldGen       total 246784K, used 27740K [0x00000006c5400000, 0x00000006d4500000, 0x000000076c700000)
  object space 246784K, 11% used [0x00000006c5400000,0x00000006c6f17248,0x00000006d4500000)
 Metaspace       used 55790K, capacity 58678K, committed 59352K, reserved 1101824K
  class space    used 6728K, capacity 7534K, committed 7808K, reserved 1048576K
}
Event: 56.650 GC heap before
{Heap before GC invocations=20 (full 3):
 PSYoungGen      total 384512K, used 366796K [0x000000076c700000, 0x0000000785700000, 0x00000007c0000000)
  eden space 364544K, 100% used [0x000000076c700000,0x0000000782b00000,0x0000000782b00000)
  from space 19968K, 11% used [0x0000000783f80000,0x00000007841b3378,0x0000000785300000)
  to   space 20992K, 0% used [0x0000000782b00000,0x0000000782b00000,0x0000000783f80000)
 ParOldGen       total 246784K, used 27740K [0x00000006c5400000, 0x00000006d4500000, 0x000000076c700000)
  object space 246784K, 11% used [0x00000006c5400000,0x00000006c6f17248,0x00000006d4500000)
 Metaspace       used 56283K, capacity 59236K, committed 59608K, reserved 1101824K
  class space    used 6762K, capacity 7624K, committed 7808K, reserved 1048576K
Event: 56.654 GC heap after
Heap after GC invocations=20 (full 3):
 PSYoungGen      total 385536K, used 3300K [0x000000076c700000, 0x0000000786980000, 0x00000007c0000000)
  eden space 364544K, 0% used [0x000000076c700000,0x000000076c700000,0x0000000782b00000)
  from space 20992K, 15% used [0x0000000782b00000,0x0000000782e39178,0x0000000783f80000)
  to   space 20992K, 0% used [0x0000000785500000,0x0000000785500000,0x0000000786980000)
 ParOldGen       total 246784K, used 27740K [0x00000006c5400000, 0x00000006d4500000, 0x000000076c700000)
  object space 246784K, 11% used [0x00000006c5400000,0x00000006c6f17248,0x00000006d4500000)
 Metaspace       used 56283K, capacity 59236K, committed 59608K, reserved 1101824K
  class space    used 6762K, capacity 7624K, committed 7808K, reserved 1048576K
}
Event: 67.832 GC heap before
{Heap before GC invocations=21 (full 3):
 PSYoungGen      total 385536K, used 367844K [0x000000076c700000, 0x0000000786980000, 0x00000007c0000000)
  eden space 364544K, 100% used [0x000000076c700000,0x0000000782b00000,0x0000000782b00000)
  from space 20992K, 15% used [0x0000000782b00000,0x0000000782e39178,0x0000000783f80000)
  to   space 20992K, 0% used [0x0000000785500000,0x0000000785500000,0x0000000786980000)
 ParOldGen       total 246784K, used 27740K [0x00000006c5400000, 0x00000006d4500000, 0x000000076c700000)
  object space 246784K, 11% used [0x00000006c5400000,0x00000006c6f17248,0x00000006d4500000)
 Metaspace       used 56691K, capacity 59802K, committed 59864K, reserved 1101824K
  class space    used 6797K, capacity 7746K, committed 7808K, reserved 1048576K
Event: 67.836 GC heap after
Heap after GC invocations=21 (full 3):
 PSYoungGen      total 400384K, used 3701K [0x000000076c700000, 0x0000000786680000, 0x00000007c0000000)
  eden space 382464K, 0% used [0x000000076c700000,0x000000076c700000,0x0000000783c80000)
  from space 17920K, 20% used [0x0000000785500000,0x000000078589d508,0x0000000786680000)
  to   space 21504K, 0% used [0x0000000783c80000,0x0000000783c80000,0x0000000785180000)
 ParOldGen       total 246784K, used 27748K [0x00000006c5400000, 0x00000006d4500000, 0x000000076c700000)
  object space 246784K, 11% used [0x00000006c5400000,0x00000006c6f19248,0x00000006d4500000)
 Metaspace       used 56691K, capacity 59802K, committed 59864K, reserved 1101824K
  class space    used 6797K, capacity 7746K, committed 7808K, reserved 1048576K
}

