# JRE version: Java(TM) SE Runtime Environment (8.0_202-b08) (build 1.8.0_202-b08)
# Java VM: Java HotSpot(TM) 64-Bit Server VM (25.202-b08 mixed mode windows-amd64 compressed oops)
Heap:
 PSYoungGen      total 95744K, used 72621K [0x000000076c700000, 0x0000000773600000, 0x00000007c0000000)
  eden space 84992K, 75% used [0x000000076c700000,0x0000000770584918,0x0000000771a00000)
  from space 10752K, 80% used [0x0000000772b80000,0x00000007733e6b88,0x0000000773600000)
  to   space 14336K, 0% used [0x0000000771a00000,0x0000000771a00000,0x0000000772800000)
 ParOldGen       total 101888K, used 17058K [0x00000006c5400000, 0x00000006cb780000, 0x000000076c700000)
  object space 101888K, 16% used [0x00000006c5400000,0x00000006c64a8810,0x00000006cb780000)
 Metaspace       used 42084K, capacity 43964K, committed 44160K, reserved 1087488K
  class space    used 5345K, capacity 5935K, committed 6016K, reserved 1048576K
GC Heap History (10 events):
Event: 2.258 GC heap before
{Heap before GC invocations=6 (full 1):
 PSYoungGen      total 75264K, used 72928K [0x000000076c700000, 0x0000000773b00000, 0x00000007c0000000)
  eden space 64512K, 100% used [0x000000076c700000,0x0000000770600000,0x0000000770600000)
  from space 10752K, 78% used [0x0000000771080000,0x00000007718b8340,0x0000000771b00000)
  to   space 10752K, 0% used [0x0000000770600000,0x0000000770600000,0x0000000771080000)
 ParOldGen       total 101888K, used 6981K [0x00000006c5400000, 0x00000006cb780000, 0x000000076c700000)
  object space 101888K, 6% used [0x00000006c5400000,0x00000006c5ad17f8,0x00000006cb780000)
 Metaspace       used 31589K, capacity 32298K, committed 32384K, reserved 1077248K
  class space    used 3775K, capacity 3953K, committed 3968K, reserved 1048576K
Event: 2.264 GC heap after
Heap after GC invocations=6 (full 1):
 PSYoungGen      total 75264K, used 10734K [0x000000076c700000, 0x0000000773e80000, 0x00000007c0000000)
  eden space 64512K, 0% used [0x000000076c700000,0x000000076c700000,0x0000000770600000)
  from space 10752K, 99% used [0x0000000770600000,0x000000077107baa8,0x0000000771080000)
  to   space 11776K, 0% used [0x0000000773300000,0x0000000773300000,0x0000000773e80000)
 ParOldGen       total 101888K, used 8042K [0x00000006c5400000, 0x00000006cb780000, 0x000000076c700000)
  object space 101888K, 7% used [0x00000006c5400000,0x00000006c5bdaa70,0x00000006cb780000)
 Metaspace       used 31589K, capacity 32298K, committed 32384K, reserved 1077248K
  class space    used 3775K, capacity 3953K, committed 3968K, reserved 1048576K
}
Event: 2.478 GC heap before
{Heap before GC invocations=7 (full 1):
 PSYoungGen      total 75264K, used 64217K [0x000000076c700000, 0x0000000773e80000, 0x00000007c0000000)
  eden space 64512K, 82% used [0x000000076c700000,0x000000076fb3abe0,0x0000000770600000)
  from space 10752K, 99% used [0x0000000770600000,0x000000077107baa8,0x0000000771080000)
  to   space 11776K, 0% used [0x0000000773300000,0x0000000773300000,0x0000000773e80000)
 ParOldGen       total 101888K, used 8042K [0x00000006c5400000, 0x00000006cb780000, 0x000000076c700000)
  object space 101888K, 7% used [0x00000006c5400000,0x00000006c5bdaa70,0x00000006cb780000)
 Metaspace       used 34579K, capacity 35428K, committed 35496K, reserved 1081344K
  class space    used 4149K, capacity 4414K, committed 4480K, reserved 1048576K
Event: 2.486 GC heap after
Heap after GC invocations=7 (full 1):
 PSYoungGen      total 76288K, used 11772K [0x000000076c700000, 0x0000000773e80000, 0x00000007c0000000)
  eden space 64512K, 0% used [0x000000076c700000,0x000000076c700000,0x0000000770600000)
  from space 11776K, 99% used [0x0000000773300000,0x0000000773e7f0f0,0x0000000773e80000)
  to   space 10752K, 0% used [0x0000000770600000,0x0000000770600000,0x0000000771080000)
 ParOldGen       total 101888K, used 9870K [0x00000006c5400000, 0x00000006cb780000, 0x000000076c700000)
  object space 101888K, 9% used [0x00000006c5400000,0x00000006c5da3ae8,0x00000006cb780000)
 Metaspace       used 34579K, capacity 35428K, committed 35496K, reserved 1081344K
  class space    used 4149K, capacity 4414K, committed 4480K, reserved 1048576K
}
Event: 2.486 GC heap before
{Heap before GC invocations=8 (full 2):
 PSYoungGen      total 76288K, used 11772K [0x000000076c700000, 0x0000000773e80000, 0x00000007c0000000)
  eden space 64512K, 0% used [0x000000076c700000,0x000000076c700000,0x0000000770600000)
  from space 11776K, 99% used [0x0000000773300000,0x0000000773e7f0f0,0x0000000773e80000)
  to   space 10752K, 0% used [0x0000000770600000,0x0000000770600000,0x0000000771080000)
 ParOldGen       total 101888K, used 9870K [0x00000006c5400000, 0x00000006cb780000, 0x000000076c700000)
  object space 101888K, 9% used [0x00000006c5400000,0x00000006c5da3ae8,0x00000006cb780000)
 Metaspace       used 34579K, capacity 35428K, committed 35496K, reserved 1081344K
  class space    used 4149K, capacity 4414K, committed 4480K, reserved 1048576K
Event: 2.539 GC heap after
Heap after GC invocations=8 (full 2):
 PSYoungGen      total 76288K, used 0K [0x000000076c700000, 0x0000000773e80000, 0x00000007c0000000)
  eden space 64512K, 0% used [0x000000076c700000,0x000000076c700000,0x0000000770600000)
  from space 11776K, 0% used [0x0000000773300000,0x0000000773300000,0x0000000773e80000)
  to   space 10752K, 0% used [0x0000000770600000,0x0000000770600000,0x0000000771080000)
 ParOldGen       total 101888K, used 17042K [0x00000006c5400000, 0x00000006cb780000, 0x000000076c700000)
  object space 101888K, 16% used [0x00000006c5400000,0x00000006c64a4810,0x00000006cb780000)
 Metaspace       used 34577K, capacity 35422K, committed 35496K, reserved 1081344K
  class space    used 4148K, capacity 4412K, committed 4480K, reserved 1048576K
}
Event: 2.738 GC heap before
{Heap before GC invocations=9 (full 2):
 PSYoungGen      total 76288K, used 64512K [0x000000076c700000, 0x0000000773e80000, 0x00000007c0000000)
  eden space 64512K, 100% used [0x000000076c700000,0x0000000770600000,0x0000000770600000)
  from space 11776K, 0% used [0x0000000773300000,0x0000000773300000,0x0000000773e80000)
  to   space 10752K, 0% used [0x0000000770600000,0x0000000770600000,0x0000000771080000)
 ParOldGen       total 101888K, used 17042K [0x00000006c5400000, 0x00000006cb780000, 0x000000076c700000)
  object space 101888K, 16% used [0x00000006c5400000,0x00000006c64a4810,0x00000006cb780000)
 Metaspace       used 35531K, capacity 36862K, committed 37032K, reserved 1081344K
  class space    used 4358K, capacity 4705K, committed 4736K, reserved 1048576K
Event: 2.741 GC heap after
Heap after GC invocations=9 (full 2):
 PSYoungGen      total 75264K, used 2706K [0x000000076c700000, 0x0000000773a00000, 0x00000007c0000000)
  eden space 64512K, 0% used [0x000000076c700000,0x000000076c700000,0x0000000770600000)
  from space 10752K, 25% used [0x0000000770600000,0x00000007708a4880,0x0000000771080000)
  to   space 14848K, 0% used [0x0000000772b80000,0x0000000772b80000,0x0000000773a00000)
 ParOldGen       total 101888K, used 17050K [0x00000006c5400000, 0x00000006cb780000, 0x000000076c700000)
  object space 101888K, 16% used [0x00000006c5400000,0x00000006c64a6810,0x00000006cb780000)
 Metaspace       used 35531K, capacity 36862K, committed 37032K, reserved 1081344K
  class space    used 4358K, capacity 4705K, committed 4736K, reserved 1048576K
}
Event: 3.923 GC heap before
{Heap before GC invocations=10 (full 2):
 PSYoungGen      total 75264K, used 67218K [0x000000076c700000, 0x0000000773a00000, 0x00000007c0000000)
  eden space 64512K, 100% used [0x000000076c700000,0x0000000770600000,0x0000000770600000)
  from space 10752K, 25% used [0x0000000770600000,0x00000007708a4880,0x0000000771080000)
  to   space 14848K, 0% used [0x0000000772b80000,0x0000000772b80000,0x0000000773a00000)
 ParOldGen       total 101888K, used 17050K [0x00000006c5400000, 0x00000006cb780000, 0x000000076c700000)
  object space 101888K, 16% used [0x00000006c5400000,0x00000006c64a6810,0x00000006cb780000)
 Metaspace       used 40009K, capacity 41618K, committed 41856K, reserved 1085440K
  class space    used 4940K, capacity 5377K, committed 5504K, reserved 1048576K
Event: 3.929 GC heap after
Heap after GC invocations=10 (full 2):
 PSYoungGen      total 95744K, used 8602K [0x000000076c700000, 0x0000000773600000, 0x00000007c0000000)
  eden space 84992K, 0% used [0x000000076c700000,0x000000076c700000,0x0000000771a00000)
  from space 10752K, 80% used [0x0000000772b80000,0x00000007733e6b88,0x0000000773600000)
  to   space 14336K, 0% used [0x0000000771a00000,0x0000000771a00000,0x0000000772800000)
 ParOldGen       total 101888K, used 17058K [0x00000006c5400000, 0x00000006cb780000, 0x000000076c700000)
  object space 101888K, 16% used [0x00000006c5400000,0x00000006c64a8810,0x00000006cb780000)
 Metaspace       used 40009K, capacity 41618K, committed 41856K, reserved 1085440K
  class space    used 4940K, capacity 5377K, committed 5504K, reserved 1048576K
}

