# JRE version: Java(TM) SE Runtime Environment (8.0_202-b08) (build 1.8.0_202-b08)
# Java VM: Java HotSpot(TM) 64-Bit Server VM (25.202-b08 mixed mode windows-amd64 compressed oops)
Heap:
 PSYoungGen      total 107008K, used 28147K [0x000000076c700000, 0x0000000775800000, 0x00000007c0000000)
  eden space 96256K, 23% used [0x000000076c700000,0x000000076dd76ea0,0x0000000772500000)
  from space 10752K, 47% used [0x0000000774300000,0x00000007748060a0,0x0000000774d80000)
  to   space 8704K, 0% used [0x0000000774f80000,0x0000000774f80000,0x0000000775800000)
 ParOldGen       total 103936K, used 15142K [0x00000006c5400000, 0x00000006cb980000, 0x000000076c700000)
  object space 103936K, 14% used [0x00000006c5400000,0x00000006c62c9a40,0x00000006cb980000)
 Metaspace       used 38972K, capacity 40466K, committed 40576K, reserved 1085440K
  class space    used 4810K, capacity 5246K, committed 5248K, reserved 1048576K
GC Heap History (10 events):
Event: 2.297 GC heap before
{Heap before GC invocations=5 (full 1):
 PSYoungGen      total 75264K, used 64512K [0x000000076c700000, 0x0000000775a00000, 0x00000007c0000000)
  eden space 64512K, 100% used [0x000000076c700000,0x0000000770600000,0x0000000770600000)
  from space 10752K, 0% used [0x0000000770600000,0x0000000770600000,0x0000000771080000)
  to   space 10752K, 0% used [0x0000000774f80000,0x0000000774f80000,0x0000000775a00000)
 ParOldGen       total 103936K, used 6850K [0x00000006c5400000, 0x00000006cb980000, 0x000000076c700000)
  object space 103936K, 6% used [0x00000006c5400000,0x00000006c5ab0af0,0x00000006cb980000)
 Metaspace       used 27626K, capacity 28194K, committed 28416K, reserved 1075200K
  class space    used 3394K, capacity 3570K, committed 3584K, reserved 1048576K
Event: 2.302 GC heap after
Heap after GC invocations=5 (full 1):
 PSYoungGen      total 104960K, used 8403K [0x000000076c700000, 0x0000000775800000, 0x00000007c0000000)
  eden space 96256K, 0% used [0x000000076c700000,0x000000076c700000,0x0000000772500000)
  from space 8704K, 96% used [0x0000000774f80000,0x00000007757b4cb8,0x0000000775800000)
  to   space 10752K, 0% used [0x0000000774300000,0x0000000774300000,0x0000000774d80000)
 ParOldGen       total 103936K, used 6858K [0x00000006c5400000, 0x00000006cb980000, 0x000000076c700000)
  object space 103936K, 6% used [0x00000006c5400000,0x00000006c5ab2af0,0x00000006cb980000)
 Metaspace       used 27626K, capacity 28194K, committed 28416K, reserved 1075200K
  class space    used 3394K, capacity 3570K, committed 3584K, reserved 1048576K
}
Event: 2.918 GC heap before
{Heap before GC invocations=6 (full 1):
 PSYoungGen      total 104960K, used 104659K [0x000000076c700000, 0x0000000775800000, 0x00000007c0000000)
  eden space 96256K, 100% used [0x000000076c700000,0x0000000772500000,0x0000000772500000)
  from space 8704K, 96% used [0x0000000774f80000,0x00000007757b4cb8,0x0000000775800000)
  to   space 10752K, 0% used [0x0000000774300000,0x0000000774300000,0x0000000774d80000)
 ParOldGen       total 103936K, used 6858K [0x00000006c5400000, 0x00000006cb980000, 0x000000076c700000)
  object space 103936K, 6% used [0x00000006c5400000,0x00000006c5ab2af0,0x00000006cb980000)
 Metaspace       used 33742K, capacity 34476K, committed 34688K, reserved 1079296K
  class space    used 4031K, capacity 4210K, committed 4224K, reserved 1048576K
Event: 2.929 GC heap after
Heap after GC invocations=6 (full 1):
 PSYoungGen      total 107008K, used 10730K [0x000000076c700000, 0x0000000775800000, 0x00000007c0000000)
  eden space 96256K, 0% used [0x000000076c700000,0x000000076c700000,0x0000000772500000)
  from space 10752K, 99% used [0x0000000774300000,0x0000000774d7a850,0x0000000774d80000)
  to   space 8704K, 0% used [0x0000000774f80000,0x0000000774f80000,0x0000000775800000)
 ParOldGen       total 103936K, used 10443K [0x00000006c5400000, 0x00000006cb980000, 0x000000076c700000)
  object space 103936K, 10% used [0x00000006c5400000,0x00000006c5e32cb8,0x00000006cb980000)
 Metaspace       used 33742K, capacity 34476K, committed 34688K, reserved 1079296K
  class space    used 4031K, capacity 4210K, committed 4224K, reserved 1048576K
}
Event: 3.023 GC heap before
{Heap before GC invocations=7 (full 1):
 PSYoungGen      total 107008K, used 31810K [0x000000076c700000, 0x0000000775800000, 0x00000007c0000000)
  eden space 96256K, 21% used [0x000000076c700000,0x000000076db961a8,0x0000000772500000)
  from space 10752K, 99% used [0x0000000774300000,0x0000000774d7a850,0x0000000774d80000)
  to   space 8704K, 0% used [0x0000000774f80000,0x0000000774f80000,0x0000000775800000)
 ParOldGen       total 103936K, used 10443K [0x00000006c5400000, 0x00000006cb980000, 0x000000076c700000)
  object space 103936K, 10% used [0x00000006c5400000,0x00000006c5e32cb8,0x00000006cb980000)
 Metaspace       used 34555K, capacity 35444K, committed 35496K, reserved 1081344K
  class space    used 4158K, capacity 4428K, committed 4480K, reserved 1048576K
Event: 3.029 GC heap after
Heap after GC invocations=7 (full 1):
 PSYoungGen      total 104960K, used 8698K [0x000000076c700000, 0x0000000775800000, 0x00000007c0000000)
  eden space 96256K, 0% used [0x000000076c700000,0x000000076c700000,0x0000000772500000)
  from space 8704K, 99% used [0x0000000774f80000,0x00000007757fe980,0x0000000775800000)
  to   space 10752K, 0% used [0x0000000774300000,0x0000000774300000,0x0000000774d80000)
 ParOldGen       total 103936K, used 12850K [0x00000006c5400000, 0x00000006cb980000, 0x000000076c700000)
  object space 103936K, 12% used [0x00000006c5400000,0x00000006c608c838,0x00000006cb980000)
 Metaspace       used 34555K, capacity 35444K, committed 35496K, reserved 1081344K
  class space    used 4158K, capacity 4428K, committed 4480K, reserved 1048576K
}
Event: 3.029 GC heap before
{Heap before GC invocations=8 (full 2):
 PSYoungGen      total 104960K, used 8698K [0x000000076c700000, 0x0000000775800000, 0x00000007c0000000)
  eden space 96256K, 0% used [0x000000076c700000,0x000000076c700000,0x0000000772500000)
  from space 8704K, 99% used [0x0000000774f80000,0x00000007757fe980,0x0000000775800000)
  to   space 10752K, 0% used [0x0000000774300000,0x0000000774300000,0x0000000774d80000)
 ParOldGen       total 103936K, used 12850K [0x00000006c5400000, 0x00000006cb980000, 0x000000076c700000)
  object space 103936K, 12% used [0x00000006c5400000,0x00000006c608c838,0x00000006cb980000)
 Metaspace       used 34555K, capacity 35444K, committed 35496K, reserved 1081344K
  class space    used 4158K, capacity 4428K, committed 4480K, reserved 1048576K
Event: 3.063 GC heap after
Heap after GC invocations=8 (full 2):
 PSYoungGen      total 104960K, used 0K [0x000000076c700000, 0x0000000775800000, 0x00000007c0000000)
  eden space 96256K, 0% used [0x000000076c700000,0x000000076c700000,0x0000000772500000)
  from space 8704K, 0% used [0x0000000774f80000,0x0000000774f80000,0x0000000775800000)
  to   space 10752K, 0% used [0x0000000774300000,0x0000000774300000,0x0000000774d80000)
 ParOldGen       total 103936K, used 15134K [0x00000006c5400000, 0x00000006cb980000, 0x000000076c700000)
  object space 103936K, 14% used [0x00000006c5400000,0x00000006c62c7a40,0x00000006cb980000)
 Metaspace       used 34553K, capacity 35438K, committed 35496K, reserved 1081344K
  class space    used 4157K, capacity 4426K, committed 4480K, reserved 1048576K
}
Event: 3.611 GC heap before
{Heap before GC invocations=9 (full 2):
 PSYoungGen      total 104960K, used 96256K [0x000000076c700000, 0x0000000775800000, 0x00000007c0000000)
  eden space 96256K, 100% used [0x000000076c700000,0x0000000772500000,0x0000000772500000)
  from space 8704K, 0% used [0x0000000774f80000,0x0000000774f80000,0x0000000775800000)
  to   space 10752K, 0% used [0x0000000774300000,0x0000000774300000,0x0000000774d80000)
 ParOldGen       total 103936K, used 15134K [0x00000006c5400000, 0x00000006cb980000, 0x000000076c700000)
  object space 103936K, 14% used [0x00000006c5400000,0x00000006c62c7a40,0x00000006cb980000)
 Metaspace       used 37723K, capacity 39170K, committed 39424K, reserved 1083392K
  class space    used 4630K, capacity 5045K, committed 5120K, reserved 1048576K
Event: 3.615 GC heap after
Heap after GC invocations=9 (full 2):
 PSYoungGen      total 107008K, used 5144K [0x000000076c700000, 0x0000000775800000, 0x00000007c0000000)
  eden space 96256K, 0% used [0x000000076c700000,0x000000076c700000,0x0000000772500000)
  from space 10752K, 47% used [0x0000000774300000,0x00000007748060a0,0x0000000774d80000)
  to   space 8704K, 0% used [0x0000000774f80000,0x0000000774f80000,0x0000000775800000)
 ParOldGen       total 103936K, used 15142K [0x00000006c5400000, 0x00000006cb980000, 0x000000076c700000)
  object space 103936K, 14% used [0x00000006c5400000,0x00000006c62c9a40,0x00000006cb980000)
 Metaspace       used 37723K, capacity 39170K, committed 39424K, reserved 1083392K
  class space    used 4630K, capacity 5045K, committed 5120K, reserved 1048576K
}

