# JRE version: Java(TM) SE Runtime Environment (8.0_202-b08) (build 1.8.0_202-b08)
# Java VM: Java HotSpot(TM) 64-Bit Server VM (25.202-b08 mixed mode windows-amd64 compressed oops)
Heap:
 PSYoungGen      total 111104K, used 28321K [0x000000076c700000, 0x0000000774980000, 0x00000007c0000000)
  eden space 96768K, 23% used [0x000000076c700000,0x000000076dd81b70,0x0000000772580000)
  from space 14336K, 36% used [0x0000000772580000,0x0000000772aa6c88,0x0000000773380000)
  to   space 11776K, 0% used [0x0000000773380000,0x0000000773380000,0x0000000773f00000)
 ParOldGen       total 102912K, used 16822K [0x00000006c5400000, 0x00000006cb880000, 0x000000076c700000)
  object space 102912K, 16% used [0x00000006c5400000,0x00000006c646d870,0x00000006cb880000)
 Metaspace       used 38952K, capacity 40448K, committed 40576K, reserved 1085440K
  class space    used 4811K, capacity 5243K, committed 5248K, reserved 1048576K
GC Heap History (10 events):
Event: 2.426 GC heap before
{Heap before GC invocations=5 (full 1):
 PSYoungGen      total 75264K, used 64512K [0x000000076c700000, 0x0000000771b00000, 0x00000007c0000000)
  eden space 64512K, 100% used [0x000000076c700000,0x0000000770600000,0x0000000770600000)
  from space 10752K, 0% used [0x0000000770600000,0x0000000770600000,0x0000000771080000)
  to   space 10752K, 0% used [0x0000000771080000,0x0000000771080000,0x0000000771b00000)
 ParOldGen       total 102912K, used 6851K [0x00000006c5400000, 0x00000006cb880000, 0x000000076c700000)
  object space 102912K, 6% used [0x00000006c5400000,0x00000006c5ab0f68,0x00000006cb880000)
 Metaspace       used 27574K, capacity 28180K, committed 28416K, reserved 1075200K
  class space    used 3393K, capacity 3567K, committed 3584K, reserved 1048576K
Event: 2.435 GC heap after
Heap after GC invocations=5 (full 1):
 PSYoungGen      total 75264K, used 8439K [0x000000076c700000, 0x0000000773d00000, 0x00000007c0000000)
  eden space 64512K, 0% used [0x000000076c700000,0x000000076c700000,0x0000000770600000)
  from space 10752K, 78% used [0x0000000771080000,0x00000007718bde48,0x0000000771b00000)
  to   space 10752K, 0% used [0x0000000770600000,0x0000000770600000,0x0000000771080000)
 ParOldGen       total 102912K, used 6859K [0x00000006c5400000, 0x00000006cb880000, 0x000000076c700000)
  object space 102912K, 6% used [0x00000006c5400000,0x00000006c5ab2f68,0x00000006cb880000)
 Metaspace       used 27574K, capacity 28180K, committed 28416K, reserved 1075200K
  class space    used 3393K, capacity 3567K, committed 3584K, reserved 1048576K
}
Event: 3.034 GC heap before
{Heap before GC invocations=6 (full 1):
 PSYoungGen      total 75264K, used 72951K [0x000000076c700000, 0x0000000773d00000, 0x00000007c0000000)
  eden space 64512K, 100% used [0x000000076c700000,0x0000000770600000,0x0000000770600000)
  from space 10752K, 78% used [0x0000000771080000,0x00000007718bde48,0x0000000771b00000)
  to   space 10752K, 0% used [0x0000000770600000,0x0000000770600000,0x0000000771080000)
 ParOldGen       total 102912K, used 6859K [0x00000006c5400000, 0x00000006cb880000, 0x000000076c700000)
  object space 102912K, 6% used [0x00000006c5400000,0x00000006c5ab2f68,0x00000006cb880000)
 Metaspace       used 31670K, capacity 32378K, committed 32512K, reserved 1077248K
  class space    used 3791K, capacity 3983K, committed 4096K, reserved 1048576K
Event: 3.041 GC heap after
Heap after GC invocations=6 (full 1):
 PSYoungGen      total 75264K, used 10725K [0x000000076c700000, 0x0000000773f00000, 0x00000007c0000000)
  eden space 64512K, 0% used [0x000000076c700000,0x000000076c700000,0x0000000770600000)
  from space 10752K, 99% used [0x0000000770600000,0x0000000771079628,0x0000000771080000)
  to   space 11776K, 0% used [0x0000000773380000,0x0000000773380000,0x0000000773f00000)
 ParOldGen       total 102912K, used 7690K [0x00000006c5400000, 0x00000006cb880000, 0x000000076c700000)
  object space 102912K, 7% used [0x00000006c5400000,0x00000006c5b82820,0x00000006cb880000)
 Metaspace       used 31670K, capacity 32378K, committed 32512K, reserved 1077248K
  class space    used 3791K, capacity 3983K, committed 4096K, reserved 1048576K
}
Event: 3.302 GC heap before
{Heap before GC invocations=7 (full 1):
 PSYoungGen      total 75264K, used 63132K [0x000000076c700000, 0x0000000773f00000, 0x00000007c0000000)
  eden space 64512K, 81% used [0x000000076c700000,0x000000076fa2dae8,0x0000000770600000)
  from space 10752K, 99% used [0x0000000770600000,0x0000000771079628,0x0000000771080000)
  to   space 11776K, 0% used [0x0000000773380000,0x0000000773380000,0x0000000773f00000)
 ParOldGen       total 102912K, used 7690K [0x00000006c5400000, 0x00000006cb880000, 0x000000076c700000)
  object space 102912K, 7% used [0x00000006c5400000,0x00000006c5b82820,0x00000006cb880000)
 Metaspace       used 34542K, capacity 35444K, committed 35496K, reserved 1081344K
  class space    used 4160K, capacity 4428K, committed 4480K, reserved 1048576K
Event: 3.311 GC heap after
Heap after GC invocations=7 (full 1):
 PSYoungGen      total 108544K, used 11764K [0x000000076c700000, 0x0000000774980000, 0x00000007c0000000)
  eden space 96768K, 0% used [0x000000076c700000,0x000000076c700000,0x0000000772580000)
  from space 11776K, 99% used [0x0000000773380000,0x0000000773efd310,0x0000000773f00000)
  to   space 14336K, 0% used [0x0000000772580000,0x0000000772580000,0x0000000773380000)
 ParOldGen       total 102912K, used 9211K [0x00000006c5400000, 0x00000006cb880000, 0x000000076c700000)
  object space 102912K, 8% used [0x00000006c5400000,0x00000006c5cfed68,0x00000006cb880000)
 Metaspace       used 34542K, capacity 35444K, committed 35496K, reserved 1081344K
  class space    used 4160K, capacity 4428K, committed 4480K, reserved 1048576K
}
Event: 3.311 GC heap before
{Heap before GC invocations=8 (full 2):
 PSYoungGen      total 108544K, used 11764K [0x000000076c700000, 0x0000000774980000, 0x00000007c0000000)
  eden space 96768K, 0% used [0x000000076c700000,0x000000076c700000,0x0000000772580000)
  from space 11776K, 99% used [0x0000000773380000,0x0000000773efd310,0x0000000773f00000)
  to   space 14336K, 0% used [0x0000000772580000,0x0000000772580000,0x0000000773380000)
 ParOldGen       total 102912K, used 9211K [0x00000006c5400000, 0x00000006cb880000, 0x000000076c700000)
  object space 102912K, 8% used [0x00000006c5400000,0x00000006c5cfed68,0x00000006cb880000)
 Metaspace       used 34542K, capacity 35444K, committed 35496K, reserved 1081344K
  class space    used 4160K, capacity 4428K, committed 4480K, reserved 1048576K
Event: 3.373 GC heap after
Heap after GC invocations=8 (full 2):
 PSYoungGen      total 108544K, used 0K [0x000000076c700000, 0x0000000774980000, 0x00000007c0000000)
  eden space 96768K, 0% used [0x000000076c700000,0x000000076c700000,0x0000000772580000)
  from space 11776K, 0% used [0x0000000773380000,0x0000000773380000,0x0000000773f00000)
  to   space 14336K, 0% used [0x0000000772580000,0x0000000772580000,0x0000000773380000)
 ParOldGen       total 102912K, used 16814K [0x00000006c5400000, 0x00000006cb880000, 0x000000076c700000)
  object space 102912K, 16% used [0x00000006c5400000,0x00000006c646b870,0x00000006cb880000)
 Metaspace       used 34540K, capacity 35438K, committed 35496K, reserved 1081344K
  class space    used 4160K, capacity 4426K, committed 4480K, reserved 1048576K
}
Event: 4.059 GC heap before
{Heap before GC invocations=9 (full 2):
 PSYoungGen      total 108544K, used 96768K [0x000000076c700000, 0x0000000774980000, 0x00000007c0000000)
  eden space 96768K, 100% used [0x000000076c700000,0x0000000772580000,0x0000000772580000)
  from space 11776K, 0% used [0x0000000773380000,0x0000000773380000,0x0000000773f00000)
  to   space 14336K, 0% used [0x0000000772580000,0x0000000772580000,0x0000000773380000)
 ParOldGen       total 102912K, used 16814K [0x00000006c5400000, 0x00000006cb880000, 0x000000076c700000)
  object space 102912K, 16% used [0x00000006c5400000,0x00000006c646b870,0x00000006cb880000)
 Metaspace       used 37701K, capacity 39158K, committed 39424K, reserved 1083392K
  class space    used 4631K, capacity 5043K, committed 5120K, reserved 1048576K
Event: 4.065 GC heap after
Heap after GC invocations=9 (full 2):
 PSYoungGen      total 111104K, used 5275K [0x000000076c700000, 0x0000000774980000, 0x00000007c0000000)
  eden space 96768K, 0% used [0x000000076c700000,0x000000076c700000,0x0000000772580000)
  from space 14336K, 36% used [0x0000000772580000,0x0000000772aa6c88,0x0000000773380000)
  to   space 11776K, 0% used [0x0000000773380000,0x0000000773380000,0x0000000773f00000)
 ParOldGen       total 102912K, used 16822K [0x00000006c5400000, 0x00000006cb880000, 0x000000076c700000)
  object space 102912K, 16% used [0x00000006c5400000,0x00000006c646d870,0x00000006cb880000)
 Metaspace       used 37701K, capacity 39158K, committed 39424K, reserved 1083392K
  class space    used 4631K, capacity 5043K, committed 5120K, reserved 1048576K
}

