# JRE version: Java(TM) SE Runtime Environment (8.0_202-b08) (build 1.8.0_202-b08)
# Java VM: Java HotSpot(TM) 64-Bit Server VM (25.202-b08 mixed mode windows-amd64 compressed oops)
Heap:
 PSYoungGen      total 111616K, used 29574K [0x000000076c700000, 0x0000000774800000, 0x00000007c0000000)
  eden space 99840K, 29% used [0x000000076c700000,0x000000076e3e1bf8,0x0000000772880000)
  from space 11776K, 0% used [0x0000000773600000,0x0000000773600000,0x0000000774180000)
  to   space 13824K, 0% used [0x0000000772880000,0x0000000772880000,0x0000000773600000)
 ParOldGen       total 102400K, used 17204K [0x00000006c5400000, 0x00000006cb800000, 0x000000076c700000)
  object space 102400K, 16% used [0x00000006c5400000,0x00000006c64cd3f0,0x00000006cb800000)
 Metaspace       used 35003K, capacity 36234K, committed 36352K, reserved 1081344K
  class space    used 4229K, capacity 4555K, committed 4608K, reserved 1048576K
GC Heap History (10 events):
Event: 2.253 GC heap before
{Heap before GC invocations=4 (full 1):
 PSYoungGen      total 75264K, used 7422K [0x000000076c700000, 0x0000000771b00000, 0x00000007c0000000)
  eden space 64512K, 0% used [0x000000076c700000,0x000000076c700000,0x0000000770600000)
  from space 10752K, 69% used [0x0000000770600000,0x0000000770d3fb08,0x0000000771080000)
  to   space 10752K, 0% used [0x0000000771080000,0x0000000771080000,0x0000000771b00000)
 ParOldGen       total 172032K, used 104K [0x00000006c5400000, 0x00000006cfc00000, 0x000000076c700000)
  object space 172032K, 0% used [0x00000006c5400000,0x00000006c541a010,0x00000006cfc00000)
 Metaspace       used 20769K, capacity 21138K, committed 21296K, reserved 1069056K
  class space    used 2509K, capacity 2656K, committed 2688K, reserved 1048576K
Event: 2.275 GC heap after
Heap after GC invocations=4 (full 1):
 PSYoungGen      total 75264K, used 0K [0x000000076c700000, 0x0000000771b00000, 0x00000007c0000000)
  eden space 64512K, 0% used [0x000000076c700000,0x000000076c700000,0x0000000770600000)
  from space 10752K, 0% used [0x0000000770600000,0x0000000770600000,0x0000000771080000)
  to   space 10752K, 0% used [0x0000000771080000,0x0000000771080000,0x0000000771b00000)
 ParOldGen       total 102400K, used 7217K [0x00000006c5400000, 0x00000006cb800000, 0x000000076c700000)
  object space 102400K, 7% used [0x00000006c5400000,0x00000006c5b0c5a8,0x00000006cb800000)
 Metaspace       used 20769K, capacity 21138K, committed 21296K, reserved 1069056K
  class space    used 2509K, capacity 2656K, committed 2688K, reserved 1048576K
}
Event: 2.848 GC heap before
{Heap before GC invocations=5 (full 1):
 PSYoungGen      total 75264K, used 64512K [0x000000076c700000, 0x0000000771b00000, 0x00000007c0000000)
  eden space 64512K, 100% used [0x000000076c700000,0x0000000770600000,0x0000000770600000)
  from space 10752K, 0% used [0x0000000770600000,0x0000000770600000,0x0000000771080000)
  to   space 10752K, 0% used [0x0000000771080000,0x0000000771080000,0x0000000771b00000)
 ParOldGen       total 102400K, used 7217K [0x00000006c5400000, 0x00000006cb800000, 0x000000076c700000)
  object space 102400K, 7% used [0x00000006c5400000,0x00000006c5b0c5a8,0x00000006cb800000)
 Metaspace       used 27636K, capacity 28202K, committed 28416K, reserved 1075200K
  class space    used 3388K, capacity 3572K, committed 3584K, reserved 1048576K
Event: 2.853 GC heap after
Heap after GC invocations=5 (full 1):
 PSYoungGen      total 75264K, used 8362K [0x000000076c700000, 0x0000000773b80000, 0x00000007c0000000)
  eden space 64512K, 0% used [0x000000076c700000,0x000000076c700000,0x0000000770600000)
  from space 10752K, 77% used [0x0000000771080000,0x00000007718aa8a8,0x0000000771b00000)
  to   space 10752K, 0% used [0x0000000770600000,0x0000000770600000,0x0000000771080000)
 ParOldGen       total 102400K, used 7225K [0x00000006c5400000, 0x00000006cb800000, 0x000000076c700000)
  object space 102400K, 7% used [0x00000006c5400000,0x00000006c5b0e5a8,0x00000006cb800000)
 Metaspace       used 27636K, capacity 28202K, committed 28416K, reserved 1075200K
  class space    used 3388K, capacity 3572K, committed 3584K, reserved 1048576K
}
Event: 3.304 GC heap before
{Heap before GC invocations=6 (full 1):
 PSYoungGen      total 75264K, used 72874K [0x000000076c700000, 0x0000000773b80000, 0x00000007c0000000)
  eden space 64512K, 100% used [0x000000076c700000,0x0000000770600000,0x0000000770600000)
  from space 10752K, 77% used [0x0000000771080000,0x00000007718aa8a8,0x0000000771b00000)
  to   space 10752K, 0% used [0x0000000770600000,0x0000000770600000,0x0000000771080000)
 ParOldGen       total 102400K, used 7225K [0x00000006c5400000, 0x00000006cb800000, 0x000000076c700000)
  object space 102400K, 7% used [0x00000006c5400000,0x00000006c5b0e5a8,0x00000006cb800000)
 Metaspace       used 31692K, capacity 32432K, committed 32640K, reserved 1077248K
  class space    used 3786K, capacity 3956K, committed 3968K, reserved 1048576K
Event: 3.314 GC heap after
Heap after GC invocations=6 (full 1):
 PSYoungGen      total 75264K, used 10736K [0x000000076c700000, 0x0000000774180000, 0x00000007c0000000)
  eden space 64512K, 0% used [0x000000076c700000,0x000000076c700000,0x0000000770600000)
  from space 10752K, 99% used [0x0000000770600000,0x000000077107c3d8,0x0000000771080000)
  to   space 11776K, 0% used [0x0000000773600000,0x0000000773600000,0x0000000774180000)
 ParOldGen       total 102400K, used 8019K [0x00000006c5400000, 0x00000006cb800000, 0x000000076c700000)
  object space 102400K, 7% used [0x00000006c5400000,0x00000006c5bd4de8,0x00000006cb800000)
 Metaspace       used 31692K, capacity 32432K, committed 32640K, reserved 1077248K
  class space    used 3786K, capacity 3956K, committed 3968K, reserved 1048576K
}
Event: 3.712 GC heap before
{Heap before GC invocations=7 (full 1):
 PSYoungGen      total 75264K, used 63194K [0x000000076c700000, 0x0000000774180000, 0x00000007c0000000)
  eden space 64512K, 81% used [0x000000076c700000,0x000000076fa3a528,0x0000000770600000)
  from space 10752K, 99% used [0x0000000770600000,0x000000077107c3d8,0x0000000771080000)
  to   space 11776K, 0% used [0x0000000773600000,0x0000000773600000,0x0000000774180000)
 ParOldGen       total 102400K, used 8019K [0x00000006c5400000, 0x00000006cb800000, 0x000000076c700000)
  object space 102400K, 7% used [0x00000006c5400000,0x00000006c5bd4de8,0x00000006cb800000)
 Metaspace       used 34537K, capacity 35302K, committed 35456K, reserved 1081344K
  class space    used 4147K, capacity 4405K, committed 4480K, reserved 1048576K
Event: 3.721 GC heap after
Heap after GC invocations=7 (full 1):
 PSYoungGen      total 111616K, used 11773K [0x000000076c700000, 0x0000000774800000, 0x00000007c0000000)
  eden space 99840K, 0% used [0x000000076c700000,0x000000076c700000,0x0000000772880000)
  from space 11776K, 99% used [0x0000000773600000,0x000000077417f750,0x0000000774180000)
  to   space 13824K, 0% used [0x0000000772880000,0x0000000772880000,0x0000000773600000)
 ParOldGen       total 102400K, used 9750K [0x00000006c5400000, 0x00000006cb800000, 0x000000076c700000)
  object space 102400K, 9% used [0x00000006c5400000,0x00000006c5d85a18,0x00000006cb800000)
 Metaspace       used 34537K, capacity 35302K, committed 35456K, reserved 1081344K
  class space    used 4147K, capacity 4405K, committed 4480K, reserved 1048576K
}
Event: 3.721 GC heap before
{Heap before GC invocations=8 (full 2):
 PSYoungGen      total 111616K, used 11773K [0x000000076c700000, 0x0000000774800000, 0x00000007c0000000)
  eden space 99840K, 0% used [0x000000076c700000,0x000000076c700000,0x0000000772880000)
  from space 11776K, 99% used [0x0000000773600000,0x000000077417f750,0x0000000774180000)
  to   space 13824K, 0% used [0x0000000772880000,0x0000000772880000,0x0000000773600000)
 ParOldGen       total 102400K, used 9750K [0x00000006c5400000, 0x00000006cb800000, 0x000000076c700000)
  object space 102400K, 9% used [0x00000006c5400000,0x00000006c5d85a18,0x00000006cb800000)
 Metaspace       used 34537K, capacity 35302K, committed 35456K, reserved 1081344K
  class space    used 4147K, capacity 4405K, committed 4480K, reserved 1048576K
Event: 3.782 GC heap after
Heap after GC invocations=8 (full 2):
 PSYoungGen      total 111616K, used 0K [0x000000076c700000, 0x0000000774800000, 0x00000007c0000000)
  eden space 99840K, 0% used [0x000000076c700000,0x000000076c700000,0x0000000772880000)
  from space 11776K, 0% used [0x0000000773600000,0x0000000773600000,0x0000000774180000)
  to   space 13824K, 0% used [0x0000000772880000,0x0000000772880000,0x0000000773600000)
 ParOldGen       total 102400K, used 17204K [0x00000006c5400000, 0x00000006cb800000, 0x000000076c700000)
  object space 102400K, 16% used [0x00000006c5400000,0x00000006c64cd3f0,0x00000006cb800000)
 Metaspace       used 34535K, capacity 35296K, committed 35456K, reserved 1081344K
  class space    used 4147K, capacity 4403K, committed 4480K, reserved 1048576K
}

