# JRE version: Java(TM) SE Runtime Environment (8.0_202-b08) (build 1.8.0_202-b08)
# Java VM: Java HotSpot(TM) 64-Bit Server VM (25.202-b08 mixed mode windows-amd64 compressed oops)
Heap:
 PSYoungGen      total 350720K, used 79675K [0x000000076c700000, 0x0000000785400000, 0x00000007c0000000)
  eden space 331264K, 20% used [0x000000076c700000,0x000000077084b1c0,0x0000000780a80000)
  from space 19456K, 65% used [0x0000000780a80000,0x0000000781703e20,0x0000000781d80000)
  to   space 16384K, 0% used [0x0000000781d80000,0x0000000781d80000,0x0000000782d80000)
 ParOldGen       total 163328K, used 17795K [0x00000006c5400000, 0x00000006cf380000, 0x000000076c700000)
  object space 163328K, 10% used [0x00000006c5400000,0x00000006c6560cd0,0x00000006cf380000)
 Metaspace       used 54104K, capacity 56294K, committed 56576K, reserved 1097728K
  class space    used 6747K, capacity 7384K, committed 7424K, reserved 1048576K
GC Heap History (10 events):
Event: 2.761 GC heap before
{Heap before GC invocations=5 (full 1):
 PSYoungGen      total 139776K, used 129024K [0x000000076c700000, 0x000000077d800000, 0x00000007c0000000)
  eden space 129024K, 100% used [0x000000076c700000,0x0000000774500000,0x0000000774500000)
  from space 10752K, 0% used [0x0000000774500000,0x0000000774500000,0x0000000774f80000)
  to   space 10752K, 0% used [0x000000077cd80000,0x000000077cd80000,0x000000077d800000)
 ParOldGen       total 100352K, used 6850K [0x00000006c5400000, 0x00000006cb600000, 0x000000076c700000)
  object space 100352K, 6% used [0x00000006c5400000,0x00000006c5ab0888,0x00000006cb600000)
 Metaspace       used 31758K, capacity 32490K, committed 32768K, reserved 1077248K
  class space    used 3799K, capacity 3983K, committed 4096K, reserved 1048576K
Event: 2.780 GC heap after
Heap after GC invocations=5 (full 1):
 PSYoungGen      total 212992K, used 10724K [0x000000076c700000, 0x000000077d800000, 0x00000007c0000000)
  eden space 202240K, 0% used [0x000000076c700000,0x000000076c700000,0x0000000778c80000)
  from space 10752K, 99% used [0x000000077cd80000,0x000000077d7f9320,0x000000077d800000)
  to   space 10752K, 0% used [0x000000077c300000,0x000000077c300000,0x000000077cd80000)
 ParOldGen       total 100352K, used 10905K [0x00000006c5400000, 0x00000006cb600000, 0x000000076c700000)
  object space 100352K, 10% used [0x00000006c5400000,0x00000006c5ea6678,0x00000006cb600000)
 Metaspace       used 31758K, capacity 32490K, committed 32768K, reserved 1077248K
  class space    used 3799K, capacity 3983K, committed 4096K, reserved 1048576K
}
Event: 3.094 GC heap before
{Heap before GC invocations=6 (full 1):
 PSYoungGen      total 212992K, used 63565K [0x000000076c700000, 0x000000077d800000, 0x00000007c0000000)
  eden space 202240K, 26% used [0x000000076c700000,0x000000076fa9a260,0x0000000778c80000)
  from space 10752K, 99% used [0x000000077cd80000,0x000000077d7f9320,0x000000077d800000)
  to   space 10752K, 0% used [0x000000077c300000,0x000000077c300000,0x000000077cd80000)
 ParOldGen       total 100352K, used 10905K [0x00000006c5400000, 0x00000006cb600000, 0x000000076c700000)
  object space 100352K, 10% used [0x00000006c5400000,0x00000006c5ea6678,0x00000006cb600000)
 Metaspace       used 34548K, capacity 35446K, committed 35496K, reserved 1081344K
  class space    used 4162K, capacity 4431K, committed 4480K, reserved 1048576K
Event: 3.108 GC heap after
Heap after GC invocations=6 (full 1):
 PSYoungGen      total 268800K, used 10744K [0x000000076c700000, 0x0000000782d80000, 0x00000007c0000000)
  eden space 258048K, 0% used [0x000000076c700000,0x000000076c700000,0x000000077c300000)
  from space 10752K, 99% used [0x000000077c300000,0x000000077cd7e1a8,0x000000077cd80000)
  to   space 16384K, 0% used [0x0000000781d80000,0x0000000781d80000,0x0000000782d80000)
 ParOldGen       total 100352K, used 13332K [0x00000006c5400000, 0x00000006cb600000, 0x000000076c700000)
  object space 100352K, 13% used [0x00000006c5400000,0x00000006c6105388,0x00000006cb600000)
 Metaspace       used 34548K, capacity 35446K, committed 35496K, reserved 1081344K
  class space    used 4162K, capacity 4431K, committed 4480K, reserved 1048576K
}
Event: 3.108 GC heap before
{Heap before GC invocations=7 (full 2):
 PSYoungGen      total 268800K, used 10744K [0x000000076c700000, 0x0000000782d80000, 0x00000007c0000000)
  eden space 258048K, 0% used [0x000000076c700000,0x000000076c700000,0x000000077c300000)
  from space 10752K, 99% used [0x000000077c300000,0x000000077cd7e1a8,0x000000077cd80000)
  to   space 16384K, 0% used [0x0000000781d80000,0x0000000781d80000,0x0000000782d80000)
 ParOldGen       total 100352K, used 13332K [0x00000006c5400000, 0x00000006cb600000, 0x000000076c700000)
  object space 100352K, 13% used [0x00000006c5400000,0x00000006c6105388,0x00000006cb600000)
 Metaspace       used 34548K, capacity 35446K, committed 35496K, reserved 1081344K
  class space    used 4162K, capacity 4431K, committed 4480K, reserved 1048576K
Event: 3.163 GC heap after
Heap after GC invocations=7 (full 2):
 PSYoungGen      total 268800K, used 0K [0x000000076c700000, 0x0000000782d80000, 0x00000007c0000000)
  eden space 258048K, 0% used [0x000000076c700000,0x000000076c700000,0x000000077c300000)
  from space 10752K, 0% used [0x000000077c300000,0x000000077c300000,0x000000077cd80000)
  to   space 16384K, 0% used [0x0000000781d80000,0x0000000781d80000,0x0000000782d80000)
 ParOldGen       total 163328K, used 17154K [0x00000006c5400000, 0x00000006cf380000, 0x000000076c700000)
  object space 163328K, 10% used [0x00000006c5400000,0x00000006c64c0a70,0x00000006cf380000)
 Metaspace       used 34546K, capacity 35440K, committed 35496K, reserved 1081344K
  class space    used 4162K, capacity 4429K, committed 4480K, reserved 1048576K
}
Event: 5.631 GC heap before
{Heap before GC invocations=8 (full 2):
 PSYoungGen      total 268800K, used 258048K [0x000000076c700000, 0x0000000782d80000, 0x00000007c0000000)
  eden space 258048K, 100% used [0x000000076c700000,0x000000077c300000,0x000000077c300000)
  from space 10752K, 0% used [0x000000077c300000,0x000000077c300000,0x000000077cd80000)
  to   space 16384K, 0% used [0x0000000781d80000,0x0000000781d80000,0x0000000782d80000)
 ParOldGen       total 163328K, used 17154K [0x00000006c5400000, 0x00000006cf380000, 0x000000076c700000)
  object space 163328K, 10% used [0x00000006c5400000,0x00000006c64c0a70,0x00000006cf380000)
 Metaspace       used 44897K, capacity 46982K, committed 47104K, reserved 1089536K
  class space    used 5692K, capacity 6326K, committed 6400K, reserved 1048576K
Event: 5.644 GC heap after
Heap after GC invocations=8 (full 2):
 PSYoungGen      total 347648K, used 16383K [0x000000076c700000, 0x0000000785400000, 0x00000007c0000000)
  eden space 331264K, 0% used [0x000000076c700000,0x000000076c700000,0x0000000780a80000)
  from space 16384K, 99% used [0x0000000781d80000,0x0000000782d7fcd0,0x0000000782d80000)
  to   space 19456K, 0% used [0x0000000780a80000,0x0000000780a80000,0x0000000781d80000)
 ParOldGen       total 163328K, used 17787K [0x00000006c5400000, 0x00000006cf380000, 0x000000076c700000)
  object space 163328K, 10% used [0x00000006c5400000,0x00000006c655ecd0,0x00000006cf380000)
 Metaspace       used 44897K, capacity 46982K, committed 47104K, reserved 1089536K
  class space    used 5692K, capacity 6326K, committed 6400K, reserved 1048576K
}
Event: 7.466 GC heap before
{Heap before GC invocations=9 (full 2):
 PSYoungGen      total 347648K, used 347647K [0x000000076c700000, 0x0000000785400000, 0x00000007c0000000)
  eden space 331264K, 100% used [0x000000076c700000,0x0000000780a80000,0x0000000780a80000)
  from space 16384K, 99% used [0x0000000781d80000,0x0000000782d7fcd0,0x0000000782d80000)
  to   space 19456K, 0% used [0x0000000780a80000,0x0000000780a80000,0x0000000781d80000)
 ParOldGen       total 163328K, used 17787K [0x00000006c5400000, 0x00000006cf380000, 0x000000076c700000)
  object space 163328K, 10% used [0x00000006c5400000,0x00000006c655ecd0,0x00000006cf380000)
 Metaspace       used 48808K, capacity 50934K, committed 51072K, reserved 1093632K
  class space    used 6094K, capacity 6738K, committed 6784K, reserved 1048576K
Event: 7.474 GC heap after
Heap after GC invocations=9 (full 2):
 PSYoungGen      total 350720K, used 12815K [0x000000076c700000, 0x0000000785400000, 0x00000007c0000000)
  eden space 331264K, 0% used [0x000000076c700000,0x000000076c700000,0x0000000780a80000)
  from space 19456K, 65% used [0x0000000780a80000,0x0000000781703e20,0x0000000781d80000)
  to   space 16384K, 0% used [0x0000000781d80000,0x0000000781d80000,0x0000000782d80000)
 ParOldGen       total 163328K, used 17795K [0x00000006c5400000, 0x00000006cf380000, 0x000000076c700000)
  object space 163328K, 10% used [0x00000006c5400000,0x00000006c6560cd0,0x00000006cf380000)
 Metaspace       used 48808K, capacity 50934K, committed 51072K, reserved 1093632K
  class space    used 6094K, capacity 6738K, committed 6784K, reserved 1048576K
}

