# JRE version: Java(TM) SE Runtime Environment (8.0_202-b08) (build 1.8.0_202-b08)
# Java VM: Java HotSpot(TM) 64-Bit Server VM (25.202-b08 mixed mode windows-amd64 compressed oops)
Heap:
 PSYoungGen      total 137216K, used 41679K [0x000000076c700000, 0x0000000779800000, 0x00000007c0000000)
  eden space 126464K, 25% used [0x000000076c700000,0x000000076e70cbb0,0x0000000774280000)
  from space 10752K, 82% used [0x0000000774280000,0x0000000774b27260,0x0000000774d00000)
  to   space 13824K, 0% used [0x0000000778a80000,0x0000000778a80000,0x0000000779800000)
 ParOldGen       total 104448K, used 15695K [0x00000006c5400000, 0x00000006cba00000, 0x000000076c700000)
  object space 104448K, 15% used [0x00000006c5400000,0x00000006c6353f48,0x00000006cba00000)
 Metaspace       used 40765K, capacity 42534K, committed 42752K, reserved 1087488K
  class space    used 5037K, capacity 5597K, committed 5632K, reserved 1048576K
GC Heap History (10 events):
Event: 2.035 GC heap before
{Heap before GC invocations=5 (full 1):
 PSYoungGen      total 75264K, used 64512K [0x000000076c700000, 0x0000000775a00000, 0x00000007c0000000)
  eden space 64512K, 100% used [0x000000076c700000,0x0000000770600000,0x0000000770600000)
  from space 10752K, 0% used [0x0000000770600000,0x0000000770600000,0x0000000771080000)
  to   space 10752K, 0% used [0x0000000774f80000,0x0000000774f80000,0x0000000775a00000)
 ParOldGen       total 104448K, used 7045K [0x00000006c5400000, 0x00000006cba00000, 0x000000076c700000)
  object space 104448K, 6% used [0x00000006c5400000,0x00000006c5ae1480,0x00000006cba00000)
 Metaspace       used 26024K, capacity 26532K, committed 26880K, reserved 1073152K
  class space    used 3135K, capacity 3273K, committed 3328K, reserved 1048576K
Event: 2.043 GC heap after
Heap after GC invocations=5 (full 1):
 PSYoungGen      total 105472K, used 7695K [0x000000076c700000, 0x0000000775780000, 0x00000007c0000000)
  eden space 97280K, 0% used [0x000000076c700000,0x000000076c700000,0x0000000772600000)
  from space 8192K, 93% used [0x0000000774f80000,0x0000000775703e98,0x0000000775780000)
  to   space 10752K, 0% used [0x0000000774280000,0x0000000774280000,0x0000000774d00000)
 ParOldGen       total 104448K, used 7053K [0x00000006c5400000, 0x00000006cba00000, 0x000000076c700000)
  object space 104448K, 6% used [0x00000006c5400000,0x00000006c5ae3480,0x00000006cba00000)
 Metaspace       used 26024K, capacity 26532K, committed 26880K, reserved 1073152K
  class space    used 3135K, capacity 3273K, committed 3328K, reserved 1048576K
}
Event: 2.701 GC heap before
{Heap before GC invocations=6 (full 1):
 PSYoungGen      total 105472K, used 104975K [0x000000076c700000, 0x0000000775780000, 0x00000007c0000000)
  eden space 97280K, 100% used [0x000000076c700000,0x0000000772600000,0x0000000772600000)
  from space 8192K, 93% used [0x0000000774f80000,0x0000000775703e98,0x0000000775780000)
  to   space 10752K, 0% used [0x0000000774280000,0x0000000774280000,0x0000000774d00000)
 ParOldGen       total 104448K, used 7053K [0x00000006c5400000, 0x00000006cba00000, 0x000000076c700000)
  object space 104448K, 6% used [0x00000006c5400000,0x00000006c5ae3480,0x00000006cba00000)
 Metaspace       used 33652K, capacity 34416K, committed 34688K, reserved 1079296K
  class space    used 3982K, capacity 4186K, committed 4224K, reserved 1048576K
Event: 2.715 GC heap after
Heap after GC invocations=6 (full 1):
 PSYoungGen      total 137216K, used 10745K [0x000000076c700000, 0x0000000777280000, 0x00000007c0000000)
  eden space 126464K, 0% used [0x000000076c700000,0x000000076c700000,0x0000000774280000)
  from space 10752K, 99% used [0x0000000774280000,0x0000000774cfe640,0x0000000774d00000)
  to   space 13312K, 0% used [0x0000000776580000,0x0000000776580000,0x0000000777280000)
 ParOldGen       total 104448K, used 10817K [0x00000006c5400000, 0x00000006cba00000, 0x000000076c700000)
  object space 104448K, 10% used [0x00000006c5400000,0x00000006c5e90450,0x00000006cba00000)
 Metaspace       used 33652K, capacity 34416K, committed 34688K, reserved 1079296K
  class space    used 3982K, capacity 4186K, committed 4224K, reserved 1048576K
}
Event: 2.857 GC heap before
{Heap before GC invocations=7 (full 1):
 PSYoungGen      total 137216K, used 38244K [0x000000076c700000, 0x0000000777280000, 0x00000007c0000000)
  eden space 126464K, 21% used [0x000000076c700000,0x000000076e1dac68,0x0000000774280000)
  from space 10752K, 99% used [0x0000000774280000,0x0000000774cfe640,0x0000000774d00000)
  to   space 13312K, 0% used [0x0000000776580000,0x0000000776580000,0x0000000777280000)
 ParOldGen       total 104448K, used 10817K [0x00000006c5400000, 0x00000006cba00000, 0x000000076c700000)
  object space 104448K, 10% used [0x00000006c5400000,0x00000006c5e90450,0x00000006cba00000)
 Metaspace       used 34698K, capacity 35432K, committed 35496K, reserved 1081344K
  class space    used 4141K, capacity 4338K, committed 4352K, reserved 1048576K
Event: 2.868 GC heap after
Heap after GC invocations=7 (full 1):
 PSYoungGen      total 139776K, used 12104K [0x000000076c700000, 0x0000000777280000, 0x00000007c0000000)
  eden space 126464K, 0% used [0x000000076c700000,0x000000076c700000,0x0000000774280000)
  from space 13312K, 90% used [0x0000000776580000,0x0000000777152288,0x0000000777280000)
  to   space 10752K, 0% used [0x0000000774280000,0x0000000774280000,0x0000000774d00000)
 ParOldGen       total 104448K, used 10825K [0x00000006c5400000, 0x00000006cba00000, 0x000000076c700000)
  object space 104448K, 10% used [0x00000006c5400000,0x00000006c5e92450,0x00000006cba00000)
 Metaspace       used 34698K, capacity 35432K, committed 35496K, reserved 1081344K
  class space    used 4141K, capacity 4338K, committed 4352K, reserved 1048576K
}
Event: 2.868 GC heap before
{Heap before GC invocations=8 (full 2):
 PSYoungGen      total 139776K, used 12104K [0x000000076c700000, 0x0000000777280000, 0x00000007c0000000)
  eden space 126464K, 0% used [0x000000076c700000,0x000000076c700000,0x0000000774280000)
  from space 13312K, 90% used [0x0000000776580000,0x0000000777152288,0x0000000777280000)
  to   space 10752K, 0% used [0x0000000774280000,0x0000000774280000,0x0000000774d00000)
 ParOldGen       total 104448K, used 10825K [0x00000006c5400000, 0x00000006cba00000, 0x000000076c700000)
  object space 104448K, 10% used [0x00000006c5400000,0x00000006c5e92450,0x00000006cba00000)
 Metaspace       used 34698K, capacity 35432K, committed 35496K, reserved 1081344K
  class space    used 4141K, capacity 4338K, committed 4352K, reserved 1048576K
Event: 2.919 GC heap after
Heap after GC invocations=8 (full 2):
 PSYoungGen      total 139776K, used 0K [0x000000076c700000, 0x0000000777280000, 0x00000007c0000000)
  eden space 126464K, 0% used [0x000000076c700000,0x000000076c700000,0x0000000774280000)
  from space 13312K, 0% used [0x0000000776580000,0x0000000776580000,0x0000000777280000)
  to   space 10752K, 0% used [0x0000000774280000,0x0000000774280000,0x0000000774d00000)
 ParOldGen       total 104448K, used 15687K [0x00000006c5400000, 0x00000006cba00000, 0x000000076c700000)
  object space 104448K, 15% used [0x00000006c5400000,0x00000006c6351f48,0x00000006cba00000)
 Metaspace       used 34696K, capacity 35426K, committed 35496K, reserved 1081344K
  class space    used 4140K, capacity 4336K, committed 4352K, reserved 1048576K
}
Event: 4.916 GC heap before
{Heap before GC invocations=9 (full 2):
 PSYoungGen      total 139776K, used 126464K [0x000000076c700000, 0x0000000777280000, 0x00000007c0000000)
  eden space 126464K, 100% used [0x000000076c700000,0x0000000774280000,0x0000000774280000)
  from space 13312K, 0% used [0x0000000776580000,0x0000000776580000,0x0000000777280000)
  to   space 10752K, 0% used [0x0000000774280000,0x0000000774280000,0x0000000774d00000)
 ParOldGen       total 104448K, used 15687K [0x00000006c5400000, 0x00000006cba00000, 0x000000076c700000)
  object space 104448K, 15% used [0x00000006c5400000,0x00000006c6351f48,0x00000006cba00000)
 Metaspace       used 40263K, capacity 41858K, committed 42112K, reserved 1085440K
  class space    used 4928K, capacity 5384K, committed 5504K, reserved 1048576K
Event: 4.921 GC heap after
Heap after GC invocations=9 (full 2):
 PSYoungGen      total 137216K, used 8860K [0x000000076c700000, 0x0000000779800000, 0x00000007c0000000)
  eden space 126464K, 0% used [0x000000076c700000,0x000000076c700000,0x0000000774280000)
  from space 10752K, 82% used [0x0000000774280000,0x0000000774b27260,0x0000000774d00000)
  to   space 13824K, 0% used [0x0000000778a80000,0x0000000778a80000,0x0000000779800000)
 ParOldGen       total 104448K, used 15695K [0x00000006c5400000, 0x00000006cba00000, 0x000000076c700000)
  object space 104448K, 15% used [0x00000006c5400000,0x00000006c6353f48,0x00000006cba00000)
 Metaspace       used 40263K, capacity 41858K, committed 42112K, reserved 1085440K
  class space    used 4928K, capacity 5384K, committed 5504K, reserved 1048576K
}

