# JRE version: Java(TM) SE Runtime Environment (8.0_202-b08) (build 1.8.0_202-b08)
# Java VM: Java HotSpot(TM) 64-Bit Server VM (25.202-b08 mixed mode windows-amd64 compressed oops)
Heap:
 PSYoungGen      total 231936K, used 43876K [0x000000076c700000, 0x000000077de00000, 0x00000007c0000000)
  eden space 198656K, 5% used [0x000000076c700000,0x000000076d15ce50,0x0000000778900000)
  from space 33280K, 99% used [0x000000077b000000,0x000000077d07c1b8,0x000000077d080000)
  to   space 39936K, 0% used [0x0000000778900000,0x0000000778900000,0x000000077b000000)
 ParOldGen       total 109568K, used 34551K [0x00000006c5400000, 0x00000006cbf00000, 0x000000076c700000)
  object space 109568K, 31% used [0x00000006c5400000,0x00000006c75bdf68,0x00000006cbf00000)
 Metaspace       used 31703K, capacity 32778K, committed 33024K, reserved 1079296K
  class space    used 3510K, capacity 3840K, committed 3840K, reserved 1048576K
GC Heap History (10 events):
Event: 3.645 GC heap before
{Heap before GC invocations=5 (full 1):
 PSYoungGen      total 75264K, used 64512K [0x000000076c700000, 0x0000000775a00000, 0x00000007c0000000)
  eden space 64512K, 100% used [0x000000076c700000,0x0000000770600000,0x0000000770600000)
  from space 10752K, 0% used [0x0000000770600000,0x0000000770600000,0x0000000771080000)
  to   space 10752K, 0% used [0x0000000774f80000,0x0000000774f80000,0x0000000775a00000)
 ParOldGen       total 109568K, used 9414K [0x00000006c5400000, 0x00000006cbf00000, 0x000000076c700000)
  object space 109568K, 8% used [0x00000006c5400000,0x00000006c5d31ad8,0x00000006cbf00000)
 Metaspace       used 21510K, capacity 22298K, committed 22528K, reserved 1069056K
  class space    used 2517K, capacity 2791K, committed 2816K, reserved 1048576K
Event: 3.650 GC heap after
Heap after GC invocations=5 (full 1):
 PSYoungGen      total 100352K, used 4403K [0x000000076c700000, 0x0000000775400000, 0x00000007c0000000)
  eden space 95744K, 0% used [0x000000076c700000,0x000000076c700000,0x0000000772480000)
  from space 4608K, 95% used [0x0000000774f80000,0x00000007753ccd70,0x0000000775400000)
  to   space 10752K, 0% used [0x0000000773f00000,0x0000000773f00000,0x0000000774980000)
 ParOldGen       total 109568K, used 9422K [0x00000006c5400000, 0x00000006cbf00000, 0x000000076c700000)
  object space 109568K, 8% used [0x00000006c5400000,0x00000006c5d33ad8,0x00000006cbf00000)
 Metaspace       used 21510K, capacity 22298K, committed 22528K, reserved 1069056K
  class space    used 2517K, capacity 2791K, committed 2816K, reserved 1048576K
}
Event: 4.384 GC heap before
{Heap before GC invocations=6 (full 1):
 PSYoungGen      total 100352K, used 100147K [0x000000076c700000, 0x0000000775400000, 0x00000007c0000000)
  eden space 95744K, 100% used [0x000000076c700000,0x0000000772480000,0x0000000772480000)
  from space 4608K, 95% used [0x0000000774f80000,0x00000007753ccd70,0x0000000775400000)
  to   space 10752K, 0% used [0x0000000773f00000,0x0000000773f00000,0x0000000774980000)
 ParOldGen       total 109568K, used 9422K [0x00000006c5400000, 0x00000006cbf00000, 0x000000076c700000)
  object space 109568K, 8% used [0x00000006c5400000,0x00000006c5d33ad8,0x00000006cbf00000)
 Metaspace       used 23127K, capacity 23958K, committed 24192K, reserved 1071104K
  class space    used 2661K, capacity 2915K, committed 2944K, reserved 1048576K
Event: 4.393 GC heap after
Heap after GC invocations=6 (full 1):
 PSYoungGen      total 133632K, used 9290K [0x000000076c700000, 0x0000000776d80000, 0x00000007c0000000)
  eden space 122880K, 0% used [0x000000076c700000,0x000000076c700000,0x0000000773f00000)
  from space 10752K, 86% used [0x0000000773f00000,0x0000000774812b10,0x0000000774980000)
  to   space 13824K, 0% used [0x0000000776000000,0x0000000776000000,0x0000000776d80000)
 ParOldGen       total 109568K, used 9430K [0x00000006c5400000, 0x00000006cbf00000, 0x000000076c700000)
  object space 109568K, 8% used [0x00000006c5400000,0x00000006c5d35ad8,0x00000006cbf00000)
 Metaspace       used 23127K, capacity 23958K, committed 24192K, reserved 1071104K
  class space    used 2661K, capacity 2915K, committed 2944K, reserved 1048576K
}
Event: 5.251 GC heap before
{Heap before GC invocations=7 (full 1):
 PSYoungGen      total 133632K, used 132170K [0x000000076c700000, 0x0000000776d80000, 0x00000007c0000000)
  eden space 122880K, 100% used [0x000000076c700000,0x0000000773f00000,0x0000000773f00000)
  from space 10752K, 86% used [0x0000000773f00000,0x0000000774812b10,0x0000000774980000)
  to   space 13824K, 0% used [0x0000000776000000,0x0000000776000000,0x0000000776d80000)
 ParOldGen       total 109568K, used 9430K [0x00000006c5400000, 0x00000006cbf00000, 0x000000076c700000)
  object space 109568K, 8% used [0x00000006c5400000,0x00000006c5d35ad8,0x00000006cbf00000)
 Metaspace       used 27813K, capacity 28794K, committed 28928K, reserved 1075200K
  class space    used 3216K, capacity 3507K, committed 3584K, reserved 1048576K
Event: 5.280 GC heap after
Heap after GC invocations=7 (full 1):
 PSYoungGen      total 141824K, used 13823K [0x000000076c700000, 0x000000077bf80000, 0x00000007c0000000)
  eden space 128000K, 0% used [0x000000076c700000,0x000000076c700000,0x0000000774400000)
  from space 13824K, 99% used [0x0000000776000000,0x0000000776d7fe08,0x0000000776d80000)
  to   space 28672K, 0% used [0x0000000774400000,0x0000000774400000,0x0000000776000000)
 ParOldGen       total 109568K, used 32178K [0x00000006c5400000, 0x00000006cbf00000, 0x000000076c700000)
  object space 109568K, 29% used [0x00000006c5400000,0x00000006c736c8c8,0x00000006cbf00000)
 Metaspace       used 27813K, capacity 28794K, committed 28928K, reserved 1075200K
  class space    used 3216K, capacity 3507K, committed 3584K, reserved 1048576K
}
Event: 6.527 GC heap before
{Heap before GC invocations=8 (full 1):
 PSYoungGen      total 141824K, used 141823K [0x000000076c700000, 0x000000077bf80000, 0x00000007c0000000)
  eden space 128000K, 100% used [0x000000076c700000,0x0000000774400000,0x0000000774400000)
  from space 13824K, 99% used [0x0000000776000000,0x0000000776d7fe08,0x0000000776d80000)
  to   space 28672K, 0% used [0x0000000774400000,0x0000000774400000,0x0000000776000000)
 ParOldGen       total 109568K, used 32178K [0x00000006c5400000, 0x00000006cbf00000, 0x000000076c700000)
  object space 109568K, 29% used [0x00000006c5400000,0x00000006c736c8c8,0x00000006cbf00000)
 Metaspace       used 29974K, capacity 30924K, committed 31104K, reserved 1077248K
  class space    used 3371K, capacity 3637K, committed 3712K, reserved 1048576K
Event: 6.548 GC heap after
Heap after GC invocations=8 (full 1):
 PSYoungGen      total 156672K, used 26456K [0x000000076c700000, 0x000000077d080000, 0x00000007c0000000)
  eden space 128000K, 0% used [0x000000076c700000,0x000000076c700000,0x0000000774400000)
  from space 28672K, 92% used [0x0000000774400000,0x0000000775dd6128,0x0000000776000000)
  to   space 33280K, 0% used [0x000000077b000000,0x000000077b000000,0x000000077d080000)
 ParOldGen       total 109568K, used 32186K [0x00000006c5400000, 0x00000006cbf00000, 0x000000076c700000)
  object space 109568K, 29% used [0x00000006c5400000,0x00000006c736e8c8,0x00000006cbf00000)
 Metaspace       used 29974K, capacity 30924K, committed 31104K, reserved 1077248K
  class space    used 3371K, capacity 3637K, committed 3712K, reserved 1048576K
}
Event: 7.854 GC heap before
{Heap before GC invocations=9 (full 1):
 PSYoungGen      total 156672K, used 154456K [0x000000076c700000, 0x000000077d080000, 0x00000007c0000000)
  eden space 128000K, 100% used [0x000000076c700000,0x0000000774400000,0x0000000774400000)
  from space 28672K, 92% used [0x0000000774400000,0x0000000775dd6128,0x0000000776000000)
  to   space 33280K, 0% used [0x000000077b000000,0x000000077b000000,0x000000077d080000)
 ParOldGen       total 109568K, used 32186K [0x00000006c5400000, 0x00000006cbf00000, 0x000000076c700000)
  object space 109568K, 29% used [0x00000006c5400000,0x00000006c736e8c8,0x00000006cbf00000)
 Metaspace       used 31425K, capacity 32490K, committed 32768K, reserved 1079296K
  class space    used 3469K, capacity 3808K, committed 3840K, reserved 1048576K
Event: 7.877 GC heap after
Heap after GC invocations=9 (full 1):
 PSYoungGen      total 231936K, used 33264K [0x000000076c700000, 0x000000077de00000, 0x00000007c0000000)
  eden space 198656K, 0% used [0x000000076c700000,0x000000076c700000,0x0000000778900000)
  from space 33280K, 99% used [0x000000077b000000,0x000000077d07c1b8,0x000000077d080000)
  to   space 39936K, 0% used [0x0000000778900000,0x0000000778900000,0x000000077b000000)
 ParOldGen       total 109568K, used 34551K [0x00000006c5400000, 0x00000006cbf00000, 0x000000076c700000)
  object space 109568K, 31% used [0x00000006c5400000,0x00000006c75bdf68,0x00000006cbf00000)
 Metaspace       used 31425K, capacity 32490K, committed 32768K, reserved 1079296K
  class space    used 3469K, capacity 3808K, committed 3840K, reserved 1048576K
}

