# JRE version: Java(TM) SE Runtime Environment (8.0_202-b08) (build 1.8.0_202-b08)
# Java VM: Java HotSpot(TM) 64-Bit Server VM (25.202-b08 mixed mode windows-amd64 compressed oops)
Heap:
 PSYoungGen      total 293376K, used 200366K [0x000000076c700000, 0x000000077fa80000, 0x00000007c0000000)
  eden space 274944K, 72% used [0x000000076c700000,0x0000000778aab9d0,0x000000077d380000)
  from space 18432K, 0% used [0x000000077e880000,0x000000077e880000,0x000000077fa80000)
  to   space 19968K, 0% used [0x000000077d380000,0x000000077d380000,0x000000077e700000)
 ParOldGen       total 171008K, used 28013K [0x00000006c5400000, 0x00000006cfb00000, 0x000000076c700000)
  object space 171008K, 16% used [0x00000006c5400000,0x00000006c6f5b590,0x00000006cfb00000)
 Metaspace       used 55715K, capacity 58602K, committed 59416K, reserved 1101824K
  class space    used 6722K, capacity 7514K, committed 7808K, reserved 1048576K
GC Heap History (10 events):
Event: 30.329 GC heap before
{Heap before GC invocations=13 (full 2):
 PSYoungGen      total 233472K, used 233441K [0x000000076c700000, 0x000000077bd80000, 0x00000007c0000000)
  eden space 218624K, 100% used [0x000000076c700000,0x0000000779c80000,0x0000000779c80000)
  from space 14848K, 99% used [0x000000077ac80000,0x000000077baf8610,0x000000077bb00000)
  to   space 16384K, 0% used [0x0000000779c80000,0x0000000779c80000,0x000000077ac80000)
 ParOldGen       total 171008K, used 15892K [0x00000006c5400000, 0x00000006cfb00000, 0x000000076c700000)
  object space 171008K, 9% used [0x00000006c5400000,0x00000006c63852d8,0x00000006cfb00000)
 Metaspace       used 54148K, capacity 56734K, committed 56832K, reserved 1099776K
  class space    used 6655K, capacity 7404K, committed 7424K, reserved 1048576K
Event: 30.346 GC heap after
Heap after GC invocations=13 (full 2):
 PSYoungGen      total 235008K, used 15121K [0x000000076c700000, 0x000000077e200000, 0x00000007c0000000)
  eden space 218624K, 0% used [0x000000076c700000,0x000000076c700000,0x0000000779c80000)
  from space 16384K, 92% used [0x0000000779c80000,0x000000077ab44650,0x000000077ac80000)
  to   space 17408K, 0% used [0x000000077d100000,0x000000077d100000,0x000000077e200000)
 ParOldGen       total 171008K, used 15900K [0x00000006c5400000, 0x00000006cfb00000, 0x000000076c700000)
  object space 171008K, 9% used [0x00000006c5400000,0x00000006c63872d8,0x00000006cfb00000)
 Metaspace       used 54148K, capacity 56734K, committed 56832K, reserved 1099776K
  class space    used 6655K, capacity 7404K, committed 7424K, reserved 1048576K
}
Event: 41.224 GC heap before
{Heap before GC invocations=14 (full 2):
 PSYoungGen      total 235008K, used 233745K [0x000000076c700000, 0x000000077e200000, 0x00000007c0000000)
  eden space 218624K, 100% used [0x000000076c700000,0x0000000779c80000,0x0000000779c80000)
  from space 16384K, 92% used [0x0000000779c80000,0x000000077ab44650,0x000000077ac80000)
  to   space 17408K, 0% used [0x000000077d100000,0x000000077d100000,0x000000077e200000)
 ParOldGen       total 171008K, used 15900K [0x00000006c5400000, 0x00000006cfb00000, 0x000000076c700000)
  object space 171008K, 9% used [0x00000006c5400000,0x00000006c63872d8,0x00000006cfb00000)
 Metaspace       used 55012K, capacity 57954K, committed 58112K, reserved 1099776K
  class space    used 6736K, capacity 7569K, committed 7680K, reserved 1048576K
Event: 41.237 GC heap after
Heap after GC invocations=14 (full 2):
 PSYoungGen      total 264192K, used 15180K [0x000000076c700000, 0x000000077e000000, 0x00000007c0000000)
  eden space 248832K, 0% used [0x000000076c700000,0x000000076c700000,0x000000077ba00000)
  from space 15360K, 98% used [0x000000077d100000,0x000000077dfd32c8,0x000000077e000000)
  to   space 18432K, 0% used [0x000000077bc00000,0x000000077bc00000,0x000000077ce00000)
 ParOldGen       total 171008K, used 15908K [0x00000006c5400000, 0x00000006cfb00000, 0x000000076c700000)
  object space 171008K, 9% used [0x00000006c5400000,0x00000006c63892d8,0x00000006cfb00000)
 Metaspace       used 55012K, capacity 57954K, committed 58112K, reserved 1099776K
  class space    used 6736K, capacity 7569K, committed 7680K, reserved 1048576K
}
Event: 56.623 GC heap before
{Heap before GC invocations=15 (full 2):
 PSYoungGen      total 264192K, used 264012K [0x000000076c700000, 0x000000077e000000, 0x00000007c0000000)
  eden space 248832K, 100% used [0x000000076c700000,0x000000077ba00000,0x000000077ba00000)
  from space 15360K, 98% used [0x000000077d100000,0x000000077dfd32c8,0x000000077e000000)
  to   space 18432K, 0% used [0x000000077bc00000,0x000000077bc00000,0x000000077ce00000)
 ParOldGen       total 171008K, used 15908K [0x00000006c5400000, 0x00000006cfb00000, 0x000000076c700000)
  object space 171008K, 9% used [0x00000006c5400000,0x00000006c63892d8,0x00000006cfb00000)
 Metaspace       used 55551K, capacity 58588K, committed 58624K, reserved 1099776K
  class space    used 6768K, capacity 7650K, committed 7680K, reserved 1048576K
Event: 56.635 GC heap after
Heap after GC invocations=15 (full 2):
 PSYoungGen      total 269312K, used 16162K [0x000000076c700000, 0x000000077fb80000, 0x00000007c0000000)
  eden space 250880K, 0% used [0x000000076c700000,0x000000076c700000,0x000000077bc00000)
  from space 18432K, 87% used [0x000000077bc00000,0x000000077cbc89c8,0x000000077ce00000)
  to   space 19456K, 0% used [0x000000077e880000,0x000000077e880000,0x000000077fb80000)
 ParOldGen       total 171008K, used 15916K [0x00000006c5400000, 0x00000006cfb00000, 0x000000076c700000)
  object space 171008K, 9% used [0x00000006c5400000,0x00000006c638b2d8,0x00000006cfb00000)
 Metaspace       used 55551K, capacity 58588K, committed 58624K, reserved 1099776K
  class space    used 6768K, capacity 7650K, committed 7680K, reserved 1048576K
}
Event: 65.789 GC heap before
{Heap before GC invocations=16 (full 2):
 PSYoungGen      total 269312K, used 201087K [0x000000076c700000, 0x000000077fb80000, 0x00000007c0000000)
  eden space 250880K, 73% used [0x000000076c700000,0x0000000777b97548,0x000000077bc00000)
  from space 18432K, 87% used [0x000000077bc00000,0x000000077cbc89c8,0x000000077ce00000)
  to   space 19456K, 0% used [0x000000077e880000,0x000000077e880000,0x000000077fb80000)
 ParOldGen       total 171008K, used 15916K [0x00000006c5400000, 0x00000006cfb00000, 0x000000076c700000)
  object space 171008K, 9% used [0x00000006c5400000,0x00000006c638b2d8,0x00000006cfb00000)
 Metaspace       used 56004K, capacity 59070K, committed 59160K, reserved 1101824K
  class space    used 6793K, capacity 7718K, committed 7808K, reserved 1048576K
Event: 65.801 GC heap after
Heap after GC invocations=16 (full 2):
 PSYoungGen      total 293376K, used 15091K [0x000000076c700000, 0x000000077fa80000, 0x00000007c0000000)
  eden space 274944K, 0% used [0x000000076c700000,0x000000076c700000,0x000000077d380000)
  from space 18432K, 81% used [0x000000077e880000,0x000000077f73cfb8,0x000000077fa80000)
  to   space 19968K, 0% used [0x000000077d380000,0x000000077d380000,0x000000077e700000)
 ParOldGen       total 171008K, used 15924K [0x00000006c5400000, 0x00000006cfb00000, 0x000000076c700000)
  object space 171008K, 9% used [0x00000006c5400000,0x00000006c638d2d8,0x00000006cfb00000)
 Metaspace       used 56004K, capacity 59070K, committed 59160K, reserved 1101824K
  class space    used 6793K, capacity 7718K, committed 7808K, reserved 1048576K
}
Event: 65.801 GC heap before
{Heap before GC invocations=17 (full 3):
 PSYoungGen      total 293376K, used 15091K [0x000000076c700000, 0x000000077fa80000, 0x00000007c0000000)
  eden space 274944K, 0% used [0x000000076c700000,0x000000076c700000,0x000000077d380000)
  from space 18432K, 81% used [0x000000077e880000,0x000000077f73cfb8,0x000000077fa80000)
  to   space 19968K, 0% used [0x000000077d380000,0x000000077d380000,0x000000077e700000)
 ParOldGen       total 171008K, used 15924K [0x00000006c5400000, 0x00000006cfb00000, 0x000000076c700000)
  object space 171008K, 9% used [0x00000006c5400000,0x00000006c638d2d8,0x00000006cfb00000)
 Metaspace       used 56004K, capacity 59070K, committed 59160K, reserved 1101824K
  class space    used 6793K, capacity 7718K, committed 7808K, reserved 1048576K
Event: 65.955 GC heap after
Heap after GC invocations=17 (full 3):
 PSYoungGen      total 293376K, used 0K [0x000000076c700000, 0x000000077fa80000, 0x00000007c0000000)
  eden space 274944K, 0% used [0x000000076c700000,0x000000076c700000,0x000000077d380000)
  from space 18432K, 0% used [0x000000077e880000,0x000000077e880000,0x000000077fa80000)
  to   space 19968K, 0% used [0x000000077d380000,0x000000077d380000,0x000000077e700000)
 ParOldGen       total 171008K, used 28013K [0x00000006c5400000, 0x00000006cfb00000, 0x000000076c700000)
  object space 171008K, 16% used [0x00000006c5400000,0x00000006c6f5b590,0x00000006cfb00000)
 Metaspace       used 55459K, capacity 58290K, committed 59160K, reserved 1101824K
  class space    used 6699K, capacity 7458K, committed 7808K, reserved 1048576K
}

