# JRE version: Java(TM) SE Runtime Environment (8.0_202-b08) (build 1.8.0_202-b08)
# Java VM: Java HotSpot(TM) 64-Bit Server VM (25.202-b08 mixed mode windows-amd64 compressed oops)
Heap:
 PSYoungGen      total 395264K, used 128334K [0x000000076c700000, 0x0000000786100000, 0x00000007c0000000)
  eden space 380928K, 32% used [0x000000076c700000,0x0000000773e76d90,0x0000000783b00000)
  from space 14336K, 41% used [0x0000000785300000,0x00000007858dce40,0x0000000786100000)
  to   space 19456K, 0% used [0x0000000783b00000,0x0000000783b00000,0x0000000784e00000)
 ParOldGen       total 256000K, used 27291K [0x00000006c5400000, 0x00000006d4e00000, 0x000000076c700000)
  object space 256000K, 10% used [0x00000006c5400000,0x00000006c6ea6e88,0x00000006d4e00000)
 Metaspace       used 60336K, capacity 63462K, committed 63704K, reserved 1105920K
  class space    used 7165K, capacity 8081K, committed 8192K, reserved 1048576K
GC Heap History (10 events):
Event: 75.978 GC heap before
{Heap before GC invocations=19 (full 2):
 PSYoungGen      total 354304K, used 349396K [0x000000076c700000, 0x0000000784000000, 0x00000007c0000000)
  eden space 335872K, 100% used [0x000000076c700000,0x0000000780f00000,0x0000000780f00000)
  from space 18432K, 73% used [0x0000000782100000,0x0000000782e35108,0x0000000783300000)
  to   space 18432K, 0% used [0x0000000780f00000,0x0000000780f00000,0x0000000782100000)
 ParOldGen       total 173056K, used 17978K [0x00000006c5400000, 0x00000006cfd00000, 0x000000076c700000)
  object space 173056K, 10% used [0x00000006c5400000,0x00000006c658e9b8,0x00000006cfd00000)
 Metaspace       used 55719K, capacity 58722K, committed 58880K, reserved 1099776K
  class space    used 6764K, capacity 7650K, committed 7680K, reserved 1048576K
Event: 75.995 GC heap after
Heap after GC invocations=19 (full 2):
 PSYoungGen      total 354304K, used 14764K [0x000000076c700000, 0x0000000784f80000, 0x00000007c0000000)
  eden space 335872K, 0% used [0x000000076c700000,0x000000076c700000,0x0000000780f00000)
  from space 18432K, 80% used [0x0000000780f00000,0x0000000781d6b230,0x0000000782100000)
  to   space 18944K, 0% used [0x0000000783d00000,0x0000000783d00000,0x0000000784f80000)
 ParOldGen       total 173056K, used 17986K [0x00000006c5400000, 0x00000006cfd00000, 0x000000076c700000)
  object space 173056K, 10% used [0x00000006c5400000,0x00000006c65909b8,0x00000006cfd00000)
 Metaspace       used 55719K, capacity 58722K, committed 58880K, reserved 1099776K
  class space    used 6764K, capacity 7650K, committed 7680K, reserved 1048576K
}
Event: 86.430 GC heap before
{Heap before GC invocations=20 (full 2):
 PSYoungGen      total 354304K, used 169417K [0x000000076c700000, 0x0000000784f80000, 0x00000007c0000000)
  eden space 335872K, 46% used [0x000000076c700000,0x0000000775e07288,0x0000000780f00000)
  from space 18432K, 80% used [0x0000000780f00000,0x0000000781d6b230,0x0000000782100000)
  to   space 18944K, 0% used [0x0000000783d00000,0x0000000783d00000,0x0000000784f80000)
 ParOldGen       total 173056K, used 17986K [0x00000006c5400000, 0x00000006cfd00000, 0x000000076c700000)
  object space 173056K, 10% used [0x00000006c5400000,0x00000006c65909b8,0x00000006cfd00000)
 Metaspace       used 55940K, capacity 59024K, committed 59096K, reserved 1101824K
  class space    used 6777K, capacity 7679K, committed 7680K, reserved 1048576K
Event: 86.441 GC heap after
Heap after GC invocations=20 (full 2):
 PSYoungGen      total 373760K, used 14292K [0x000000076c700000, 0x0000000784b00000, 0x00000007c0000000)
  eden space 359424K, 0% used [0x000000076c700000,0x000000076c700000,0x0000000782600000)
  from space 14336K, 99% used [0x0000000783d00000,0x0000000784af52d0,0x0000000784b00000)
  to   space 18944K, 0% used [0x0000000782600000,0x0000000782600000,0x0000000783880000)
 ParOldGen       total 173056K, used 17994K [0x00000006c5400000, 0x00000006cfd00000, 0x000000076c700000)
  object space 173056K, 10% used [0x00000006c5400000,0x00000006c65929b8,0x00000006cfd00000)
 Metaspace       used 55940K, capacity 59024K, committed 59096K, reserved 1101824K
  class space    used 6777K, capacity 7679K, committed 7680K, reserved 1048576K
}
Event: 86.441 GC heap before
{Heap before GC invocations=21 (full 3):
 PSYoungGen      total 373760K, used 14292K [0x000000076c700000, 0x0000000784b00000, 0x00000007c0000000)
  eden space 359424K, 0% used [0x000000076c700000,0x000000076c700000,0x0000000782600000)
  from space 14336K, 99% used [0x0000000783d00000,0x0000000784af52d0,0x0000000784b00000)
  to   space 18944K, 0% used [0x0000000782600000,0x0000000782600000,0x0000000783880000)
 ParOldGen       total 173056K, used 17994K [0x00000006c5400000, 0x00000006cfd00000, 0x000000076c700000)
  object space 173056K, 10% used [0x00000006c5400000,0x00000006c65929b8,0x00000006cfd00000)
 Metaspace       used 55940K, capacity 59024K, committed 59096K, reserved 1101824K
  class space    used 6777K, capacity 7679K, committed 7680K, reserved 1048576K
Event: 86.609 GC heap after
Heap after GC invocations=21 (full 3):
 PSYoungGen      total 373760K, used 0K [0x000000076c700000, 0x0000000784b00000, 0x00000007c0000000)
  eden space 359424K, 0% used [0x000000076c700000,0x000000076c700000,0x0000000782600000)
  from space 14336K, 0% used [0x0000000783d00000,0x0000000783d00000,0x0000000784b00000)
  to   space 18944K, 0% used [0x0000000782600000,0x0000000782600000,0x0000000783880000)
 ParOldGen       total 256000K, used 27275K [0x00000006c5400000, 0x00000006d4e00000, 0x000000076c700000)
  object space 256000K, 10% used [0x00000006c5400000,0x00000006c6ea2e88,0x00000006d4e00000)
 Metaspace       used 55539K, capacity 58448K, committed 59096K, reserved 1101824K
  class space    used 6707K, capacity 7487K, committed 7680K, reserved 1048576K
}
Event: 128.011 GC heap before
{Heap before GC invocations=22 (full 3):
 PSYoungGen      total 373760K, used 359424K [0x000000076c700000, 0x0000000784b00000, 0x00000007c0000000)
  eden space 359424K, 100% used [0x000000076c700000,0x0000000782600000,0x0000000782600000)
  from space 14336K, 0% used [0x0000000783d00000,0x0000000783d00000,0x0000000784b00000)
  to   space 18944K, 0% used [0x0000000782600000,0x0000000782600000,0x0000000783880000)
 ParOldGen       total 256000K, used 27275K [0x00000006c5400000, 0x00000006d4e00000, 0x000000076c700000)
  object space 256000K, 10% used [0x00000006c5400000,0x00000006c6ea2e88,0x00000006d4e00000)
 Metaspace       used 58782K, capacity 61772K, committed 62296K, reserved 1103872K
  class space    used 7039K, capacity 7856K, committed 8064K, reserved 1048576K
Event: 128.016 GC heap after
Heap after GC invocations=22 (full 3):
 PSYoungGen      total 378368K, used 6896K [0x000000076c700000, 0x0000000786600000, 0x00000007c0000000)
  eden space 359424K, 0% used [0x000000076c700000,0x000000076c700000,0x0000000782600000)
  from space 18944K, 36% used [0x0000000782600000,0x0000000782cbc038,0x0000000783880000)
  to   space 19456K, 0% used [0x0000000785300000,0x0000000785300000,0x0000000786600000)
 ParOldGen       total 256000K, used 27283K [0x00000006c5400000, 0x00000006d4e00000, 0x000000076c700000)
  object space 256000K, 10% used [0x00000006c5400000,0x00000006c6ea4e88,0x00000006d4e00000)
 Metaspace       used 58782K, capacity 61772K, committed 62296K, reserved 1103872K
  class space    used 7039K, capacity 7856K, committed 8064K, reserved 1048576K
}
Event: 196.566 GC heap before
{Heap before GC invocations=23 (full 3):
 PSYoungGen      total 378368K, used 366320K [0x000000076c700000, 0x0000000786600000, 0x00000007c0000000)
  eden space 359424K, 100% used [0x000000076c700000,0x0000000782600000,0x0000000782600000)
  from space 18944K, 36% used [0x0000000782600000,0x0000000782cbc038,0x0000000783880000)
  to   space 19456K, 0% used [0x0000000785300000,0x0000000785300000,0x0000000786600000)
 ParOldGen       total 256000K, used 27283K [0x00000006c5400000, 0x00000006d4e00000, 0x000000076c700000)
  object space 256000K, 10% used [0x00000006c5400000,0x00000006c6ea4e88,0x00000006d4e00000)
 Metaspace       used 59909K, capacity 62986K, committed 63064K, reserved 1103872K
  class space    used 7135K, capacity 8016K, committed 8064K, reserved 1048576K
Event: 196.578 GC heap after
Heap after GC invocations=23 (full 3):
 PSYoungGen      total 395264K, used 6003K [0x000000076c700000, 0x0000000786100000, 0x00000007c0000000)
  eden space 380928K, 0% used [0x000000076c700000,0x000000076c700000,0x0000000783b00000)
  from space 14336K, 41% used [0x0000000785300000,0x00000007858dce40,0x0000000786100000)
  to   space 19456K, 0% used [0x0000000783b00000,0x0000000783b00000,0x0000000784e00000)
 ParOldGen       total 256000K, used 27291K [0x00000006c5400000, 0x00000006d4e00000, 0x000000076c700000)
  object space 256000K, 10% used [0x00000006c5400000,0x00000006c6ea6e88,0x00000006d4e00000)
 Metaspace       used 59909K, capacity 62986K, committed 63064K, reserved 1103872K
  class space    used 7135K, capacity 8016K, committed 8064K, reserved 1048576K
}

