# JRE version: Java(TM) SE Runtime Environment (8.0_202-b08) (build 1.8.0_202-b08)
# Java VM: Java HotSpot(TM) 64-Bit Server VM (25.202-b08 mixed mode windows-amd64 compressed oops)
Heap:
 PSYoungGen      total 136704K, used 101102K [0x000000076c700000, 0x0000000779400000, 0x00000007c0000000)
  eden space 125952K, 73% used [0x000000076c700000,0x0000000772127060,0x0000000774200000)
  from space 10752K, 81% used [0x0000000774200000,0x0000000774a94ae0,0x0000000774c80000)
  to   space 13824K, 0% used [0x0000000778680000,0x0000000778680000,0x0000000779400000)
 ParOldGen       total 107520K, used 16154K [0x00000006c5400000, 0x00000006cbd00000, 0x000000076c700000)
  object space 107520K, 15% used [0x00000006c5400000,0x00000006c63c6828,0x00000006cbd00000)
 Metaspace       used 44324K, capacity 46332K, committed 46464K, reserved 1089536K
  class space    used 5647K, capacity 6261K, committed 6272K, reserved 1048576K
GC Heap History (10 events):
Event: 2.822 GC heap before
{Heap before GC invocations=5 (full 1):
 PSYoungGen      total 75264K, used 64512K [0x000000076c700000, 0x0000000775a00000, 0x00000007c0000000)
  eden space 64512K, 100% used [0x000000076c700000,0x0000000770600000,0x0000000770600000)
  from space 10752K, 0% used [0x0000000770600000,0x0000000770600000,0x0000000771080000)
  to   space 10752K, 0% used [0x0000000774f80000,0x0000000774f80000,0x0000000775a00000)
 ParOldGen       total 107520K, used 7179K [0x00000006c5400000, 0x00000006cbd00000, 0x000000076c700000)
  object space 107520K, 6% used [0x00000006c5400000,0x00000006c5b02f48,0x00000006cbd00000)
 Metaspace       used 25730K, capacity 26232K, committed 26368K, reserved 1073152K
  class space    used 3121K, capacity 3267K, committed 3328K, reserved 1048576K
Event: 2.831 GC heap after
Heap after GC invocations=5 (full 1):
 PSYoungGen      total 101376K, used 7286K [0x000000076c700000, 0x0000000775700000, 0x00000007c0000000)
  eden space 93696K, 0% used [0x000000076c700000,0x000000076c700000,0x0000000772280000)
  from space 7680K, 94% used [0x0000000774f80000,0x000000077569d830,0x0000000775700000)
  to   space 10752K, 0% used [0x0000000774200000,0x0000000774200000,0x0000000774c80000)
 ParOldGen       total 107520K, used 7187K [0x00000006c5400000, 0x00000006cbd00000, 0x000000076c700000)
  object space 107520K, 6% used [0x00000006c5400000,0x00000006c5b04f48,0x00000006cbd00000)
 Metaspace       used 25730K, capacity 26232K, committed 26368K, reserved 1073152K
  class space    used 3121K, capacity 3267K, committed 3328K, reserved 1048576K
}
Event: 3.441 GC heap before
{Heap before GC invocations=6 (full 1):
 PSYoungGen      total 101376K, used 100982K [0x000000076c700000, 0x0000000775700000, 0x00000007c0000000)
  eden space 93696K, 100% used [0x000000076c700000,0x0000000772280000,0x0000000772280000)
  from space 7680K, 94% used [0x0000000774f80000,0x000000077569d830,0x0000000775700000)
  to   space 10752K, 0% used [0x0000000774200000,0x0000000774200000,0x0000000774c80000)
 ParOldGen       total 107520K, used 7187K [0x00000006c5400000, 0x00000006cbd00000, 0x000000076c700000)
  object space 107520K, 6% used [0x00000006c5400000,0x00000006c5b04f48,0x00000006cbd00000)
 Metaspace       used 33212K, capacity 33936K, committed 34176K, reserved 1079296K
  class space    used 3941K, capacity 4116K, committed 4224K, reserved 1048576K
Event: 3.455 GC heap after
Heap after GC invocations=6 (full 1):
 PSYoungGen      total 136704K, used 10733K [0x000000076c700000, 0x0000000776980000, 0x00000007c0000000)
  eden space 125952K, 0% used [0x000000076c700000,0x000000076c700000,0x0000000774200000)
  from space 10752K, 99% used [0x0000000774200000,0x0000000774c7b680,0x0000000774c80000)
  to   space 12800K, 0% used [0x0000000775d00000,0x0000000775d00000,0x0000000776980000)
 ParOldGen       total 107520K, used 10340K [0x00000006c5400000, 0x00000006cbd00000, 0x000000076c700000)
  object space 107520K, 9% used [0x00000006c5400000,0x00000006c5e19148,0x00000006cbd00000)
 Metaspace       used 33212K, capacity 33936K, committed 34176K, reserved 1079296K
  class space    used 3941K, capacity 4116K, committed 4224K, reserved 1048576K
}
Event: 3.660 GC heap before
{Heap before GC invocations=7 (full 1):
 PSYoungGen      total 136704K, used 45758K [0x000000076c700000, 0x0000000776980000, 0x00000007c0000000)
  eden space 125952K, 27% used [0x000000076c700000,0x000000076e9343d8,0x0000000774200000)
  from space 10752K, 99% used [0x0000000774200000,0x0000000774c7b680,0x0000000774c80000)
  to   space 12800K, 0% used [0x0000000775d00000,0x0000000775d00000,0x0000000776980000)
 ParOldGen       total 107520K, used 10340K [0x00000006c5400000, 0x00000006cbd00000, 0x000000076c700000)
  object space 107520K, 9% used [0x00000006c5400000,0x00000006c5e19148,0x00000006cbd00000)
 Metaspace       used 34554K, capacity 35302K, committed 35456K, reserved 1081344K
  class space    used 4147K, capacity 4405K, committed 4480K, reserved 1048576K
Event: 3.670 GC heap after
Heap after GC invocations=7 (full 1):
 PSYoungGen      total 138752K, used 12319K [0x000000076c700000, 0x0000000776980000, 0x00000007c0000000)
  eden space 125952K, 0% used [0x000000076c700000,0x000000076c700000,0x0000000774200000)
  from space 12800K, 96% used [0x0000000775d00000,0x0000000776907da8,0x0000000776980000)
  to   space 10752K, 0% used [0x0000000774200000,0x0000000774200000,0x0000000774c80000)
 ParOldGen       total 107520K, used 10348K [0x00000006c5400000, 0x00000006cbd00000, 0x000000076c700000)
  object space 107520K, 9% used [0x00000006c5400000,0x00000006c5e1b148,0x00000006cbd00000)
 Metaspace       used 34554K, capacity 35302K, committed 35456K, reserved 1081344K
  class space    used 4147K, capacity 4405K, committed 4480K, reserved 1048576K
}
Event: 3.670 GC heap before
{Heap before GC invocations=8 (full 2):
 PSYoungGen      total 138752K, used 12319K [0x000000076c700000, 0x0000000776980000, 0x00000007c0000000)
  eden space 125952K, 0% used [0x000000076c700000,0x000000076c700000,0x0000000774200000)
  from space 12800K, 96% used [0x0000000775d00000,0x0000000776907da8,0x0000000776980000)
  to   space 10752K, 0% used [0x0000000774200000,0x0000000774200000,0x0000000774c80000)
 ParOldGen       total 107520K, used 10348K [0x00000006c5400000, 0x00000006cbd00000, 0x000000076c700000)
  object space 107520K, 9% used [0x00000006c5400000,0x00000006c5e1b148,0x00000006cbd00000)
 Metaspace       used 34554K, capacity 35302K, committed 35456K, reserved 1081344K
  class space    used 4147K, capacity 4405K, committed 4480K, reserved 1048576K
Event: 3.718 GC heap after
Heap after GC invocations=8 (full 2):
 PSYoungGen      total 138752K, used 0K [0x000000076c700000, 0x0000000776980000, 0x00000007c0000000)
  eden space 125952K, 0% used [0x000000076c700000,0x000000076c700000,0x0000000774200000)
  from space 12800K, 0% used [0x0000000775d00000,0x0000000775d00000,0x0000000776980000)
  to   space 10752K, 0% used [0x0000000774200000,0x0000000774200000,0x0000000774c80000)
 ParOldGen       total 107520K, used 16146K [0x00000006c5400000, 0x00000006cbd00000, 0x000000076c700000)
  object space 107520K, 15% used [0x00000006c5400000,0x00000006c63c4828,0x00000006cbd00000)
 Metaspace       used 34552K, capacity 35296K, committed 35456K, reserved 1081344K
  class space    used 4146K, capacity 4403K, committed 4480K, reserved 1048576K
}
Event: 5.491 GC heap before
{Heap before GC invocations=9 (full 2):
 PSYoungGen      total 138752K, used 125952K [0x000000076c700000, 0x0000000776980000, 0x00000007c0000000)
  eden space 125952K, 100% used [0x000000076c700000,0x0000000774200000,0x0000000774200000)
  from space 12800K, 0% used [0x0000000775d00000,0x0000000775d00000,0x0000000776980000)
  to   space 10752K, 0% used [0x0000000774200000,0x0000000774200000,0x0000000774c80000)
 ParOldGen       total 107520K, used 16146K [0x00000006c5400000, 0x00000006cbd00000, 0x000000076c700000)
  object space 107520K, 15% used [0x00000006c5400000,0x00000006c63c4828,0x00000006cbd00000)
 Metaspace       used 40015K, capacity 41552K, committed 41728K, reserved 1085440K
  class space    used 4916K, capacity 5352K, committed 5376K, reserved 1048576K
Event: 5.497 GC heap after
Heap after GC invocations=9 (full 2):
 PSYoungGen      total 136704K, used 8786K [0x000000076c700000, 0x0000000779400000, 0x00000007c0000000)
  eden space 125952K, 0% used [0x000000076c700000,0x000000076c700000,0x0000000774200000)
  from space 10752K, 81% used [0x0000000774200000,0x0000000774a94ae0,0x0000000774c80000)
  to   space 13824K, 0% used [0x0000000778680000,0x0000000778680000,0x0000000779400000)
 ParOldGen       total 107520K, used 16154K [0x00000006c5400000, 0x00000006cbd00000, 0x000000076c700000)
  object space 107520K, 15% used [0x00000006c5400000,0x00000006c63c6828,0x00000006cbd00000)
 Metaspace       used 40015K, capacity 41552K, committed 41728K, reserved 1085440K
  class space    used 4916K, capacity 5352K, committed 5376K, reserved 1048576K
}

