# JRE version: Java(TM) SE Runtime Environment (8.0_202-b08) (build 1.8.0_202-b08)
# Java VM: Java HotSpot(TM) 64-Bit Server VM (25.202-b08 mixed mode windows-amd64 compressed oops)
Heap:
 PSYoungGen      total 162816K, used 115051K [0x000000076c700000, 0x000000077b980000, 0x00000007c0000000)
  eden space 148992K, 77% used [0x000000076c700000,0x000000077375af88,0x0000000775880000)
  from space 13824K, 0% used [0x0000000776680000,0x0000000776680000,0x0000000777400000)
  to   space 14336K, 0% used [0x0000000775880000,0x0000000775880000,0x0000000776680000)
 ParOldGen       total 151552K, used 15188K [0x00000006c5400000, 0x00000006ce800000, 0x000000076c700000)
  object space 151552K, 10% used [0x00000006c5400000,0x00000006c62d5190,0x00000006ce800000)
 Metaspace       used 38398K, capacity 39850K, committed 40064K, reserved 1083392K
  class space    used 4757K, capacity 5212K, committed 5248K, reserved 1048576K
GC Heap History (10 events):
Event: 2.074 GC heap before
{Heap before GC invocations=4 (full 1):
 PSYoungGen      total 75264K, used 7303K [0x000000076c700000, 0x0000000775a00000, 0x00000007c0000000)
  eden space 64512K, 0% used [0x000000076c700000,0x000000076c700000,0x0000000770600000)
  from space 10752K, 67% used [0x0000000770600000,0x0000000770d21dc0,0x0000000771080000)
  to   space 10752K, 0% used [0x0000000774f80000,0x0000000774f80000,0x0000000775a00000)
 ParOldGen       total 172032K, used 104K [0x00000006c5400000, 0x00000006cfc00000, 0x000000076c700000)
  object space 172032K, 0% used [0x00000006c5400000,0x00000006c541a010,0x00000006cfc00000)
 Metaspace       used 20745K, capacity 21112K, committed 21296K, reserved 1069056K
  class space    used 2506K, capacity 2623K, committed 2688K, reserved 1048576K
Event: 2.097 GC heap after
Heap after GC invocations=4 (full 1):
 PSYoungGen      total 75264K, used 0K [0x000000076c700000, 0x0000000775a00000, 0x00000007c0000000)
  eden space 64512K, 0% used [0x000000076c700000,0x000000076c700000,0x0000000770600000)
  from space 10752K, 0% used [0x0000000770600000,0x0000000770600000,0x0000000771080000)
  to   space 10752K, 0% used [0x0000000774f80000,0x0000000774f80000,0x0000000775a00000)
 ParOldGen       total 102912K, used 7086K [0x00000006c5400000, 0x00000006cb880000, 0x000000076c700000)
  object space 102912K, 6% used [0x00000006c5400000,0x00000006c5aeb9b0,0x00000006cb880000)
 Metaspace       used 20745K, capacity 21112K, committed 21296K, reserved 1069056K
  class space    used 2506K, capacity 2623K, committed 2688K, reserved 1048576K
}
Event: 2.709 GC heap before
{Heap before GC invocations=5 (full 1):
 PSYoungGen      total 75264K, used 64512K [0x000000076c700000, 0x0000000775a00000, 0x00000007c0000000)
  eden space 64512K, 100% used [0x000000076c700000,0x0000000770600000,0x0000000770600000)
  from space 10752K, 0% used [0x0000000770600000,0x0000000770600000,0x0000000771080000)
  to   space 10752K, 0% used [0x0000000774f80000,0x0000000774f80000,0x0000000775a00000)
 ParOldGen       total 102912K, used 7086K [0x00000006c5400000, 0x00000006cb880000, 0x000000076c700000)
  object space 102912K, 6% used [0x00000006c5400000,0x00000006c5aeb9b0,0x00000006cb880000)
 Metaspace       used 27630K, capacity 28196K, committed 28416K, reserved 1075200K
  class space    used 3393K, capacity 3569K, committed 3584K, reserved 1048576K
Event: 2.715 GC heap after
Heap after GC invocations=5 (full 1):
 PSYoungGen      total 106496K, used 8446K [0x000000076c700000, 0x0000000775800000, 0x00000007c0000000)
  eden space 97792K, 0% used [0x000000076c700000,0x000000076c700000,0x0000000772680000)
  from space 8704K, 97% used [0x0000000774f80000,0x00000007757bf8b0,0x0000000775800000)
  to   space 10752K, 0% used [0x0000000774300000,0x0000000774300000,0x0000000774d80000)
 ParOldGen       total 102912K, used 7094K [0x00000006c5400000, 0x00000006cb880000, 0x000000076c700000)
  object space 102912K, 6% used [0x00000006c5400000,0x00000006c5aed9b0,0x00000006cb880000)
 Metaspace       used 27630K, capacity 28196K, committed 28416K, reserved 1075200K
  class space    used 3393K, capacity 3569K, committed 3584K, reserved 1048576K
}
Event: 3.449 GC heap before
{Heap before GC invocations=6 (full 1):
 PSYoungGen      total 106496K, used 106238K [0x000000076c700000, 0x0000000775800000, 0x00000007c0000000)
  eden space 97792K, 100% used [0x000000076c700000,0x0000000772680000,0x0000000772680000)
  from space 8704K, 97% used [0x0000000774f80000,0x00000007757bf8b0,0x0000000775800000)
  to   space 10752K, 0% used [0x0000000774300000,0x0000000774300000,0x0000000774d80000)
 ParOldGen       total 102912K, used 7094K [0x00000006c5400000, 0x00000006cb880000, 0x000000076c700000)
  object space 102912K, 6% used [0x00000006c5400000,0x00000006c5aed9b0,0x00000006cb880000)
 Metaspace       used 33791K, capacity 34474K, committed 34688K, reserved 1079296K
  class space    used 4037K, capacity 4209K, committed 4224K, reserved 1048576K
Event: 3.461 GC heap after
Heap after GC invocations=6 (full 1):
 PSYoungGen      total 137728K, used 10748K [0x000000076c700000, 0x0000000777400000, 0x00000007c0000000)
  eden space 126976K, 0% used [0x000000076c700000,0x000000076c700000,0x0000000774300000)
  from space 10752K, 99% used [0x0000000774300000,0x0000000774d7f340,0x0000000774d80000)
  to   space 13824K, 0% used [0x0000000776680000,0x0000000776680000,0x0000000777400000)
 ParOldGen       total 102912K, used 10829K [0x00000006c5400000, 0x00000006cb880000, 0x000000076c700000)
  object space 102912K, 10% used [0x00000006c5400000,0x00000006c5e934b0,0x00000006cb880000)
 Metaspace       used 33791K, capacity 34474K, committed 34688K, reserved 1079296K
  class space    used 4037K, capacity 4209K, committed 4224K, reserved 1048576K
}
Event: 3.548 GC heap before
{Heap before GC invocations=7 (full 1):
 PSYoungGen      total 137728K, used 31139K [0x000000076c700000, 0x0000000777400000, 0x00000007c0000000)
  eden space 126976K, 16% used [0x000000076c700000,0x000000076dae9a40,0x0000000774300000)
  from space 10752K, 99% used [0x0000000774300000,0x0000000774d7f340,0x0000000774d80000)
  to   space 13824K, 0% used [0x0000000776680000,0x0000000776680000,0x0000000777400000)
 ParOldGen       total 102912K, used 10829K [0x00000006c5400000, 0x00000006cb880000, 0x000000076c700000)
  object space 102912K, 10% used [0x00000006c5400000,0x00000006c5e934b0,0x00000006cb880000)
 Metaspace       used 34547K, capacity 35442K, committed 35496K, reserved 1081344K
  class space    used 4156K, capacity 4427K, committed 4480K, reserved 1048576K
Event: 3.557 GC heap after
Heap after GC invocations=7 (full 1):
 PSYoungGen      total 162816K, used 11138K [0x000000076c700000, 0x000000077b980000, 0x00000007c0000000)
  eden space 148992K, 0% used [0x000000076c700000,0x000000076c700000,0x0000000775880000)
  from space 13824K, 80% used [0x0000000776680000,0x0000000777160a70,0x0000000777400000)
  to   space 14336K, 0% used [0x0000000775880000,0x0000000775880000,0x0000000776680000)
 ParOldGen       total 102912K, used 10837K [0x00000006c5400000, 0x00000006cb880000, 0x000000076c700000)
  object space 102912K, 10% used [0x00000006c5400000,0x00000006c5e954b0,0x00000006cb880000)
 Metaspace       used 34547K, capacity 35442K, committed 35496K, reserved 1081344K
  class space    used 4156K, capacity 4427K, committed 4480K, reserved 1048576K
}
Event: 3.557 GC heap before
{Heap before GC invocations=8 (full 2):
 PSYoungGen      total 162816K, used 11138K [0x000000076c700000, 0x000000077b980000, 0x00000007c0000000)
  eden space 148992K, 0% used [0x000000076c700000,0x000000076c700000,0x0000000775880000)
  from space 13824K, 80% used [0x0000000776680000,0x0000000777160a70,0x0000000777400000)
  to   space 14336K, 0% used [0x0000000775880000,0x0000000775880000,0x0000000776680000)
 ParOldGen       total 102912K, used 10837K [0x00000006c5400000, 0x00000006cb880000, 0x000000076c700000)
  object space 102912K, 10% used [0x00000006c5400000,0x00000006c5e954b0,0x00000006cb880000)
 Metaspace       used 34547K, capacity 35442K, committed 35496K, reserved 1081344K
  class space    used 4156K, capacity 4427K, committed 4480K, reserved 1048576K
Event: 3.600 GC heap after
Heap after GC invocations=8 (full 2):
 PSYoungGen      total 162816K, used 0K [0x000000076c700000, 0x000000077b980000, 0x00000007c0000000)
  eden space 148992K, 0% used [0x000000076c700000,0x000000076c700000,0x0000000775880000)
  from space 13824K, 0% used [0x0000000776680000,0x0000000776680000,0x0000000777400000)
  to   space 14336K, 0% used [0x0000000775880000,0x0000000775880000,0x0000000776680000)
 ParOldGen       total 151552K, used 15188K [0x00000006c5400000, 0x00000006ce800000, 0x000000076c700000)
  object space 151552K, 10% used [0x00000006c5400000,0x00000006c62d5190,0x00000006ce800000)
 Metaspace       used 34545K, capacity 35436K, committed 35496K, reserved 1081344K
  class space    used 4156K, capacity 4425K, committed 4480K, reserved 1048576K
}

