<?xml version="1.0" encoding="UTF-8"?>
<!-- Generated by org.testng.reporters.JUnitXMLReporter -->
<testsuite hostname="DESKTOP-077G3EM" ignored="0" name="Test" tests="27" failures="0" timestamp="2023-01-02T18:00:01 IST" time="319.831" errors="0">
  <testcase name="userDetailsAPI" time="9.238" classname="com.RingPayScripts.MerchantQRCode_Scripts"/>
  <testcase name="onloadAndroidVersionCheckAPI" time="1.442" classname="com.RingPayScripts.MerchantQRCode_Scripts"/>
  <testcase name="getVPADetails" time="1.736" classname="com.RingPayScripts.MerchantQRCode_Scripts"/>
  <testcase name="sendOtp_Positive" time="1.438" classname="com.RingPayScripts.MerchantQRCode_Scripts"/>
  <testcase name="PromoCode_Journey" time="16.344" classname="com.RingPayScripts.PromoCode_Segment1_Scripts"/>
  <testcase name="userToken" time="4.089" classname="com.RingPayScripts.MerchantQRCode_Scripts"/>
  <testcase name="loginUser" time="6.203" classname="com.RingPayScripts.MerchantQRCode_Scripts"/>
  <testcase name="registeruser" time="5.774" classname="com.RingPayScripts.MerchantQRCode_Scripts"/>
  <testcase name="updateUserDetils_200" time="11.93" classname="com.RingPayScripts.MerchantQRCode_Scripts"/>
  <testcase name="locationRequire" time="5.364" classname="com.RingPayScripts.MerchantQRCode_Scripts"/>
  <testcase name="getUserDetails_Positive" time="5.392" classname="com.RingPayScripts.MerchantQRCode_Scripts"/>
  <testcase name="user_onboarding_200" time="11.243" classname="com.RingPayScripts.MerchantQRCode_Scripts"/>
  <testcase name="create_bnpl_transaction" time="11.631" classname="com.RingPayScripts.MerchantQRCode_Scripts"/>
  <testcase name="update_user_status_200" time="38.032" classname="com.RingPayScripts.MerchantQRCode_Scripts"/>
  <testcase name="check_Application_Eligibility" time="91.171" classname="com.RingPayScripts.MerchantQRCode_Scripts"/>
  <testcase name="add_addressAPI" time="5.488" classname="com.RingPayScripts.MerchantQRCode_Scripts"/>
  <testcase name="get_Offer_Details" time="13.236" classname="com.RingPayScripts.MerchantQRCode_Scripts"/>
  <testcase name="accept_Offer" time="13.141" classname="com.RingPayScripts.MerchantQRCode_Scripts"/>
  <testcase name="offerDetailsScreen_CheckApplicationEligibility" time="18.428" classname="com.RingPayScripts.MerchantQRCode_Scripts"/>
  <testcase name="getPinDetails" time="5.383" classname="com.RingPayScripts.MerchantQRCode_Scripts"/>
  <testcase name="sendOtpForPin" time="5.423" classname="com.RingPayScripts.MerchantQRCode_Scripts"/>
  <testcase name="setResetPin" time="10.692" classname="com.RingPayScripts.MerchantQRCode_Scripts"/>
  <testcase name="afterResetPin_getPinDetails" time="5.5" classname="com.RingPayScripts.MerchantQRCode_Scripts"/>
  <testcase name="bnplLines" time="11.327" classname="com.RingPayScripts.MerchantQRCode_Scripts"/>
  <testcase name="paymentOption" time="6.324" classname="com.RingPayScripts.MerchantQRCode_Scripts"/>
  <testcase name="transaction_Initiate" time="11.883" classname="com.RingPayScripts.MerchantQRCode_Scripts"/>
  <testcase name="transactionComplete" time="8.16" classname="com.RingPayScripts.MerchantQRCode_Scripts"/>
</testsuite> <!-- Test -->
