-------------------------------------------------------------------------------
Test set: TestSuite
-------------------------------------------------------------------------------
Tests run: 1, Failures: 1, Errors: 0, Skipped: 0, Time elapsed: 2.357 s <<< FAILURE! - in TestSuite
userDetailsAPI(com.RingPayScripts.MockUser_Scripts)  Time elapsed: 0.687 s  <<< FAILURE!
java.lang.NullPointerException
	at com.RingPayScripts.MockUser_Scripts.userDetailsAPI(MockUser_Scripts.java:49)

