<?xml version="1.0" encoding="UTF-8"?>
<!-- Generated by org.testng.reporters.JUnitXMLReporter -->
<testsuite hostname="DESKTOP-077G3EM" ignored="0" name="RingPayapi" tests="1" failures="1" timestamp="2022-12-30T12:13:59 IST" time="0.133" errors="0">
  <testcase name="MerChantQRCode_Journey" time="0.009" classname="com.RingPayScripts.MerchantQRCode_Scripts">
    <failure type="java.lang.NullPointerException">
      <![CDATA[java.lang.NullPointerException
at com.utility.ExtentReporter.onTestStart(ExtentReporter.java:138)
at java.util.ArrayList.forEach(ArrayList.java:1257)
... Removed 24 stack frames]]>
    </failure>
  </testcase> <!-- MerChantQRCode_Journey -->
</testsuite> <!-- RingPayapi -->
