<?xml version="1.0" encoding="UTF-8"?>
<!-- Generated by org.testng.reporters.JUnitXMLReporter -->
<testsuite hostname="DESKTOP-077G3EM" ignored="0" name="RingPay" tests="9" failures="0" timestamp="2022-12-07T11:28:04 IST" time="88.512" errors="0">
  <testcase name="userDetailsAPI" time="6.08" classname="com.RingPayScripts.PromoCode_Scripts"/>
  <testcase name="onloadAndroidVersionCheckAPI" time="0.6" classname="com.RingPayScripts.PromoCode_Scripts"/>
  <testcase name="sendOtp_Positive" time="2.562" classname="com.RingPayScripts.PromoCode_Scripts"/>
  <testcase name="userToken" time="6.364" classname="com.RingPayScripts.PromoCode_Scripts"/>
  <testcase name="promoCode" time="2.951" classname="com.RingPayScripts.PromoCode_Scripts"/>
  <testcase name="updateUserDetils_200" time="60.499" classname="com.RingPayScripts.PromoCode_Scripts"/>
  <testcase name="loginUser" time="2.925" classname="com.RingPayScripts.PromoCode_Scripts"/>
  <testcase name="registerUser" time="3.23" classname="com.RingPayScripts.PromoCode_Scripts"/>
  <testcase name="locationRequire" time="3.165" classname="com.RingPayScripts.PromoCode_Scripts"/>
</testsuite> <!-- RingPay -->
