<?xml version="1.0" encoding="UTF-8"?>
<!-- Generated by org.testng.reporters.JUnitXMLReporter -->
<testsuite hostname="DESKTOP-077G3EM" ignored="0" name="RingPay" tests="4" failures="1" timestamp="2022-12-20T22:57:32 IST" time="11.304" errors="0">
  <testcase name="userDetailsAPI" time="7.167" classname="com.RingPayScripts.RingPolicy_LTBC1_Scripts"/>
  <testcase name="onloadAndroidVersionCheckAPI" time="1.404" classname="com.RingPayScripts.RingPolicy_LTBC1_Scripts"/>
  <testcase name="getVPADetails" time="1.651" classname="com.RingPayScripts.RingPolicy_LTBC1_Scripts"/>
  <testcase name="sendOtp_Positive" time="0.946" classname="com.RingPayScripts.RingPolicy_LTBC1_Scripts">
    <failure type="java.lang.NullPointerException">
      <![CDATA[java.lang.NullPointerException
at com.utility.Validation.assertFalse(Validation.java:362)
at com.business.RingPay_MerchantQRCode_Journey.RegisterUser_OTPSend.validMobileNo_Positive(RegisterUser_OTPSend.java:44)
at com.RingPayScripts.RingPolicy_LTBC1_Scripts.sendOtp_Positive(RingPolicy_LTBC1_Scripts.java:87)
at java.util.ArrayList.forEach(ArrayList.java:1257)
... Removed 27 stack frames]]>
    </failure>
  </testcase> <!-- sendOtp_Positive -->
</testsuite> <!-- RingPay -->
