<?xml version="1.0" encoding="UTF-8"?>
<testng-results skipped="0" failed="12" ignored="0" total="12" passed="0">
  <reporter-output>
  </reporter-output>
  <suite name="Demo" duration-ms="424473" started-at="2023-01-30T16:56:02 IST" finished-at="2023-01-30T17:03:06 IST">
    <groups>
    </groups>
    <test name="Demo1" duration-ms="424473" started-at="2023-01-30T16:56:02 IST" finished-at="2023-01-30T17:03:06 IST">
      <class name="com.RingPayScripts.RingPolicy_L1_Scripts">
        <test-method status="FAIL" signature="RingPolicy_L1_TestCase()[pri:0, instance:com.RingPayScripts.RingPolicy_L1_Scripts@2fba3fc4]" name="RingPolicy_L1_TestCase" duration-ms="134457" started-at="2023-01-30T16:58:16 IST" finished-at="2023-01-30T17:00:30 IST">
          <exception class="java.lang.NullPointerException">
            <full-stacktrace>
              <![CDATA[java.lang.NullPointerException
at java.io.StringReader.<init>(StringReader.java:50)
at org.json.JSONTokener.<init>(JSONTokener.java:94)
at org.json.JSONObject.<init>(JSONObject.java:399)
at com.business.RingPay_RingPolicy.RegularOffer_L1.RegularOffer_L1_DataBase(RegularOffer_L1.java:100)
at com.RingPayScripts.RingPolicy_L1_Scripts.RingPolicy_L1_TestCase(RingPolicy_L1_Scripts.java:359)
at sun.reflect.NativeMethodAccessorImpl.invoke0(Native Method)
at sun.reflect.NativeMethodAccessorImpl.invoke(NativeMethodAccessorImpl.java:62)
at sun.reflect.DelegatingMethodAccessorImpl.invoke(DelegatingMethodAccessorImpl.java:43)
at java.lang.reflect.Method.invoke(Method.java:498)
at org.testng.internal.MethodInvocationHelper.invokeMethod(MethodInvocationHelper.java:134)
at org.testng.internal.TestInvoker.invokeMethod(TestInvoker.java:597)
at org.testng.internal.TestInvoker.invokeTestMethod(TestInvoker.java:173)
at org.testng.internal.MethodRunner.runInSequence(MethodRunner.java:46)
at org.testng.internal.TestInvoker$MethodInvocationAgent.invoke(TestInvoker.java:816)
at org.testng.internal.TestInvoker.invokeTestMethods(TestInvoker.java:146)
at org.testng.internal.TestMethodWorker.invokeTestMethods(TestMethodWorker.java:146)
at org.testng.internal.TestMethodWorker.run(TestMethodWorker.java:128)
at java.util.concurrent.ThreadPoolExecutor.runWorker(ThreadPoolExecutor.java:1149)
at java.util.concurrent.ThreadPoolExecutor$Worker.run(ThreadPoolExecutor.java:624)
at java.lang.Thread.run(Thread.java:748)
]]>
            </full-stacktrace>
          </exception> <!-- java.lang.NullPointerException -->
          <reporter-output>
          </reporter-output>
        </test-method> <!-- RingPolicy_L1_TestCase -->
      </class> <!-- com.RingPayScripts.RingPolicy_L1_Scripts -->
      <class name="com.RingPayScripts.RingPolicy_BC1_Scripts">
        <test-method status="FAIL" signature="RingPolicy_BC1()[pri:0, instance:com.RingPayScripts.RingPolicy_BC1_Scripts@5d43661b]" name="RingPolicy_BC1" duration-ms="136885" started-at="2023-01-30T16:56:07 IST" finished-at="2023-01-30T16:58:24 IST">
          <exception class="java.lang.NullPointerException">
            <full-stacktrace>
              <![CDATA[java.lang.NullPointerException
at java.io.StringReader.<init>(StringReader.java:50)
at org.json.JSONTokener.<init>(JSONTokener.java:94)
at org.json.JSONObject.<init>(JSONObject.java:399)
at com.business.RingPay_RingPolicy.RegularOffer_BC1.RegularOffer_BC1_DataBase(RegularOffer_BC1.java:100)
at com.RingPayScripts.RingPolicy_BC1_Scripts.RingPolicy_BC1(RingPolicy_BC1_Scripts.java:341)
at sun.reflect.NativeMethodAccessorImpl.invoke0(Native Method)
at sun.reflect.NativeMethodAccessorImpl.invoke(NativeMethodAccessorImpl.java:62)
at sun.reflect.DelegatingMethodAccessorImpl.invoke(DelegatingMethodAccessorImpl.java:43)
at java.lang.reflect.Method.invoke(Method.java:498)
at org.testng.internal.MethodInvocationHelper.invokeMethod(MethodInvocationHelper.java:134)
at org.testng.internal.TestInvoker.invokeMethod(TestInvoker.java:597)
at org.testng.internal.TestInvoker.invokeTestMethod(TestInvoker.java:173)
at org.testng.internal.MethodRunner.runInSequence(MethodRunner.java:46)
at org.testng.internal.TestInvoker$MethodInvocationAgent.invoke(TestInvoker.java:816)
at org.testng.internal.TestInvoker.invokeTestMethods(TestInvoker.java:146)
at org.testng.internal.TestMethodWorker.invokeTestMethods(TestMethodWorker.java:146)
at org.testng.internal.TestMethodWorker.run(TestMethodWorker.java:128)
at java.util.concurrent.ThreadPoolExecutor.runWorker(ThreadPoolExecutor.java:1149)
at java.util.concurrent.ThreadPoolExecutor$Worker.run(ThreadPoolExecutor.java:624)
at java.lang.Thread.run(Thread.java:748)
]]>
            </full-stacktrace>
          </exception> <!-- java.lang.NullPointerException -->
          <reporter-output>
          </reporter-output>
        </test-method> <!-- RingPolicy_BC1 -->
      </class> <!-- com.RingPayScripts.RingPolicy_BC1_Scripts -->
      <class name="com.RingPayScripts.MerchantQRCode_and_PromoCode_Scripts_Segment1">
        <test-method status="FAIL" signature="MerChantQRCodeJourney_Segment1()[pri:0, instance:com.RingPayScripts.MerchantQRCode_and_PromoCode_Scripts_Segment1@1c39680d]" name="MerChantQRCodeJourney_Segment1" duration-ms="139329" started-at="2023-01-30T16:58:25 IST" finished-at="2023-01-30T17:00:44 IST">
          <exception class="java.lang.NullPointerException">
            <full-stacktrace>
              <![CDATA[java.lang.NullPointerException
at com.utility.Validation.assertFalse(Validation.java:391)
at com.business.RingPay_MerchantQRCode_Journey_Segment1.PinDetailScreen_Get_Pin_Details.getPinDetails_Positive(PinDetailScreen_Get_Pin_Details.java:36)
at com.RingPayScripts.MerchantQRCode_and_PromoCode_Scripts_Segment1.MerChantQRCodeJourney_Segment1(MerchantQRCode_and_PromoCode_Scripts_Segment1.java:352)
at sun.reflect.NativeMethodAccessorImpl.invoke0(Native Method)
at sun.reflect.NativeMethodAccessorImpl.invoke(NativeMethodAccessorImpl.java:62)
at sun.reflect.DelegatingMethodAccessorImpl.invoke(DelegatingMethodAccessorImpl.java:43)
at java.lang.reflect.Method.invoke(Method.java:498)
at org.testng.internal.MethodInvocationHelper.invokeMethod(MethodInvocationHelper.java:134)
at org.testng.internal.TestInvoker.invokeMethod(TestInvoker.java:597)
at org.testng.internal.TestInvoker.invokeTestMethod(TestInvoker.java:173)
at org.testng.internal.MethodRunner.runInSequence(MethodRunner.java:46)
at org.testng.internal.TestInvoker$MethodInvocationAgent.invoke(TestInvoker.java:816)
at org.testng.internal.TestInvoker.invokeTestMethods(TestInvoker.java:146)
at org.testng.internal.TestMethodWorker.invokeTestMethods(TestMethodWorker.java:146)
at org.testng.internal.TestMethodWorker.run(TestMethodWorker.java:128)
at java.util.concurrent.ThreadPoolExecutor.runWorker(ThreadPoolExecutor.java:1149)
at java.util.concurrent.ThreadPoolExecutor$Worker.run(ThreadPoolExecutor.java:624)
at java.lang.Thread.run(Thread.java:748)
]]>
            </full-stacktrace>
          </exception> <!-- java.lang.NullPointerException -->
          <reporter-output>
          </reporter-output>
        </test-method> <!-- MerChantQRCodeJourney_Segment1 -->
        <test-method status="FAIL" signature="PromoCode_Journey_Segment1()[pri:1, instance:com.RingPayScripts.MerchantQRCode_and_PromoCode_Scripts_Segment1@1c39680d]" name="PromoCode_Journey_Segment1" duration-ms="142346" started-at="2023-01-30T17:00:44 IST" finished-at="2023-01-30T17:03:06 IST">
          <exception class="java.lang.NullPointerException">
            <full-stacktrace>
              <![CDATA[java.lang.NullPointerException
at com.utility.Validation.assertFalse(Validation.java:391)
at com.business.RingPay_PromoCode_Journey_Segment1.PinDetailScreen_Get_Pin_Details.getPinDetails_Positive(PinDetailScreen_Get_Pin_Details.java:36)
at com.RingPayScripts.MerchantQRCode_and_PromoCode_Scripts_Segment1.PromoCode_Journey_Segment1(MerchantQRCode_and_PromoCode_Scripts_Segment1.java:767)
at sun.reflect.NativeMethodAccessorImpl.invoke0(Native Method)
at sun.reflect.NativeMethodAccessorImpl.invoke(NativeMethodAccessorImpl.java:62)
at sun.reflect.DelegatingMethodAccessorImpl.invoke(DelegatingMethodAccessorImpl.java:43)
at java.lang.reflect.Method.invoke(Method.java:498)
at org.testng.internal.MethodInvocationHelper.invokeMethod(MethodInvocationHelper.java:134)
at org.testng.internal.TestInvoker.invokeMethod(TestInvoker.java:597)
at org.testng.internal.TestInvoker.invokeTestMethod(TestInvoker.java:173)
at org.testng.internal.MethodRunner.runInSequence(MethodRunner.java:46)
at org.testng.internal.TestInvoker$MethodInvocationAgent.invoke(TestInvoker.java:816)
at org.testng.internal.TestInvoker.invokeTestMethods(TestInvoker.java:146)
at org.testng.internal.TestMethodWorker.invokeTestMethods(TestMethodWorker.java:146)
at org.testng.internal.TestMethodWorker.run(TestMethodWorker.java:128)
at java.util.concurrent.ThreadPoolExecutor.runWorker(ThreadPoolExecutor.java:1149)
at java.util.concurrent.ThreadPoolExecutor$Worker.run(ThreadPoolExecutor.java:624)
at java.lang.Thread.run(Thread.java:748)
]]>
            </full-stacktrace>
          </exception> <!-- java.lang.NullPointerException -->
          <reporter-output>
          </reporter-output>
        </test-method> <!-- PromoCode_Journey_Segment1 -->
      </class> <!-- com.RingPayScripts.MerchantQRCode_and_PromoCode_Scripts_Segment1 -->
      <class name="com.RingPayScripts.RingPolicy_L2_Scripts">
        <test-method status="FAIL" signature="RingPolicy_L2_TestCase()[pri:0, instance:com.RingPayScripts.RingPolicy_L2_Scripts@4bf48f6]" name="RingPolicy_L2_TestCase" duration-ms="135426" started-at="2023-01-30T16:58:17 IST" finished-at="2023-01-30T17:00:32 IST">
          <exception class="java.lang.NullPointerException">
            <full-stacktrace>
              <![CDATA[java.lang.NullPointerException
at java.io.StringReader.<init>(StringReader.java:50)
at org.json.JSONTokener.<init>(JSONTokener.java:94)
at org.json.JSONObject.<init>(JSONObject.java:399)
at com.business.RingPay_RingPolicy.RegularOffer_L2.RegularOffer_L2_DataBase(RegularOffer_L2.java:100)
at com.RingPayScripts.RingPolicy_L2_Scripts.RingPolicy_L2_TestCase(RingPolicy_L2_Scripts.java:359)
at sun.reflect.NativeMethodAccessorImpl.invoke0(Native Method)
at sun.reflect.NativeMethodAccessorImpl.invoke(NativeMethodAccessorImpl.java:62)
at sun.reflect.DelegatingMethodAccessorImpl.invoke(DelegatingMethodAccessorImpl.java:43)
at java.lang.reflect.Method.invoke(Method.java:498)
at org.testng.internal.MethodInvocationHelper.invokeMethod(MethodInvocationHelper.java:134)
at org.testng.internal.TestInvoker.invokeMethod(TestInvoker.java:597)
at org.testng.internal.TestInvoker.invokeTestMethod(TestInvoker.java:173)
at org.testng.internal.MethodRunner.runInSequence(MethodRunner.java:46)
at org.testng.internal.TestInvoker$MethodInvocationAgent.invoke(TestInvoker.java:816)
at org.testng.internal.TestInvoker.invokeTestMethods(TestInvoker.java:146)
at org.testng.internal.TestMethodWorker.invokeTestMethods(TestMethodWorker.java:146)
at org.testng.internal.TestMethodWorker.run(TestMethodWorker.java:128)
at java.util.concurrent.ThreadPoolExecutor.runWorker(ThreadPoolExecutor.java:1149)
at java.util.concurrent.ThreadPoolExecutor$Worker.run(ThreadPoolExecutor.java:624)
at java.lang.Thread.run(Thread.java:748)
]]>
            </full-stacktrace>
          </exception> <!-- java.lang.NullPointerException -->
          <reporter-output>
          </reporter-output>
        </test-method> <!-- RingPolicy_L2_TestCase -->
      </class> <!-- com.RingPayScripts.RingPolicy_L2_Scripts -->
      <class name="com.RingPayScripts.MerchantQRCode_Scripts">
        <test-method status="FAIL" signature="MerChantQRCode_Journey()[pri:0, instance:com.RingPayScripts.MerchantQRCode_Scripts@11d8ae8b]" name="MerChantQRCode_Journey" duration-ms="134880" started-at="2023-01-30T16:56:02 IST" finished-at="2023-01-30T16:58:17 IST">
          <exception class="java.lang.NullPointerException">
            <full-stacktrace>
              <![CDATA[java.lang.NullPointerException
at com.utility.Validation.assertFalse(Validation.java:391)
at com.business.RingPay_MerchantQRCode_Journey.PinDetailScreen_Get_Pin_Details.getPinDetails_Positive(PinDetailScreen_Get_Pin_Details.java:36)
at com.RingPayScripts.MerchantQRCode_Scripts.MerChantQRCode_Journey(MerchantQRCode_Scripts.java:348)
at sun.reflect.NativeMethodAccessorImpl.invoke0(Native Method)
at sun.reflect.NativeMethodAccessorImpl.invoke(NativeMethodAccessorImpl.java:62)
at sun.reflect.DelegatingMethodAccessorImpl.invoke(DelegatingMethodAccessorImpl.java:43)
at java.lang.reflect.Method.invoke(Method.java:498)
at org.testng.internal.MethodInvocationHelper.invokeMethod(MethodInvocationHelper.java:134)
at org.testng.internal.TestInvoker.invokeMethod(TestInvoker.java:597)
at org.testng.internal.TestInvoker.invokeTestMethod(TestInvoker.java:173)
at org.testng.internal.MethodRunner.runInSequence(MethodRunner.java:46)
at org.testng.internal.TestInvoker$MethodInvocationAgent.invoke(TestInvoker.java:816)
at org.testng.internal.TestInvoker.invokeTestMethods(TestInvoker.java:146)
at org.testng.internal.TestMethodWorker.invokeTestMethods(TestMethodWorker.java:146)
at org.testng.internal.TestMethodWorker.run(TestMethodWorker.java:128)
at java.util.concurrent.ThreadPoolExecutor.runWorker(ThreadPoolExecutor.java:1149)
at java.util.concurrent.ThreadPoolExecutor$Worker.run(ThreadPoolExecutor.java:624)
at java.lang.Thread.run(Thread.java:748)
]]>
            </full-stacktrace>
          </exception> <!-- java.lang.NullPointerException -->
          <reporter-output>
          </reporter-output>
        </test-method> <!-- MerChantQRCode_Journey -->
      </class> <!-- com.RingPayScripts.MerchantQRCode_Scripts -->
      <class name="com.RingPayScripts.PromoCode_Scripts">
        <test-method status="FAIL" signature="PromoCode_Journey()[pri:0, instance:com.RingPayScripts.PromoCode_Scripts@479cbee5]" name="PromoCode_Journey" duration-ms="133808" started-at="2023-01-30T16:56:02 IST" finished-at="2023-01-30T16:58:16 IST">
          <exception class="java.lang.NullPointerException">
            <full-stacktrace>
              <![CDATA[java.lang.NullPointerException
at com.utility.Validation.assertFalse(Validation.java:391)
at com.business.RingPay_PromoCode_Journey.PinDetailScreen_Get_Pin_Details.getPinDetails_Positive(PinDetailScreen_Get_Pin_Details.java:36)
at com.RingPayScripts.PromoCode_Scripts.PromoCode_Journey(PromoCode_Scripts.java:340)
at sun.reflect.NativeMethodAccessorImpl.invoke0(Native Method)
at sun.reflect.NativeMethodAccessorImpl.invoke(NativeMethodAccessorImpl.java:62)
at sun.reflect.DelegatingMethodAccessorImpl.invoke(DelegatingMethodAccessorImpl.java:43)
at java.lang.reflect.Method.invoke(Method.java:498)
at org.testng.internal.MethodInvocationHelper.invokeMethod(MethodInvocationHelper.java:134)
at org.testng.internal.TestInvoker.invokeMethod(TestInvoker.java:597)
at org.testng.internal.TestInvoker.invokeTestMethod(TestInvoker.java:173)
at org.testng.internal.MethodRunner.runInSequence(MethodRunner.java:46)
at org.testng.internal.TestInvoker$MethodInvocationAgent.invoke(TestInvoker.java:816)
at org.testng.internal.TestInvoker.invokeTestMethods(TestInvoker.java:146)
at org.testng.internal.TestMethodWorker.invokeTestMethods(TestMethodWorker.java:146)
at org.testng.internal.TestMethodWorker.run(TestMethodWorker.java:128)
at java.util.concurrent.ThreadPoolExecutor.runWorker(ThreadPoolExecutor.java:1149)
at java.util.concurrent.ThreadPoolExecutor$Worker.run(ThreadPoolExecutor.java:624)
at java.lang.Thread.run(Thread.java:748)
]]>
            </full-stacktrace>
          </exception> <!-- java.lang.NullPointerException -->
          <reporter-output>
          </reporter-output>
        </test-method> <!-- PromoCode_Journey -->
      </class> <!-- com.RingPayScripts.PromoCode_Scripts -->
      <class name="com.RingPayScripts.RingPolicy_LTBC1_Scripts">
        <test-method status="FAIL" signature="RingPolicy_LTBC1()[pri:0, instance:com.RingPayScripts.RingPolicy_LTBC1_Scripts@7f8a9499]" name="RingPolicy_LTBC1" duration-ms="142639" started-at="2023-01-30T16:56:02 IST" finished-at="2023-01-30T16:58:25 IST">
          <exception class="java.lang.NullPointerException">
            <full-stacktrace>
              <![CDATA[java.lang.NullPointerException
at java.io.StringReader.<init>(StringReader.java:50)
at org.json.JSONTokener.<init>(JSONTokener.java:94)
at org.json.JSONObject.<init>(JSONObject.java:399)
at com.business.RingPay_RingPolicy.RegularOffer_LTBC1.RegularOffer_LTBC1_DataBase(RegularOffer_LTBC1.java:108)
at com.RingPayScripts.RingPolicy_LTBC1_Scripts.RingPolicy_LTBC1(RingPolicy_LTBC1_Scripts.java:324)
at sun.reflect.NativeMethodAccessorImpl.invoke0(Native Method)
at sun.reflect.NativeMethodAccessorImpl.invoke(NativeMethodAccessorImpl.java:62)
at sun.reflect.DelegatingMethodAccessorImpl.invoke(DelegatingMethodAccessorImpl.java:43)
at java.lang.reflect.Method.invoke(Method.java:498)
at org.testng.internal.MethodInvocationHelper.invokeMethod(MethodInvocationHelper.java:134)
at org.testng.internal.TestInvoker.invokeMethod(TestInvoker.java:597)
at org.testng.internal.TestInvoker.invokeTestMethod(TestInvoker.java:173)
at org.testng.internal.MethodRunner.runInSequence(MethodRunner.java:46)
at org.testng.internal.TestInvoker$MethodInvocationAgent.invoke(TestInvoker.java:816)
at org.testng.internal.TestInvoker.invokeTestMethods(TestInvoker.java:146)
at org.testng.internal.TestMethodWorker.invokeTestMethods(TestMethodWorker.java:146)
at org.testng.internal.TestMethodWorker.run(TestMethodWorker.java:128)
at java.util.concurrent.ThreadPoolExecutor.runWorker(ThreadPoolExecutor.java:1149)
at java.util.concurrent.ThreadPoolExecutor$Worker.run(ThreadPoolExecutor.java:624)
at java.lang.Thread.run(Thread.java:748)
]]>
            </full-stacktrace>
          </exception> <!-- java.lang.NullPointerException -->
          <reporter-output>
          </reporter-output>
        </test-method> <!-- RingPolicy_LTBC1 -->
      </class> <!-- com.RingPayScripts.RingPolicy_LTBC1_Scripts -->
      <class name="com.RingPayScripts.PlayStore_Segment1_Scripts">
        <test-method status="FAIL" signature="PlayStore_Journey_Segment1()[pri:0, instance:com.RingPayScripts.PlayStore_Segment1_Scripts@2b72cb8a]" name="PlayStore_Journey_Segment1" duration-ms="4909" started-at="2023-01-30T16:56:02 IST" finished-at="2023-01-30T16:56:07 IST">
          <exception class="java.lang.NullPointerException">
            <full-stacktrace>
              <![CDATA[java.lang.NullPointerException
at com.business.RingPay_PlayStore_Journey_Segment1.DeleteQuery.delete(DeleteQuery.java:30)
at com.RingPayScripts.PlayStore_Segment1_Scripts.PlayStore_Journey_Segment1(PlayStore_Segment1_Scripts.java:65)
at sun.reflect.NativeMethodAccessorImpl.invoke0(Native Method)
at sun.reflect.NativeMethodAccessorImpl.invoke(NativeMethodAccessorImpl.java:62)
at sun.reflect.DelegatingMethodAccessorImpl.invoke(DelegatingMethodAccessorImpl.java:43)
at java.lang.reflect.Method.invoke(Method.java:498)
at org.testng.internal.MethodInvocationHelper.invokeMethod(MethodInvocationHelper.java:134)
at org.testng.internal.TestInvoker.invokeMethod(TestInvoker.java:597)
at org.testng.internal.TestInvoker.invokeTestMethod(TestInvoker.java:173)
at org.testng.internal.MethodRunner.runInSequence(MethodRunner.java:46)
at org.testng.internal.TestInvoker$MethodInvocationAgent.invoke(TestInvoker.java:816)
at org.testng.internal.TestInvoker.invokeTestMethods(TestInvoker.java:146)
at org.testng.internal.TestMethodWorker.invokeTestMethods(TestMethodWorker.java:146)
at org.testng.internal.TestMethodWorker.run(TestMethodWorker.java:128)
at java.util.concurrent.ThreadPoolExecutor.runWorker(ThreadPoolExecutor.java:1149)
at java.util.concurrent.ThreadPoolExecutor$Worker.run(ThreadPoolExecutor.java:624)
at java.lang.Thread.run(Thread.java:748)
]]>
            </full-stacktrace>
          </exception> <!-- java.lang.NullPointerException -->
          <reporter-output>
          </reporter-output>
        </test-method> <!-- PlayStore_Journey_Segment1 -->
      </class> <!-- com.RingPayScripts.PlayStore_Segment1_Scripts -->
      <class name="com.RingPayScripts.PlayStore_Scripts">
        <test-method status="FAIL" signature="PlayStore_Journey()[pri:0, instance:com.RingPayScripts.PlayStore_Scripts@59e2d8e3]" name="PlayStore_Journey" duration-ms="132164" started-at="2023-01-30T16:56:02 IST" finished-at="2023-01-30T16:58:14 IST">
          <exception class="java.lang.NullPointerException">
            <full-stacktrace>
              <![CDATA[java.lang.NullPointerException
at com.utility.Validation.assertFalse(Validation.java:391)
at com.business.RingPay_PlayStore_Journey.PinDetailScreen_Get_Pin_Details.getPinDetails_Positive(PinDetailScreen_Get_Pin_Details.java:36)
at com.RingPayScripts.PlayStore_Scripts.PlayStore_Journey(PlayStore_Scripts.java:323)
at sun.reflect.NativeMethodAccessorImpl.invoke0(Native Method)
at sun.reflect.NativeMethodAccessorImpl.invoke(NativeMethodAccessorImpl.java:62)
at sun.reflect.DelegatingMethodAccessorImpl.invoke(DelegatingMethodAccessorImpl.java:43)
at java.lang.reflect.Method.invoke(Method.java:498)
at org.testng.internal.MethodInvocationHelper.invokeMethod(MethodInvocationHelper.java:134)
at org.testng.internal.TestInvoker.invokeMethod(TestInvoker.java:597)
at org.testng.internal.TestInvoker.invokeTestMethod(TestInvoker.java:173)
at org.testng.internal.MethodRunner.runInSequence(MethodRunner.java:46)
at org.testng.internal.TestInvoker$MethodInvocationAgent.invoke(TestInvoker.java:816)
at org.testng.internal.TestInvoker.invokeTestMethods(TestInvoker.java:146)
at org.testng.internal.TestMethodWorker.invokeTestMethods(TestMethodWorker.java:146)
at org.testng.internal.TestMethodWorker.run(TestMethodWorker.java:128)
at java.util.concurrent.ThreadPoolExecutor.runWorker(ThreadPoolExecutor.java:1149)
at java.util.concurrent.ThreadPoolExecutor$Worker.run(ThreadPoolExecutor.java:624)
at java.lang.Thread.run(Thread.java:748)
]]>
            </full-stacktrace>
          </exception> <!-- java.lang.NullPointerException -->
          <reporter-output>
          </reporter-output>
        </test-method> <!-- PlayStore_Journey -->
      </class> <!-- com.RingPayScripts.PlayStore_Scripts -->
      <class name="com.RingPayScripts.RingPolicy_BC2_Scripts">
        <test-method status="FAIL" signature="RingPolicy_BC2()[pri:0, instance:com.RingPayScripts.RingPolicy_BC2_Scripts@12299890]" name="RingPolicy_BC2" duration-ms="136025" started-at="2023-01-30T16:58:14 IST" finished-at="2023-01-30T17:00:30 IST">
          <exception class="java.lang.NullPointerException">
            <full-stacktrace>
              <![CDATA[java.lang.NullPointerException
at java.io.StringReader.<init>(StringReader.java:50)
at org.json.JSONTokener.<init>(JSONTokener.java:94)
at org.json.JSONObject.<init>(JSONObject.java:399)
at com.business.RingPay_RingPolicy.RegularOffer_BC2.RegularOffer_BC2_DataBase(RegularOffer_BC2.java:100)
at com.RingPayScripts.RingPolicy_BC2_Scripts.RingPolicy_BC2(RingPolicy_BC2_Scripts.java:326)
at sun.reflect.NativeMethodAccessorImpl.invoke0(Native Method)
at sun.reflect.NativeMethodAccessorImpl.invoke(NativeMethodAccessorImpl.java:62)
at sun.reflect.DelegatingMethodAccessorImpl.invoke(DelegatingMethodAccessorImpl.java:43)
at java.lang.reflect.Method.invoke(Method.java:498)
at org.testng.internal.MethodInvocationHelper.invokeMethod(MethodInvocationHelper.java:134)
at org.testng.internal.TestInvoker.invokeMethod(TestInvoker.java:597)
at org.testng.internal.TestInvoker.invokeTestMethod(TestInvoker.java:173)
at org.testng.internal.MethodRunner.runInSequence(MethodRunner.java:46)
at org.testng.internal.TestInvoker$MethodInvocationAgent.invoke(TestInvoker.java:816)
at org.testng.internal.TestInvoker.invokeTestMethods(TestInvoker.java:146)
at org.testng.internal.TestMethodWorker.invokeTestMethods(TestMethodWorker.java:146)
at org.testng.internal.TestMethodWorker.run(TestMethodWorker.java:128)
at java.util.concurrent.ThreadPoolExecutor.runWorker(ThreadPoolExecutor.java:1149)
at java.util.concurrent.ThreadPoolExecutor$Worker.run(ThreadPoolExecutor.java:624)
at java.lang.Thread.run(Thread.java:748)
]]>
            </full-stacktrace>
          </exception> <!-- java.lang.NullPointerException -->
          <reporter-output>
          </reporter-output>
        </test-method> <!-- RingPolicy_BC2 -->
      </class> <!-- com.RingPayScripts.RingPolicy_BC2_Scripts -->
      <class name="com.RingPayScripts.RingPolicy_L3_Scripts">
        <test-method status="FAIL" signature="Ringpolicy_L3()[pri:0, instance:com.RingPayScripts.RingPolicy_L3_Scripts@420a85c4]" name="Ringpolicy_L3" duration-ms="21077" started-at="2023-01-30T16:58:24 IST" finished-at="2023-01-30T16:58:45 IST">
          <exception class="java.lang.NullPointerException">
            <full-stacktrace>
              <![CDATA[java.lang.NullPointerException
at com.business.RingPay_RingPolicy_L3.RegisterUser_Login.login_Positive(RegisterUser_Login.java:46)
at com.RingPayScripts.RingPolicy_L3_Scripts.Ringpolicy_L3(RingPolicy_L3_Scripts.java:128)
at sun.reflect.NativeMethodAccessorImpl.invoke0(Native Method)
at sun.reflect.NativeMethodAccessorImpl.invoke(NativeMethodAccessorImpl.java:62)
at sun.reflect.DelegatingMethodAccessorImpl.invoke(DelegatingMethodAccessorImpl.java:43)
at java.lang.reflect.Method.invoke(Method.java:498)
at org.testng.internal.MethodInvocationHelper.invokeMethod(MethodInvocationHelper.java:134)
at org.testng.internal.TestInvoker.invokeMethod(TestInvoker.java:597)
at org.testng.internal.TestInvoker.invokeTestMethod(TestInvoker.java:173)
at org.testng.internal.MethodRunner.runInSequence(MethodRunner.java:46)
at org.testng.internal.TestInvoker$MethodInvocationAgent.invoke(TestInvoker.java:816)
at org.testng.internal.TestInvoker.invokeTestMethods(TestInvoker.java:146)
at org.testng.internal.TestMethodWorker.invokeTestMethods(TestMethodWorker.java:146)
at org.testng.internal.TestMethodWorker.run(TestMethodWorker.java:128)
at java.util.concurrent.ThreadPoolExecutor.runWorker(ThreadPoolExecutor.java:1149)
at java.util.concurrent.ThreadPoolExecutor$Worker.run(ThreadPoolExecutor.java:624)
at java.lang.Thread.run(Thread.java:748)
]]>
            </full-stacktrace>
          </exception> <!-- java.lang.NullPointerException -->
          <reporter-output>
          </reporter-output>
        </test-method> <!-- Ringpolicy_L3 -->
      </class> <!-- com.RingPayScripts.RingPolicy_L3_Scripts -->
    </test> <!-- Demo1 -->
  </suite> <!-- Demo -->
</testng-results>
