<?xml version="1.0" encoding="UTF-8"?>
<testng-results skipped="0" failed="7" ignored="0" total="12" passed="5">
  <reporter-output>
  </reporter-output>
  <suite name="Demo" duration-ms="685346" started-at="2023-01-30T20:18:13 IST" finished-at="2023-01-30T20:29:38 IST">
    <groups>
    </groups>
    <test name="Demo1" duration-ms="685346" started-at="2023-01-30T20:18:13 IST" finished-at="2023-01-30T20:29:38 IST">
      <class name="com.RingPayScripts.RingPolicy_L1_Scripts">
        <test-method status="PASS" signature="RingPolicy_L1_TestCase()[pri:0, instance:com.RingPayScripts.RingPolicy_L1_Scripts@2fba3fc4]" name="RingPolicy_L1_TestCase" duration-ms="172506" started-at="2023-01-30T20:21:41 IST" finished-at="2023-01-30T20:24:34 IST">
          <reporter-output>
          </reporter-output>
        </test-method> <!-- RingPolicy_L1_TestCase -->
      </class> <!-- com.RingPayScripts.RingPolicy_L1_Scripts -->
      <class name="com.RingPayScripts.RingPolicy_BC1_Scripts">
        <test-method status="PASS" signature="RingPolicy_BC1()[pri:0, instance:com.RingPayScripts.RingPolicy_BC1_Scripts@5d43661b]" name="RingPolicy_BC1" duration-ms="171436" started-at="2023-01-30T20:21:09 IST" finished-at="2023-01-30T20:24:01 IST">
          <reporter-output>
          </reporter-output>
        </test-method> <!-- RingPolicy_BC1 -->
      </class> <!-- com.RingPayScripts.RingPolicy_BC1_Scripts -->
      <class name="com.RingPayScripts.MerchantQRCode_and_PromoCode_Scripts_Segment1">
        <test-method status="FAIL" signature="MerChantQRCodeJourney_Segment1()[pri:0, instance:com.RingPayScripts.MerchantQRCode_and_PromoCode_Scripts_Segment1@1c39680d]" name="MerChantQRCodeJourney_Segment1" duration-ms="222126" started-at="2023-01-30T20:22:11 IST" finished-at="2023-01-30T20:25:53 IST">
          <exception class="io.restassured.path.json.exception.JsonPathException">
            <message>
              <![CDATA[Failed to parse the JSON document]]>
            </message>
            <full-stacktrace>
              <![CDATA[io.restassured.path.json.exception.JsonPathException: Failed to parse the JSON document
at io.restassured.path.json.JsonPath$ExceptionCatcher.invoke(JsonPath.java:1002)
at io.restassured.path.json.JsonPath$4.doParseWith(JsonPath.java:967)
at io.restassured.path.json.JsonPath$JsonParser.parseWith(JsonPath.java:1047)
at io.restassured.path.json.JsonPath.get(JsonPath.java:202)
at com.business.RingPay_MerchantQRCode_Journey_Segment1.Bnpl_Txn_Transaction_Complete.transactionComplete(Bnpl_Txn_Transaction_Complete.java:35)
at com.RingPayScripts.MerchantQRCode_and_PromoCode_Scripts_Segment1.MerChantQRCodeJourney_Segment1(MerchantQRCode_and_PromoCode_Scripts_Segment1.java:453)
at sun.reflect.NativeMethodAccessorImpl.invoke0(Native Method)
at sun.reflect.NativeMethodAccessorImpl.invoke(NativeMethodAccessorImpl.java:62)
at sun.reflect.DelegatingMethodAccessorImpl.invoke(DelegatingMethodAccessorImpl.java:43)
at java.lang.reflect.Method.invoke(Method.java:498)
at org.testng.internal.MethodInvocationHelper.invokeMethod(MethodInvocationHelper.java:134)
at org.testng.internal.TestInvoker.invokeMethod(TestInvoker.java:597)
at org.testng.internal.TestInvoker.invokeTestMethod(TestInvoker.java:173)
at org.testng.internal.MethodRunner.runInSequence(MethodRunner.java:46)
at org.testng.internal.TestInvoker$MethodInvocationAgent.invoke(TestInvoker.java:816)
at org.testng.internal.TestInvoker.invokeTestMethods(TestInvoker.java:146)
at org.testng.internal.TestMethodWorker.invokeTestMethods(TestMethodWorker.java:146)
at org.testng.internal.TestMethodWorker.run(TestMethodWorker.java:128)
at java.util.concurrent.ThreadPoolExecutor.runWorker(ThreadPoolExecutor.java:1149)
at java.util.concurrent.ThreadPoolExecutor$Worker.run(ThreadPoolExecutor.java:624)
at java.lang.Thread.run(Thread.java:748)
Caused by: groovy.json.JsonException: Lexing failed on line: 1, column: 1, while reading '<', no possible valid JSON value or punctuation could be recognized.
at groovy.json.JsonLexer.nextToken(JsonLexer.java:86)
at groovy.json.JsonLexer$nextToken$0.call(Unknown Source)
at io.restassured.internal.path.json.ConfigurableJsonSlurper.parse(ConfigurableJsonSlurper.groovy:97)
at io.restassured.internal.path.json.ConfigurableJsonSlurper$parse$0.callCurrent(Unknown Source)
at io.restassured.internal.path.json.ConfigurableJsonSlurper.parseText(ConfigurableJsonSlurper.groovy:83)
at io.restassured.path.json.JsonPath$4$1.method(JsonPath.java:965)
at io.restassured.path.json.JsonPath$ExceptionCatcher.invoke(JsonPath.java:1000)
... 20 more
]]>
            </full-stacktrace>
          </exception> <!-- io.restassured.path.json.exception.JsonPathException -->
          <reporter-output>
          </reporter-output>
        </test-method> <!-- MerChantQRCodeJourney_Segment1 -->
        <test-method status="FAIL" signature="PromoCode_Journey_Segment1()[pri:1, instance:com.RingPayScripts.MerchantQRCode_and_PromoCode_Scripts_Segment1@1c39680d]" name="PromoCode_Journey_Segment1" duration-ms="224562" started-at="2023-01-30T20:25:53 IST" finished-at="2023-01-30T20:29:38 IST">
          <exception class="io.restassured.path.json.exception.JsonPathException">
            <message>
              <![CDATA[Failed to parse the JSON document]]>
            </message>
            <full-stacktrace>
              <![CDATA[io.restassured.path.json.exception.JsonPathException: Failed to parse the JSON document
at io.restassured.path.json.JsonPath$ExceptionCatcher.invoke(JsonPath.java:1002)
at io.restassured.path.json.JsonPath$4.doParseWith(JsonPath.java:967)
at io.restassured.path.json.JsonPath$JsonParser.parseWith(JsonPath.java:1047)
at io.restassured.path.json.JsonPath.get(JsonPath.java:202)
at com.business.RingPay_PromoCode_Journey_Segment1.Bnpl_Txn_Transaction_Complete.transactionComplete(Bnpl_Txn_Transaction_Complete.java:35)
at com.RingPayScripts.MerchantQRCode_and_PromoCode_Scripts_Segment1.PromoCode_Journey_Segment1(MerchantQRCode_and_PromoCode_Scripts_Segment1.java:868)
at sun.reflect.NativeMethodAccessorImpl.invoke0(Native Method)
at sun.reflect.NativeMethodAccessorImpl.invoke(NativeMethodAccessorImpl.java:62)
at sun.reflect.DelegatingMethodAccessorImpl.invoke(DelegatingMethodAccessorImpl.java:43)
at java.lang.reflect.Method.invoke(Method.java:498)
at org.testng.internal.MethodInvocationHelper.invokeMethod(MethodInvocationHelper.java:134)
at org.testng.internal.TestInvoker.invokeMethod(TestInvoker.java:597)
at org.testng.internal.TestInvoker.invokeTestMethod(TestInvoker.java:173)
at org.testng.internal.MethodRunner.runInSequence(MethodRunner.java:46)
at org.testng.internal.TestInvoker$MethodInvocationAgent.invoke(TestInvoker.java:816)
at org.testng.internal.TestInvoker.invokeTestMethods(TestInvoker.java:146)
at org.testng.internal.TestMethodWorker.invokeTestMethods(TestMethodWorker.java:146)
at org.testng.internal.TestMethodWorker.run(TestMethodWorker.java:128)
at java.util.concurrent.ThreadPoolExecutor.runWorker(ThreadPoolExecutor.java:1149)
at java.util.concurrent.ThreadPoolExecutor$Worker.run(ThreadPoolExecutor.java:624)
at java.lang.Thread.run(Thread.java:748)
Caused by: groovy.json.JsonException: Lexing failed on line: 1, column: 1, while reading '<', no possible valid JSON value or punctuation could be recognized.
at groovy.json.JsonLexer.nextToken(JsonLexer.java:86)
at groovy.json.JsonLexer$nextToken$0.call(Unknown Source)
at io.restassured.internal.path.json.ConfigurableJsonSlurper.parse(ConfigurableJsonSlurper.groovy:97)
at io.restassured.internal.path.json.ConfigurableJsonSlurper$parse$0.callCurrent(Unknown Source)
at io.restassured.internal.path.json.ConfigurableJsonSlurper.parseText(ConfigurableJsonSlurper.groovy:83)
at io.restassured.path.json.JsonPath$4$1.method(JsonPath.java:965)
at io.restassured.path.json.JsonPath$ExceptionCatcher.invoke(JsonPath.java:1000)
... 20 more
]]>
            </full-stacktrace>
          </exception> <!-- io.restassured.path.json.exception.JsonPathException -->
          <reporter-output>
          </reporter-output>
        </test-method> <!-- PromoCode_Journey_Segment1 -->
      </class> <!-- com.RingPayScripts.MerchantQRCode_and_PromoCode_Scripts_Segment1 -->
      <class name="com.RingPayScripts.RingPolicy_L2_Scripts">
        <test-method status="PASS" signature="RingPolicy_L2_TestCase()[pri:0, instance:com.RingPayScripts.RingPolicy_L2_Scripts@4bf48f6]" name="RingPolicy_L2_TestCase" duration-ms="170918" started-at="2023-01-30T20:21:45 IST" finished-at="2023-01-30T20:24:36 IST">
          <reporter-output>
          </reporter-output>
        </test-method> <!-- RingPolicy_L2_TestCase -->
      </class> <!-- com.RingPayScripts.RingPolicy_L2_Scripts -->
      <class name="com.RingPayScripts.MerchantQRCode_Scripts">
        <test-method status="FAIL" signature="MerChantQRCode_Journey()[pri:0, instance:com.RingPayScripts.MerchantQRCode_Scripts@11d8ae8b]" name="MerChantQRCode_Journey" duration-ms="216536" started-at="2023-01-30T20:18:13 IST" finished-at="2023-01-30T20:21:49 IST">
          <exception class="io.restassured.path.json.exception.JsonPathException">
            <message>
              <![CDATA[Failed to parse the JSON document]]>
            </message>
            <full-stacktrace>
              <![CDATA[io.restassured.path.json.exception.JsonPathException: Failed to parse the JSON document
at io.restassured.path.json.JsonPath$ExceptionCatcher.invoke(JsonPath.java:1002)
at io.restassured.path.json.JsonPath$4.doParseWith(JsonPath.java:967)
at io.restassured.path.json.JsonPath$JsonParser.parseWith(JsonPath.java:1047)
at io.restassured.path.json.JsonPath.get(JsonPath.java:202)
at com.business.RingPay_MerchantQRCode_Journey.Bnpl_Txn_Transaction_Complete.transactionComplete(Bnpl_Txn_Transaction_Complete.java:34)
at com.RingPayScripts.MerchantQRCode_Scripts.MerChantQRCode_Journey(MerchantQRCode_Scripts.java:462)
at sun.reflect.NativeMethodAccessorImpl.invoke0(Native Method)
at sun.reflect.NativeMethodAccessorImpl.invoke(NativeMethodAccessorImpl.java:62)
at sun.reflect.DelegatingMethodAccessorImpl.invoke(DelegatingMethodAccessorImpl.java:43)
at java.lang.reflect.Method.invoke(Method.java:498)
at org.testng.internal.MethodInvocationHelper.invokeMethod(MethodInvocationHelper.java:134)
at org.testng.internal.TestInvoker.invokeMethod(TestInvoker.java:597)
at org.testng.internal.TestInvoker.invokeTestMethod(TestInvoker.java:173)
at org.testng.internal.MethodRunner.runInSequence(MethodRunner.java:46)
at org.testng.internal.TestInvoker$MethodInvocationAgent.invoke(TestInvoker.java:816)
at org.testng.internal.TestInvoker.invokeTestMethods(TestInvoker.java:146)
at org.testng.internal.TestMethodWorker.invokeTestMethods(TestMethodWorker.java:146)
at org.testng.internal.TestMethodWorker.run(TestMethodWorker.java:128)
at java.util.concurrent.ThreadPoolExecutor.runWorker(ThreadPoolExecutor.java:1149)
at java.util.concurrent.ThreadPoolExecutor$Worker.run(ThreadPoolExecutor.java:624)
at java.lang.Thread.run(Thread.java:748)
Caused by: groovy.json.JsonException: Lexing failed on line: 1, column: 1, while reading '<', no possible valid JSON value or punctuation could be recognized.
at groovy.json.JsonLexer.nextToken(JsonLexer.java:86)
at groovy.json.JsonLexer$nextToken$0.call(Unknown Source)
at io.restassured.internal.path.json.ConfigurableJsonSlurper.parse(ConfigurableJsonSlurper.groovy:97)
at io.restassured.internal.path.json.ConfigurableJsonSlurper$parse$0.callCurrent(Unknown Source)
at io.restassured.internal.path.json.ConfigurableJsonSlurper.parseText(ConfigurableJsonSlurper.groovy:83)
at io.restassured.path.json.JsonPath$4$1.method(JsonPath.java:965)
at io.restassured.path.json.JsonPath$ExceptionCatcher.invoke(JsonPath.java:1000)
... 20 more
]]>
            </full-stacktrace>
          </exception> <!-- io.restassured.path.json.exception.JsonPathException -->
          <reporter-output>
          </reporter-output>
        </test-method> <!-- MerChantQRCode_Journey -->
      </class> <!-- com.RingPayScripts.MerchantQRCode_Scripts -->
      <class name="com.RingPayScripts.PromoCode_Scripts">
        <test-method status="FAIL" signature="PromoCode_Journey()[pri:0, instance:com.RingPayScripts.PromoCode_Scripts@479cbee5]" name="PromoCode_Journey" duration-ms="212669" started-at="2023-01-30T20:18:13 IST" finished-at="2023-01-30T20:21:45 IST">
          <exception class="io.restassured.path.json.exception.JsonPathException">
            <message>
              <![CDATA[Failed to parse the JSON document]]>
            </message>
            <full-stacktrace>
              <![CDATA[io.restassured.path.json.exception.JsonPathException: Failed to parse the JSON document
at io.restassured.path.json.JsonPath$ExceptionCatcher.invoke(JsonPath.java:1002)
at io.restassured.path.json.JsonPath$4.doParseWith(JsonPath.java:967)
at io.restassured.path.json.JsonPath$JsonParser.parseWith(JsonPath.java:1047)
at io.restassured.path.json.JsonPath.get(JsonPath.java:202)
at com.business.RingPay_PromoCode_Journey.Bnpl_Txn_Transaction_Complete.transactionComplete(Bnpl_Txn_Transaction_Complete.java:35)
at com.RingPayScripts.PromoCode_Scripts.PromoCode_Journey(PromoCode_Scripts.java:454)
at sun.reflect.NativeMethodAccessorImpl.invoke0(Native Method)
at sun.reflect.NativeMethodAccessorImpl.invoke(NativeMethodAccessorImpl.java:62)
at sun.reflect.DelegatingMethodAccessorImpl.invoke(DelegatingMethodAccessorImpl.java:43)
at java.lang.reflect.Method.invoke(Method.java:498)
at org.testng.internal.MethodInvocationHelper.invokeMethod(MethodInvocationHelper.java:134)
at org.testng.internal.TestInvoker.invokeMethod(TestInvoker.java:597)
at org.testng.internal.TestInvoker.invokeTestMethod(TestInvoker.java:173)
at org.testng.internal.MethodRunner.runInSequence(MethodRunner.java:46)
at org.testng.internal.TestInvoker$MethodInvocationAgent.invoke(TestInvoker.java:816)
at org.testng.internal.TestInvoker.invokeTestMethods(TestInvoker.java:146)
at org.testng.internal.TestMethodWorker.invokeTestMethods(TestMethodWorker.java:146)
at org.testng.internal.TestMethodWorker.run(TestMethodWorker.java:128)
at java.util.concurrent.ThreadPoolExecutor.runWorker(ThreadPoolExecutor.java:1149)
at java.util.concurrent.ThreadPoolExecutor$Worker.run(ThreadPoolExecutor.java:624)
at java.lang.Thread.run(Thread.java:748)
Caused by: groovy.json.JsonException: Lexing failed on line: 1, column: 1, while reading '<', no possible valid JSON value or punctuation could be recognized.
at groovy.json.JsonLexer.nextToken(JsonLexer.java:86)
at groovy.json.JsonLexer$nextToken$0.call(Unknown Source)
at io.restassured.internal.path.json.ConfigurableJsonSlurper.parse(ConfigurableJsonSlurper.groovy:97)
at io.restassured.internal.path.json.ConfigurableJsonSlurper$parse$0.callCurrent(Unknown Source)
at io.restassured.internal.path.json.ConfigurableJsonSlurper.parseText(ConfigurableJsonSlurper.groovy:83)
at io.restassured.path.json.JsonPath$4$1.method(JsonPath.java:965)
at io.restassured.path.json.JsonPath$ExceptionCatcher.invoke(JsonPath.java:1000)
... 20 more
]]>
            </full-stacktrace>
          </exception> <!-- io.restassured.path.json.exception.JsonPathException -->
          <reporter-output>
          </reporter-output>
        </test-method> <!-- PromoCode_Journey -->
      </class> <!-- com.RingPayScripts.PromoCode_Scripts -->
      <class name="com.RingPayScripts.RingPolicy_LTBC1_Scripts">
        <test-method status="PASS" signature="RingPolicy_LTBC1()[pri:0, instance:com.RingPayScripts.RingPolicy_LTBC1_Scripts@7f8a9499]" name="RingPolicy_LTBC1" duration-ms="176309" started-at="2023-01-30T20:18:13 IST" finished-at="2023-01-30T20:21:09 IST">
          <reporter-output>
          </reporter-output>
        </test-method> <!-- RingPolicy_LTBC1 -->
      </class> <!-- com.RingPayScripts.RingPolicy_LTBC1_Scripts -->
      <class name="com.RingPayScripts.PlayStore_Segment1_Scripts">
        <test-method status="FAIL" signature="PlayStore_Journey_Segment1()[pri:0, instance:com.RingPayScripts.PlayStore_Segment1_Scripts@2b72cb8a]" name="PlayStore_Journey_Segment1" duration-ms="208652" started-at="2023-01-30T20:18:13 IST" finished-at="2023-01-30T20:21:41 IST">
          <exception class="io.restassured.path.json.exception.JsonPathException">
            <message>
              <![CDATA[Failed to parse the JSON document]]>
            </message>
            <full-stacktrace>
              <![CDATA[io.restassured.path.json.exception.JsonPathException: Failed to parse the JSON document
at io.restassured.path.json.JsonPath$ExceptionCatcher.invoke(JsonPath.java:1002)
at io.restassured.path.json.JsonPath$4.doParseWith(JsonPath.java:967)
at io.restassured.path.json.JsonPath$JsonParser.parseWith(JsonPath.java:1047)
at io.restassured.path.json.JsonPath.get(JsonPath.java:202)
at com.business.RingPay_PlayStore_Journey_Segment1.Bnpl_Txn_Transaction_Complete.transactionComplete(Bnpl_Txn_Transaction_Complete.java:35)
at com.RingPayScripts.PlayStore_Segment1_Scripts.PlayStore_Journey_Segment1(PlayStore_Segment1_Scripts.java:418)
at sun.reflect.NativeMethodAccessorImpl.invoke0(Native Method)
at sun.reflect.NativeMethodAccessorImpl.invoke(NativeMethodAccessorImpl.java:62)
at sun.reflect.DelegatingMethodAccessorImpl.invoke(DelegatingMethodAccessorImpl.java:43)
at java.lang.reflect.Method.invoke(Method.java:498)
at org.testng.internal.MethodInvocationHelper.invokeMethod(MethodInvocationHelper.java:134)
at org.testng.internal.TestInvoker.invokeMethod(TestInvoker.java:597)
at org.testng.internal.TestInvoker.invokeTestMethod(TestInvoker.java:173)
at org.testng.internal.MethodRunner.runInSequence(MethodRunner.java:46)
at org.testng.internal.TestInvoker$MethodInvocationAgent.invoke(TestInvoker.java:816)
at org.testng.internal.TestInvoker.invokeTestMethods(TestInvoker.java:146)
at org.testng.internal.TestMethodWorker.invokeTestMethods(TestMethodWorker.java:146)
at org.testng.internal.TestMethodWorker.run(TestMethodWorker.java:128)
at java.util.concurrent.ThreadPoolExecutor.runWorker(ThreadPoolExecutor.java:1149)
at java.util.concurrent.ThreadPoolExecutor$Worker.run(ThreadPoolExecutor.java:624)
at java.lang.Thread.run(Thread.java:748)
Caused by: groovy.json.JsonException: Lexing failed on line: 1, column: 1, while reading '<', no possible valid JSON value or punctuation could be recognized.
at groovy.json.JsonLexer.nextToken(JsonLexer.java:86)
at groovy.json.JsonLexer$nextToken$0.call(Unknown Source)
at io.restassured.internal.path.json.ConfigurableJsonSlurper.parse(ConfigurableJsonSlurper.groovy:97)
at io.restassured.internal.path.json.ConfigurableJsonSlurper$parse$0.callCurrent(Unknown Source)
at io.restassured.internal.path.json.ConfigurableJsonSlurper.parseText(ConfigurableJsonSlurper.groovy:83)
at io.restassured.path.json.JsonPath$4$1.method(JsonPath.java:965)
at io.restassured.path.json.JsonPath$ExceptionCatcher.invoke(JsonPath.java:1000)
... 20 more
]]>
            </full-stacktrace>
          </exception> <!-- io.restassured.path.json.exception.JsonPathException -->
          <reporter-output>
          </reporter-output>
        </test-method> <!-- PlayStore_Journey_Segment1 -->
      </class> <!-- com.RingPayScripts.PlayStore_Segment1_Scripts -->
      <class name="com.RingPayScripts.PlayStore_Scripts">
        <test-method status="FAIL" signature="PlayStore_Journey()[pri:0, instance:com.RingPayScripts.PlayStore_Scripts@59e2d8e3]" name="PlayStore_Journey" duration-ms="182837" started-at="2023-01-30T20:18:13 IST" finished-at="2023-01-30T20:21:16 IST">
          <exception class="io.restassured.path.json.exception.JsonPathException">
            <message>
              <![CDATA[Failed to parse the JSON document]]>
            </message>
            <full-stacktrace>
              <![CDATA[io.restassured.path.json.exception.JsonPathException: Failed to parse the JSON document
at io.restassured.path.json.JsonPath$ExceptionCatcher.invoke(JsonPath.java:1002)
at io.restassured.path.json.JsonPath$4.doParseWith(JsonPath.java:967)
at io.restassured.path.json.JsonPath$JsonParser.parseWith(JsonPath.java:1047)
at io.restassured.path.json.JsonPath.get(JsonPath.java:202)
at com.business.RingPay_PlayStore_Journey.Bnpl_Txn_Transaction_Complete.transactionComplete(Bnpl_Txn_Transaction_Complete.java:35)
at com.RingPayScripts.PlayStore_Scripts.PlayStore_Journey(PlayStore_Scripts.java:427)
at sun.reflect.NativeMethodAccessorImpl.invoke0(Native Method)
at sun.reflect.NativeMethodAccessorImpl.invoke(NativeMethodAccessorImpl.java:62)
at sun.reflect.DelegatingMethodAccessorImpl.invoke(DelegatingMethodAccessorImpl.java:43)
at java.lang.reflect.Method.invoke(Method.java:498)
at org.testng.internal.MethodInvocationHelper.invokeMethod(MethodInvocationHelper.java:134)
at org.testng.internal.TestInvoker.invokeMethod(TestInvoker.java:597)
at org.testng.internal.TestInvoker.invokeTestMethod(TestInvoker.java:173)
at org.testng.internal.MethodRunner.runInSequence(MethodRunner.java:46)
at org.testng.internal.TestInvoker$MethodInvocationAgent.invoke(TestInvoker.java:816)
at org.testng.internal.TestInvoker.invokeTestMethods(TestInvoker.java:146)
at org.testng.internal.TestMethodWorker.invokeTestMethods(TestMethodWorker.java:146)
at org.testng.internal.TestMethodWorker.run(TestMethodWorker.java:128)
at java.util.concurrent.ThreadPoolExecutor.runWorker(ThreadPoolExecutor.java:1149)
at java.util.concurrent.ThreadPoolExecutor$Worker.run(ThreadPoolExecutor.java:624)
at java.lang.Thread.run(Thread.java:748)
Caused by: groovy.json.JsonException: Lexing failed on line: 1, column: 1, while reading '<', no possible valid JSON value or punctuation could be recognized.
at groovy.json.JsonLexer.nextToken(JsonLexer.java:86)
at groovy.json.JsonLexer$nextToken$0.call(Unknown Source)
at io.restassured.internal.path.json.ConfigurableJsonSlurper.parse(ConfigurableJsonSlurper.groovy:97)
at io.restassured.internal.path.json.ConfigurableJsonSlurper$parse$0.callCurrent(Unknown Source)
at io.restassured.internal.path.json.ConfigurableJsonSlurper.parseText(ConfigurableJsonSlurper.groovy:83)
at io.restassured.path.json.JsonPath$4$1.method(JsonPath.java:965)
at io.restassured.path.json.JsonPath$ExceptionCatcher.invoke(JsonPath.java:1000)
... 20 more
]]>
            </full-stacktrace>
          </exception> <!-- io.restassured.path.json.exception.JsonPathException -->
          <reporter-output>
          </reporter-output>
        </test-method> <!-- PlayStore_Journey -->
      </class> <!-- com.RingPayScripts.PlayStore_Scripts -->
      <class name="com.RingPayScripts.RingPolicy_BC2_Scripts">
        <test-method status="PASS" signature="RingPolicy_BC2()[pri:0, instance:com.RingPayScripts.RingPolicy_BC2_Scripts@12299890]" name="RingPolicy_BC2" duration-ms="169852" started-at="2023-01-30T20:21:16 IST" finished-at="2023-01-30T20:24:05 IST">
          <reporter-output>
          </reporter-output>
        </test-method> <!-- RingPolicy_BC2 -->
      </class> <!-- com.RingPayScripts.RingPolicy_BC2_Scripts -->
      <class name="com.RingPayScripts.RingPolicy_L3_Scripts">
        <test-method status="FAIL" signature="Ringpolicy_L3()[pri:0, instance:com.RingPayScripts.RingPolicy_L3_Scripts@420a85c4]" name="Ringpolicy_L3" duration-ms="21970" started-at="2023-01-30T20:21:49 IST" finished-at="2023-01-30T20:22:11 IST">
          <exception class="java.lang.NullPointerException">
            <full-stacktrace>
              <![CDATA[java.lang.NullPointerException
at com.business.RingPay_RingPolicy_L3.RegisterUser_Login.login_Positive(RegisterUser_Login.java:46)
at com.RingPayScripts.RingPolicy_L3_Scripts.Ringpolicy_L3(RingPolicy_L3_Scripts.java:128)
at sun.reflect.NativeMethodAccessorImpl.invoke0(Native Method)
at sun.reflect.NativeMethodAccessorImpl.invoke(NativeMethodAccessorImpl.java:62)
at sun.reflect.DelegatingMethodAccessorImpl.invoke(DelegatingMethodAccessorImpl.java:43)
at java.lang.reflect.Method.invoke(Method.java:498)
at org.testng.internal.MethodInvocationHelper.invokeMethod(MethodInvocationHelper.java:134)
at org.testng.internal.TestInvoker.invokeMethod(TestInvoker.java:597)
at org.testng.internal.TestInvoker.invokeTestMethod(TestInvoker.java:173)
at org.testng.internal.MethodRunner.runInSequence(MethodRunner.java:46)
at org.testng.internal.TestInvoker$MethodInvocationAgent.invoke(TestInvoker.java:816)
at org.testng.internal.TestInvoker.invokeTestMethods(TestInvoker.java:146)
at org.testng.internal.TestMethodWorker.invokeTestMethods(TestMethodWorker.java:146)
at org.testng.internal.TestMethodWorker.run(TestMethodWorker.java:128)
at java.util.concurrent.ThreadPoolExecutor.runWorker(ThreadPoolExecutor.java:1149)
at java.util.concurrent.ThreadPoolExecutor$Worker.run(ThreadPoolExecutor.java:624)
at java.lang.Thread.run(Thread.java:748)
]]>
            </full-stacktrace>
          </exception> <!-- java.lang.NullPointerException -->
          <reporter-output>
          </reporter-output>
        </test-method> <!-- Ringpolicy_L3 -->
      </class> <!-- com.RingPayScripts.RingPolicy_L3_Scripts -->
    </test> <!-- Demo1 -->
  </suite> <!-- Demo -->
</testng-results>
