<?xml version="1.0" encoding="UTF-8"?>
<!-- Generated by org.testng.reporters.JUnitXMLReporter -->
<testsuite hostname="DESKTOP-077G3EM" ignored="0" name="RingPay" tests="5" failures="0" timestamp="2022-12-06T12:04:20 IST" time="14.413" errors="0">
  <testcase name="userDetailsAPI" time="5.844" classname="com.RingPayScripts.MockUser_Scripts"/>
  <testcase name="onloadAndroidVersionCheckAPI" time="0.365" classname="com.RingPayScripts.MockUser_Scripts"/>
  <testcase name="getVPADetails" time="0.611" classname="com.RingPayScripts.MockUser_Scripts"/>
  <testcase name="sendOtp_Positive" time="1.677" classname="com.RingPayScripts.MockUser_Scripts"/>
  <testcase name="userToken" time="5.787" classname="com.RingPayScripts.MockUser_Scripts"/>
</testsuite> <!-- RingPay -->
