<?xml version="1.0" encoding="UTF-8"?>
<!-- Generated by org.testng.reporters.JUnitXMLReporter -->
<testsuite hostname="DESKTOP-077G3EM" ignored="0" name="RingPay" tests="1" failures="1" timestamp="2022-12-06T11:59:18 IST" time="0.833" errors="0">
  <testcase name="userDetailsAPI" time="0.681" classname="com.RingPayScripts.MockUser_Scripts">
    <failure type="java.lang.NullPointerException">
      <![CDATA[java.lang.NullPointerException
at com.business.RingPay_MerchantQRCode_Journey.RegisterUser_Mock_User.mock_User_Positive(RegisterUser_Mock_User.java:39)
at com.RingPayScripts.MockUser_Scripts.userDetailsAPI(MockUser_Scripts.java:49)
at java.util.ArrayList.forEach(ArrayList.java:1257)
... Removed 30 stack frames]]>
    </failure>
  </testcase> <!-- userDetailsAPI -->
</testsuite> <!-- RingPay -->
